[Licensing::Module] Trying to connect to existing licensing client channel...
Built from '6000.5/staging' branch; Version is '6000.5.3f1 (c2eb47b3a2a9) revision 12774215'; Using compiler version '194234433'; Build Type 'Release'
[Licensing::IpcConnector] Successfully connected to: "LicenseClient-IlyaKing" at "2026-07-12T20:39:34.4080793Z"
OS: 'Windows 11  (10.0.26200) Professional' Language: 'ru' Physical Memory: 14227 MB
BatchMode: 1, IsHumanControllingUs: 0, StartBugReporterOnCrash: 0, Is64bit: 1
System  architecture: x64
Process architecture: x64
Date: 2026-07-12T20:39:34Z

COMMAND LINE ARGUMENTS:
C:\Program Files\Unity\Hub\Editor\6000.5.3f1\Editor\Unity.exe
-adb2
-batchMode
-noUpm
-name
AssetImportWorkerHW4
-projectPath
C:/Users/IlyaKing/Desktop/MyTalkingMellstroy/My_Talking_Mellstroy
-logFile
Logs/AssetImportWorkerHW4.log
-srvPort
51911
-parentPid
20996
-analyticsCloudUserId
10171549892880
-analyticsCloudProjectId
31959c1e-8824-4b36-aa93-33b06d99f255
-analyticsLocalProjectId
3a23c01a6d41d244fb97a1da7f7e67fa
-licensingIpc
LicenseClient-IlyaKing
-noDiagnosticSwitchPersistentStore
-job-worker-count
5
-background-job-worker-count
8
-asset-garbage-collectors
1
-force-d3d12
-name
AssetImport
Successfully changed project path to: C:/Users/IlyaKing/Desktop/MyTalkingMellstroy/My_Talking_Mellstroy
C:/Users/IlyaKing/Desktop/MyTalkingMellstroy/My_Talking_Mellstroy
[UnityMemory] Configuration Parameters - Can be set up in boot.config
    "memorysetup-temp-allocator-size-gi-baking-worker=262144"
    "memorysetup-temp-allocator-size-gi-baking-worker=262144"
    "memorysetup-temp-allocator-size-gi-baking-worker=262144"
    "memorysetup-temp-allocator-size-gi-baking-worker=262144"
    "memorysetup-temp-allocator-size-gi-baking-worker=262144"
    "memorysetup-temp-allocator-size-nav-mesh-worker=65536"
    "memorysetup-temp-allocator-size-audio-worker=65536"
    "memorysetup-temp-allocator-size-cloud-worker=32768"
    "memorysetup-temp-allocator-size-gfx=262144"
    "memorysetup-temp-allocator-size-preload-manager=33554432"
    "memorysetup-allocator-temp-initial-block-size-main=262144"
    "memorysetup-allocator-temp-initial-block-size-worker=262144"
    "memorysetup-temp-allocator-size-job-worker=262144"
    "memorysetup-temp-allocator-size-background-worker=32768"
    "memorysetup-bucket-allocator-granularity=16"
    "memorysetup-bucket-allocator-bucket-count=8"
    "memorysetup-bucket-allocator-block-size=33554432"
    "memorysetup-bucket-allocator-block-count=8"
    "memorysetup-main-allocator-block-size=16777216"
    "memorysetup-thread-allocator-block-size=16777216"
    "memorysetup-main-allocator-mimalloc-enabled=0"
    "memorysetup-gfx-main-allocator-block-size=16777216"
    "memorysetup-gfx-thread-allocator-block-size=16777216"
    "memorysetup-cache-allocator-block-size=4194304"
    "memorysetup-typetree-allocator-block-size=2097152"
    "memorysetup-profiler-bucket-allocator-granularity=16"
    "memorysetup-profiler-bucket-allocator-bucket-count=8"
    "memorysetup-profiler-bucket-allocator-block-size=33554432"
    "memorysetup-profiler-bucket-allocator-block-count=8"
    "memorysetup-profiler-allocator-block-size=16777216"
    "memorysetup-profiler-editor-allocator-block-size=1048576"
    "memorysetup-temp-allocator-size-main=16777216"
    "memorysetup-job-temp-allocator-block-size=2097152"
    "memorysetup-job-temp-allocator-block-size-background=1048576"
    "memorysetup-job-temp-allocator-reduction-small-platforms=262144"
Player connection [15204]  Target information:

Player connection [15204]  * "[IP] 192.168.0.11 [Port] 0 [Flags] 2 [Guid] 3718524832 [EditorId] 3718524832 [Version] 1048832 [Id] WindowsEditor(7,DESKTOP-6BO2DIE) [Debug] 1 [PackageName] WindowsEditor [ProjectName] Editor" 

Player connection [15204]  * "[IP] 192.168.137.1 [Port] 0 [Flags] 2 [Guid] 3718524832 [EditorId] 3718524832 [Version] 1048832 [Id] WindowsEditor(7,DESKTOP-6BO2DIE) [Debug] 1 [PackageName] WindowsEditor [ProjectName] Editor" 

Player connection [15204] Host joined multi-casting on [225.0.0.222:54997]...
Player connection [15204] Host joined alternative multi-casting on [225.0.0.222:34997]...
JobSystem: Creating JobQueue using job-worker-count value 5
Input System module state changed to: Initialized.
[Physics::Module] Initialized fallback backend.
[Physics::Module] Id: 0xdecafbad
Library Redirect Path: Library/
[Physics::Module] Selected backend.
[Physics::Module] Name: PhysX
[Physics::Module] Id: 0xf2b8ea05
[Physics::Module] SDK Version: 4.1.2
[Physics::Module] Integration Version: 1.0.0
[Physics::Module] Threading Mode: Multi-Threaded
Active build profile path: `Assets/Settings/Build Profiles/Android™.asset`
Got setting from build profile YAML, name `m_BuildSubtarget`, value `0`
[Licensing::Module] Licensing is not yet initialized.
[Licensing::Client] Error: HandshakeResponse reported an error:
	ResponseCode: 505
	ResponseStatus: Unsupported protocol version '1.18.1'.
[Licensing::Module] Error: Failed to handshake to channel: "LicenseClient-IlyaKing"
[Licensing::IpcConnector] LicenseClient-IlyaKing channel disconnected successfully.
[Licensing::IpcConnector] Successfully connected to: "LicenseClient-IlyaKing-6000.5.3" at "2026-07-12T20:39:35.6171244Z"
[Licensing::Client] Code 10 while verifying Licensing Client signature (process Id: 23092, path: "C:/Program Files/Unity/Hub/Editor/6000.5.3f1/Editor/Data/Resources/Licensing/Client/Unity.Licensing.Client.exe")
[Licensing::Module] LicensingClient has failed validation; ignoring
[Licensing::Client] Handshaking with LicensingClient:
  Version:                 1.18.1+9fbee8e
  Session Id:              bbfc1723876d4b74a9f645114fc2a0b9
  Correlation Id:          a3e48f8373bcb304da2c74aa45b503b4
  External correlation Id: 5657983814013204031
  Machine Id:              fRmInWLrjOgrKjn1piGFsZlAubw=
[Licensing::Module] Successfully connected to LicensingClient on channel: "LicenseClient-IlyaKing-6000.5.3" (connect: 0.00s, validation: 0.00s, handshake: 0.01s)
[Licensing::IpcConnector] Successfully connected to: "LicenseClient-IlyaKing-6000.5.3-notifications" at "2026-07-12T20:39:35.6250835Z"
[Licensing::Module] Licensing Background thread has ended after 1.22s
[Licensing::Module] Licensing is initialized (took 0.98s).
[Licensing::Client] Successfully resolved entitlement details
[Licensing::Module] License group:
  Id: 10171549892880-UnityPersXXXX
  Product: Unity Personal
  Type: Assigned
  Expiration: Unlimited
Got setting from build profile YAML, name `m_BuildTarget`, value `13`
Got setting from build profile YAML, name `m_Subtarget`, value `0`
Refreshing native plugins compatible for Editor in 6.87 ms, found 5 plugins.
Initialize engine version: 6000.5.3f1 (c2eb47b3a2a9)
[Subsystems] Discovering subsystems at path C:/Program Files/Unity/Hub/Editor/6000.5.3f1/Editor/Data/Resources/UnitySubsystems
[Subsystems] Discovering subsystems at path C:/Users/IlyaKing/Desktop/MyTalkingMellstroy/My_Talking_Mellstroy/Assets
Forcing GfxDevice: Direct3D 12
GfxDevice: creating device client; kGfxThreadingModeNonThreaded
d3d12: failed to query info queue interface (0x80004002).
Direct3D:
    Version:         Direct3D 12 [level 12.1]
    Renderer:        NVIDIA GeForce GTX 1660 SUPER (ID=0x21c4)
    Vendor:          NVIDIA
    VRAM:            5966 MB
    App VRAM Budget: 5198 MB
    Driver:          32.0.16.1062
Got setting from build profile YAML, name `m_BuildSubtarget`, value `0`
Got setting from build profile YAML, name `m_BuildSubtarget`, value `0`
Got setting from build profile YAML, name `m_BuildSubtarget`, value `0`
Initialize mono
Mono path[0] = 'C:/Program Files/Unity/Hub/Editor/6000.5.3f1/Editor/Data/Managed'
Mono path[1] = 'C:/Program Files/Unity/Hub/Editor/6000.5.3f1/Editor/Data/BCLExtensions/runtime/netstandard2.1'
Mono path[2] = 'C:/Program Files/Unity/Hub/Editor/6000.5.3f1/Editor/Data/MonoBleedingEdge/lib/mono/unityjit-win32'
Mono config path = 'C:/Program Files/Unity/Hub/Editor/6000.5.3f1/Editor/Data/MonoBleedingEdge/etc'
Using monoOptions --debugger-agent=transport=dt_socket,embedding=1,server=y,suspend=n,address=127.0.0.1:56576
CodeReloadManager initialized
Got setting from build profile YAML, name `m_BuildSubtarget`, value `0`
Got setting from build profile YAML, name `m_BuildSubtarget`, value `0`
Begin MonoManager ReloadAssembly
Registering precompiled unity dll's ...
Register platform support module: C:/Program Files/Unity/Hub/Editor/6000.5.3f1/Editor/Data/PlaybackEngines/WindowsStandaloneSupport/UnityEditor.WindowsStandalone.Extensions.dll
Register platform support module: C:/Program Files/Unity/Hub/Editor/6000.5.3f1/Editor/Data/PlaybackEngines/AndroidPlayer/UnityEditor.Android.Extensions.dll
[Licensing::Client] Successfully resolved entitlement details
Register platform support module: C:/Program Files/Unity/Hub/Editor/6000.5.3f1/Editor/Data/PlaybackEngines/iOSSupport/UnityEditor.iOS.Extensions.dll
Registered in 0.005474 seconds.
Got setting from build profile YAML, name `m_BuildSubtarget`, value `0`
Got setting from build profile YAML, name `m_BuildSubtarget`, value `0`
Got setting from build profile YAML, name `m_BuildSubtarget`, value `0`
Got setting from build profile YAML, name `m_BuildSubtarget`, value `0`
[usbmuxd] Start listen thread
[usbmuxd] Listen thread started
Native extension for iOS target not found
Native extension for Android target not found
Native extension for WindowsStandalone target not found
Package Manager log level set to [2]
[Package Manager] Failed to launch server process. Reason: Unity was launched with the -noUpm command-line argument
[Package Manager] Unable to send message (not connected to server process).
[Package Manager] Cannot connect to Unity Package Manager local server
ScheduleIndexationOnStartup MainProcess:False IndexOnStartup:True
Mono: successfully reloaded assembly
- Finished resetting the current domain, in  0.491 seconds
Domain Reload Profiling: 1122ms
	BeginReloadAssembly (146ms)
	RebuildCommonClasses (6ms)
	RebuildNativeTypeToScriptingClass (20ms)
	initialDomainReloadingComplete (83ms)
	LoadAllAssembliesAndSetupDomain (374ms)
		LoadAssemblies (142ms)
		AnalyzeDomain (273ms)
			TypeCache.Refresh (271ms)
				TypeCache.ScanAssembly (254ms)
	FinalizeReload (492ms)
		SetupLoadedEditorAssemblies (0ms)
			InitializePlatformSupportModulesInManaged (15ms)
			BeforeProcessingInitializeOnLoad (105ms)
			ProcessInitializeOnLoadAttributes (113ms)
			ProcessInitializeOnLoadMethodAttributes (158ms)
Got setting from build profile YAML, name `m_BuildSubtarget`, value `0`
Got setting from build profile YAML, name `m_BuildSubtarget`, value `0`
Initializing Unity extensions:
[Licensing::Client] Successfully resolved entitlement details
Curl error 3: URL rejected: Malformed input to a URL function
Got setting from build profile YAML, name `m_BuildSubtarget`, value `0`
========================================================================
Worker process is ready to serve import requests
Import Worker Mode flag is 0x00
Got setting from build profile YAML, name `m_BuildSubtarget`, value `0`
Got setting from build profile YAML, name `m_BuildSubtarget`, value `0`
Got setting from build profile YAML, name `m_BuildSubtarget`, value `0`
Got setting from build profile YAML, name `m_BuildSubtarget`, value `0`
Got setting from build profile YAML, name `m_Development`, value `0`
Got setting from build profile YAML, name `m_BuildSubtarget`, value `0`
Got setting from build profile YAML, name `m_BuildSubtarget`, value `0`
Got setting from build profile YAML, name `m_BuildSubtarget`, value `0`
Begin MonoManager ReloadAssembly
Launched and connected shader compiler UnityShaderCompiler.exe after 0.03 seconds
Refreshing native plugins compatible for Editor in 3.17 ms, found 5 plugins.
Native extension for iOS target not found
Native extension for Android target not found
Native extension for WindowsStandalone target not found
[Package Manager] Failed to launch server process. Reason: Unity was launched with the -noUpm command-line argument
[Package Manager] Unable to send message (not connected to server process).
[Package Manager] Cannot connect to Unity Package Manager local server
Refreshing native plugins compatible for Editor in 3.33 ms, found 5 plugins.
[Package Manager] Failed to launch server process. Reason: Unity was launched with the -noUpm command-line argument
[Package Manager] Unable to send message (not connected to server process).
[Package Manager] Cannot connect to Unity Package Manager local server
ScheduleIndexationOnStartup MainProcess:False IndexOnStartup:True
Mono: successfully reloaded assembly
- Finished resetting the current domain, in  1.078 seconds
Domain Reload Profiling: 2596ms
	BeginReloadAssembly (572ms)
		DisableScriptedObjects (354ms)
		CreateAndSetChildDomain (36ms)
	RebuildCommonClasses (10ms)
	RebuildNativeTypeToScriptingClass (21ms)
	initialDomainReloadingComplete (82ms)
	LoadAllAssembliesAndSetupDomain (833ms)
		LoadAssemblies (466ms)
		AnalyzeDomain (344ms)
			TypeCache.Refresh (237ms)
				TypeCache.ScanAssembly (217ms)
			BuildScriptInfoCaches (95ms)
			ResolveRequiredComponents (9ms)
	FinalizeReload (1079ms)
		SetupLoadedEditorAssemblies (0ms)
			InitializePlatformSupportModulesInManaged (12ms)
			BeforeProcessingInitializeOnLoad (104ms)
			ProcessInitializeOnLoadAttributes (355ms)
			ProcessInitializeOnLoadMethodAttributes (352ms)
			AfterProcessingInitializeOnLoad (8ms)
		AwakeInstancesAfterBackupRestoration (19ms)
AcceleratorClientConnectionCallback - disconnected - :0
Refreshing native plugins compatible for Editor in 3.28 ms, found 5 plugins.
Unloading 22 Unused Serialized files (Serialized files now loaded: 0)
Curl error 3: URL rejected: Malformed input to a URL function
Unloading 7199 unused Assets / (6.5 MB). Loaded Objects now: 8109.
Memory consumption went from 349.4 MB to 342.9 MB.
Total: 13.625300 ms (FindLiveObjects: 0.979800 ms CreateObjectMapping: 2.643300 ms MarkObjects: 6.467600 ms  DeleteObjects: 3.531600 ms)

========================================================================
Received Import Request.
  Time of request: 2026-07-12T20:39:51.123652Z
  Time since last request: 132482.0481174000015 seconds.
  importAddress: GUID: bff6e1a07c60dd945947b07ef40fd9b9 - Path: Assets/Sprites/Toilet_button.png - Importer: PreviewImporter
Importing 'GUID: bff6e1a07c60dd945947b07ef40fd9b9 - Path: Assets/Sprites/Toilet_button.png - Importer: PreviewImporter' with importer (PreviewImporter)
Imported 'GUID: bff6e1a07c60dd945947b07ef40fd9b9' -> (Import Result ID: '1988b20558096f45205c76a15c22ad74') in 0.115 seconds [static and dynamic dependencies]. Details - ImportResultOutputID=75e3f6edf0473307efd6de1874d0c2a2 DependenciesID=6f457990eccdf4c0413efea3a9ac8022 StaticDependenciesID=70ca5ba9a9f0bfe3ff72b491022a97c5 
Number of updated asset objects reloaded before import = 0
Number of asset objects unloaded after import = 3
========================================================================
Received Import Request.
  Time of request: 2026-07-12T20:39:52.0948014Z
  Time since last request: 0.8370797 seconds.
  importAddress: GUID: bff6e1a07c60dd945947b07ef40fd9b9 - Path: Assets/Sprites/Toilet_button.png - Importer: ScriptedImporter/UnityEditor.QuickSearchModule:UnityEditor.Search:ASIAI0B
Importing 'GUID: bff6e1a07c60dd945947b07ef40fd9b9 - Path: Assets/Sprites/Toilet_button.png - Importer: ScriptedImporter/UnityEditor.QuickSearchModule:UnityEditor.Search:ASIAI0B' with importer (ScriptedImporter : UnityEditor.QuickSearchModule:UnityEditor.Search:ASIAI0B)
Imported 'GUID: bff6e1a07c60dd945947b07ef40fd9b9' -> (Import Result ID: '19e13d967edc929f225c9b9914246d79') in 0.142 seconds [static and dynamic dependencies]. Details - ImportResultOutputID=2de6d008ef4343f8a6260d1c6bad60c7 DependenciesID=07a357e9f463c55eadbb547efcee6499 StaticDependenciesID=c134ed82041603a919aa1ab25402389d 
Number of updated asset objects reloaded before import = 0
Number of asset objects unloaded after import = 3
========================================================================
Received Import Request.
  Time of request: 2026-07-12T20:40:08.7510038Z
  Time since last request: 16.5021537 seconds.
  importAddress: GUID: be7ae6801eb4c3f43b940706fec7b359 - Path: Assets/Sprites/shop_button.png - Importer: PreviewImporter
Importing 'GUID: be7ae6801eb4c3f43b940706fec7b359 - Path: Assets/Sprites/shop_button.png - Importer: PreviewImporter' with importer (PreviewImporter)
Imported 'GUID: be7ae6801eb4c3f43b940706fec7b359' -> (Import Result ID: '0c41cb1c61cbe7d8e27fbbe412227aee') in 0.059 seconds [static and dynamic dependencies]. Details - ImportResultOutputID=087ea7797e53850a25a009e4b1afdc36 DependenciesID=0c45d10a876ec9159531158276d703e3 StaticDependenciesID=01c011f4110c4cf6bc9d929592f70291 
Number of updated asset objects reloaded before import = 0
Number of asset objects unloaded after import = 3
========================================================================
Received Import Request.
  Time of request: 2026-07-12T20:40:09.7170314Z
  Time since last request: 0.8938336 seconds.
  importAddress: GUID: be7ae6801eb4c3f43b940706fec7b359 - Path: Assets/Sprites/shop_button.png - Importer: ScriptedImporter/UnityEditor.QuickSearchModule:UnityEditor.Search:ASIAI0B
Importing 'GUID: be7ae6801eb4c3f43b940706fec7b359 - Path: Assets/Sprites/shop_button.png - Importer: ScriptedImporter/UnityEditor.QuickSearchModule:UnityEditor.Search:ASIAI0B' with importer (ScriptedImporter : UnityEditor.QuickSearchModule:UnityEditor.Search:ASIAI0B)
Imported 'GUID: be7ae6801eb4c3f43b940706fec7b359' -> (Import Result ID: 'ed9a452c3e544c170822e8e1216cf503') in 0.014 seconds [static and dynamic dependencies]. Details - ImportResultOutputID=091a348e6076784c25756e55dd41417f DependenciesID=cd6d676e311930f007f47068c08859d8 StaticDependenciesID=50c85612a037323ebf5e38f94c842970 
Number of updated asset objects reloaded before import = 0
Number of asset objects unloaded after import = 3
========================================================================
Received Import Request.
  Time of request: 2026-07-12T20:40:29.6390107Z
  Time since last request: 19.8945157 seconds.
  importAddress: GUID: 5c70f05abaf3ecf4ea92438085c067a4 - Path: Assets/Sprites/Energy_button.png - Importer: PreviewImporter
Importing 'GUID: 5c70f05abaf3ecf4ea92438085c067a4 - Path: Assets/Sprites/Energy_button.png - Importer: PreviewImporter' with importer (PreviewImporter)
Imported 'GUID: 5c70f05abaf3ecf4ea92438085c067a4' -> (Import Result ID: '555062f3d0fc03ed16d0ea312a3fee7d') in 0.040 seconds [static and dynamic dependencies]. Details - ImportResultOutputID=3dc43a88b055e476af95c88ac6fd4d76 DependenciesID=f678f67b562deb851a53e6753f59bb7d StaticDependenciesID=d321a07764a96489ab4f1ee79ded698f 
Number of updated asset objects reloaded before import = 0
Number of asset objects unloaded after import = 3
========================================================================
Received Import Request.
  Time of request: 2026-07-12T20:40:30.6138335Z
  Time since last request: 0.920661 seconds.
  importAddress: GUID: 5c70f05abaf3ecf4ea92438085c067a4 - Path: Assets/Sprites/Energy_button.png - Importer: ScriptedImporter/UnityEditor.QuickSearchModule:UnityEditor.Search:ASIAI0B
Importing 'GUID: 5c70f05abaf3ecf4ea92438085c067a4 - Path: Assets/Sprites/Energy_button.png - Importer: ScriptedImporter/UnityEditor.QuickSearchModule:UnityEditor.Search:ASIAI0B' with importer (ScriptedImporter : UnityEditor.QuickSearchModule:UnityEditor.Search:ASIAI0B)
Imported 'GUID: 5c70f05abaf3ecf4ea92438085c067a4' -> (Import Result ID: '96f0639527bd4486f9b968643a80aaf2') in 0.012 seconds [static and dynamic dependencies]. Details - ImportResultOutputID=6bce6169176081412fa614e4259a8035 DependenciesID=3fdd514a85c693c1d5941646cec8d79d StaticDependenciesID=f3c6020de2d64e7d588f951ed1ed1194 
Number of updated asset objects reloaded before import = 0
Number of asset objects unloaded after import = 3
========================================================================
Received Import Request.
  Time of request: 2026-07-12T20:40:43.861326Z
  Time since last request: 13.2209025 seconds.
  importAddress: GUID: 9620fc3a0c157184ea5fcd6e020be84c - Path: Assets/Sprites/Wash_button.png - Importer: PreviewImporter
Importing 'GUID: 9620fc3a0c157184ea5fcd6e020be84c - Path: Assets/Sprites/Wash_button.png - Importer: PreviewImporter' with importer (PreviewImporter)
Imported 'GUID: 9620fc3a0c157184ea5fcd6e020be84c' -> (Import Result ID: '3ca9e2aeead84f26e6493e455194484f') in 0.059 seconds [static and dynamic dependencies]. Details - ImportResultOutputID=99c4cf3f8a7f8e69ab481f73a56342c7 DependenciesID=e9913f0bf03f2c8a60dbce700657341c StaticDependenciesID=1a1332c85e3b1476885b345725b5a0b8 
Number of updated asset objects reloaded before import = 0
Number of asset objects unloaded after import = 3
========================================================================
Received Import Request.
  Time of request: 2026-07-12T20:40:44.8323808Z
  Time since last request: 0.8976578 seconds.
  importAddress: GUID: 9620fc3a0c157184ea5fcd6e020be84c - Path: Assets/Sprites/Wash_button.png - Importer: ScriptedImporter/UnityEditor.QuickSearchModule:UnityEditor.Search:ASIAI0B
Importing 'GUID: 9620fc3a0c157184ea5fcd6e020be84c - Path: Assets/Sprites/Wash_button.png - Importer: ScriptedImporter/UnityEditor.QuickSearchModule:UnityEditor.Search:ASIAI0B' with importer (ScriptedImporter : UnityEditor.QuickSearchModule:UnityEditor.Search:ASIAI0B)
Imported 'GUID: 9620fc3a0c157184ea5fcd6e020be84c' -> (Import Result ID: 'd3cdbcb019cfc54d3bf962f6cc8068c2') in 0.012 seconds [static and dynamic dependencies]. Details - ImportResultOutputID=be951fdf8746fcba3098ad8342417f59 DependenciesID=d88d80041ad4209b5e548df7bda25029 StaticDependenciesID=509b7b0f5160f25a26a575a94240bbfd 
Number of updated asset objects reloaded before import = 0
Number of asset objects unloaded after import = 3
========================================================================
Received Prepare
AcceleratorClientConnectionCallback - disconnected - :0
Refreshing native plugins compatible for Editor in 3.72 ms, found 5 plugins.
Unloading 22 Unused Serialized files (Serialized files now loaded: 0)
Unloading 22 unused Assets / (2.6 MB). Loaded Objects now: 8125.
Memory consumption went from 344.0 MB to 341.4 MB.
Total: 10.167100 ms (FindLiveObjects: 0.529800 ms CreateObjectMapping: 1.030000 ms MarkObjects: 7.863700 ms  DeleteObjects: 0.742100 ms)

Prepare: number of updated asset objects reloaded= 0
EnvironmentDependencyValues requested are different than current active one (requested -> active):
  graphicsApiMask: 2099200 -> 2361344
========================================================================
Received Prepare
AcceleratorClientConnectionCallback - disconnected - :0
Refreshing native plugins compatible for Editor in 3.43 ms, found 5 plugins.
Unloading 22 Unused Serialized files (Serialized files now loaded: 0)
Unloading 23 unused Assets / (2.6 MB). Loaded Objects now: 8125.
Memory consumption went from 345.3 MB to 342.7 MB.
Total: 9.735000 ms (FindLiveObjects: 0.524800 ms CreateObjectMapping: 1.128300 ms MarkObjects: 7.443200 ms  DeleteObjects: 0.637000 ms)

Prepare: number of updated asset objects reloaded= 0
EnvironmentDependencyValues requested are different than current active one (requested -> active):
  graphicsApiMask: 2099200 -> 2361344
========================================================================
Received Prepare
AcceleratorClientConnectionCallback - disconnected - :0
Refreshing native plugins compatible for Editor in 7.20 ms, found 5 plugins.
Unloading 22 Unused Serialized files (Serialized files now loaded: 0)
Unloading 23 unused Assets / (2.6 MB). Loaded Objects now: 8125.
Memory consumption went from 346.7 MB to 344.1 MB.
Total: 10.996800 ms (FindLiveObjects: 0.631800 ms CreateObjectMapping: 1.196600 ms MarkObjects: 8.318100 ms  DeleteObjects: 0.847900 ms)

Prepare: number of updated asset objects reloaded= 0
EnvironmentDependencyValues requested are different than current active one (requested -> active):
  graphicsApiMask: 2099200 -> 2361344
========================================================================
Received Import Request.
  Time of request: 2026-07-12T20:49:14.5176677Z
  Time since last request: 509.65882529999999 seconds.
  importAddress: GUID: 8c9cfa26abfee488c85f1582747f6a02 - Path: Assets/Scenes/kipr.unity - Importer: ScriptedImporter/UnityEditor.QuickSearchModule:UnityEditor.Search:ASIAI0B
Importing 'GUID: 8c9cfa26abfee488c85f1582747f6a02 - Path: Assets/Scenes/kipr.unity - Importer: ScriptedImporter/UnityEditor.QuickSearchModule:UnityEditor.Search:ASIAI0B' with importer (ScriptedImporter : UnityEditor.QuickSearchModule:UnityEditor.Search:ASIAI0B)
Imported 'GUID: 8c9cfa26abfee488c85f1582747f6a02' -> (Import Result ID: 'a0ffb07aa264637cd580bf8edcafd1f4') in 0.082 seconds [static and dynamic dependencies]. Details - ImportResultOutputID=a04805e771728ee4cf65147bcbc3856d DependenciesID=4d64b600b53b99093614ade15c696d2f StaticDependenciesID=d195a0e9b811dc207aaa9f443db2382c 
Number of updated asset objects reloaded before import = 0
Number of asset objects unloaded after import = 1
========================================================================
Received Prepare
AcceleratorClientConnectionCallback - disconnected - :0
Refreshing native plugins compatible for Editor in 7.23 ms, found 5 plugins.
Unloading 22 Unused Serialized files (Serialized files now loaded: 0)
Unloading 23 unused Assets / (2.6 MB). Loaded Objects now: 8125.
Memory consumption went from 348.1 MB to 345.5 MB.
Total: 18.654800 ms (FindLiveObjects: 0.989900 ms CreateObjectMapping: 1.591900 ms MarkObjects: 14.888000 ms  DeleteObjects: 1.181700 ms)

Prepare: number of updated asset objects reloaded= 0
EnvironmentDependencyValues requested are different than current active one (requested -> active):
  graphicsApiMask: 2099200 -> 2361344
Editor requested this worker to shutdown with reason: Editor is closing down
AcceleratorClientConnectionCallback - disconnected - :0
AssetImportWorker is now disconnected from the server
Process exiting
Exiting without the bug reporter. Application will terminate with return code 0