[Licensing::Module] Trying to connect to existing licensing client channel...
Built from '6000.5/staging' branch; Version is '6000.5.3f1 (c2eb47b3a2a9) revision 12774215'; Using compiler version '194234433'; Build Type 'Release'
OS: 'Windows 11  (10.0.26200) Professional' Language: 'ru' Physical Memory: 14227 MB
BatchMode: 1, IsHumanControllingUs: 0, StartBugReporterOnCrash: 0, Is64bit: 1
System  architecture: x64
Process architecture: x64
Date: 2026-07-12T19:37:25Z
[Licensing::IpcConnector] Successfully connected to: "LicenseClient-IlyaKing" at "2026-07-12T19:37:25.2810055Z"

COMMAND LINE ARGUMENTS:
C:\Program Files\Unity\Hub\Editor\6000.5.3f1\Editor\Unity.exe
-adb2
-batchMode
-noUpm
-name
AssetImportWorkerHW3
-projectPath
C:/Users/IlyaKing/Desktop/MyTalkingMellstroy/My_Talking_Mellstroy
-logFile
Logs/AssetImportWorkerHW3.log
-srvPort
51911
-parentPid
20996
-analyticsCloudUserId
10171549892880
-analyticsCloudProjectId
31959c1e-8824-4b36-aa93-33b06d99f255
-analyticsLocalProjectId
3a23c01a6d41d244fb97a1da7f7e67fa
-licensingIpc
LicenseClient-IlyaKing
-noDiagnosticSwitchPersistentStore
-job-worker-count
5
-background-job-worker-count
8
-asset-garbage-collectors
1
-force-d3d12
-name
AssetImport
Successfully changed project path to: C:/Users/IlyaKing/Desktop/MyTalkingMellstroy/My_Talking_Mellstroy
C:/Users/IlyaKing/Desktop/MyTalkingMellstroy/My_Talking_Mellstroy
[UnityMemory] Configuration Parameters - Can be set up in boot.config
    "memorysetup-temp-allocator-size-gi-baking-worker=262144"
    "memorysetup-temp-allocator-size-gi-baking-worker=262144"
    "memorysetup-temp-allocator-size-gi-baking-worker=262144"
    "memorysetup-temp-allocator-size-gi-baking-worker=262144"
    "memorysetup-temp-allocator-size-gi-baking-worker=262144"
    "memorysetup-temp-allocator-size-nav-mesh-worker=65536"
    "memorysetup-temp-allocator-size-audio-worker=65536"
    "memorysetup-temp-allocator-size-cloud-worker=32768"
    "memorysetup-temp-allocator-size-gfx=262144"
    "memorysetup-temp-allocator-size-preload-manager=33554432"
    "memorysetup-allocator-temp-initial-block-size-main=262144"
    "memorysetup-allocator-temp-initial-block-size-worker=262144"
    "memorysetup-temp-allocator-size-job-worker=262144"
    "memorysetup-temp-allocator-size-background-worker=32768"
    "memorysetup-bucket-allocator-granularity=16"
    "memorysetup-bucket-allocator-bucket-count=8"
    "memorysetup-bucket-allocator-block-size=33554432"
    "memorysetup-bucket-allocator-block-count=8"
    "memorysetup-main-allocator-block-size=16777216"
    "memorysetup-thread-allocator-block-size=16777216"
    "memorysetup-main-allocator-mimalloc-enabled=0"
    "memorysetup-gfx-main-allocator-block-size=16777216"
    "memorysetup-gfx-thread-allocator-block-size=16777216"
    "memorysetup-cache-allocator-block-size=4194304"
    "memorysetup-typetree-allocator-block-size=2097152"
    "memorysetup-profiler-bucket-allocator-granularity=16"
    "memorysetup-profiler-bucket-allocator-bucket-count=8"
    "memorysetup-profiler-bucket-allocator-block-size=33554432"
    "memorysetup-profiler-bucket-allocator-block-count=8"
    "memorysetup-profiler-allocator-block-size=16777216"
    "memorysetup-profiler-editor-allocator-block-size=1048576"
    "memorysetup-temp-allocator-size-main=16777216"
    "memorysetup-job-temp-allocator-block-size=2097152"
    "memorysetup-job-temp-allocator-block-size-background=1048576"
    "memorysetup-job-temp-allocator-reduction-small-platforms=262144"
Player connection [2564]  Target information:

Player connection [2564]  * "[IP] 192.168.0.11 [Port] 0 [Flags] 2 [Guid] 2884591005 [EditorId] 2884591005 [Version] 1048832 [Id] WindowsEditor(7,DESKTOP-6BO2DIE) [Debug] 1 [PackageName] WindowsEditor [ProjectName] Editor" 

Player connection [2564]  * "[IP] 192.168.137.1 [Port] 0 [Flags] 2 [Guid] 2884591005 [EditorId] 2884591005 [Version] 1048832 [Id] WindowsEditor(7,DESKTOP-6BO2DIE) [Debug] 1 [PackageName] WindowsEditor [ProjectName] Editor" 

Player connection [2564] Host joined multi-casting on [225.0.0.222:54997]...
Player connection [2564] Host joined alternative multi-casting on [225.0.0.222:34997]...
JobSystem: Creating JobQueue using job-worker-count value 5
Input System module state changed to: Initialized.
[Physics::Module] Initialized fallback backend.
[Physics::Module] Id: 0xdecafbad
Library Redirect Path: Library/
[Physics::Module] Selected backend.
[Physics::Module] Name: PhysX
[Physics::Module] Id: 0xf2b8ea05
[Physics::Module] SDK Version: 4.1.2
[Physics::Module] Integration Version: 1.0.0
[Physics::Module] Threading Mode: Multi-Threaded
Active build profile path: `Assets/Settings/Build Profiles/Android™.asset`
Got setting from build profile YAML, name `m_BuildSubtarget`, value `0`
[Licensing::Module] Licensing is not yet initialized.
[Licensing::Client] Error: HandshakeResponse reported an error:
	ResponseCode: 505
	ResponseStatus: Unsupported protocol version '1.18.1'.
[Licensing::Module] Error: Failed to handshake to channel: "LicenseClient-IlyaKing"
[Licensing::IpcConnector] LicenseClient-IlyaKing channel disconnected successfully.
[Licensing::IpcConnector] Successfully connected to: "LicenseClient-IlyaKing-6000.5.3" at "2026-07-12T19:37:26.8460429Z"
[Licensing::Client] Code 10 while verifying Licensing Client signature (process Id: 23092, path: "C:/Program Files/Unity/Hub/Editor/6000.5.3f1/Editor/Data/Resources/Licensing/Client/Unity.Licensing.Client.exe")
[Licensing::Module] LicensingClient has failed validation; ignoring
[Licensing::Client] Handshaking with LicensingClient:
  Version:                 1.18.1+9fbee8e
  Session Id:              e268caaedd9d4596ac715e0e6623718a
  Correlation Id:          a3e48f8373bcb304da2c74aa45b503b4
  External correlation Id: 7534553398456648408
  Machine Id:              fRmInWLrjOgrKjn1piGFsZlAubw=
[Licensing::Module] Successfully connected to LicensingClient on channel: "LicenseClient-IlyaKing-6000.5.3" (connect: 0.00s, validation: 0.01s, handshake: 0.05s)
[Licensing::IpcConnector] Successfully connected to: "LicenseClient-IlyaKing-6000.5.3-notifications" at "2026-07-12T19:37:26.9040317Z"
[Licensing::Module] Licensing Background thread has ended after 1.62s
[Licensing::Module] Licensing is initialized (took 1.30s).
[Licensing::Client] Successfully resolved entitlement details
[Licensing::Module] License group:
  Id: 10171549892880-UnityPersXXXX
  Product: Unity Personal
  Type: Assigned
  Expiration: Unlimited
Got setting from build profile YAML, name `m_BuildTarget`, value `13`
Got setting from build profile YAML, name `m_Subtarget`, value `0`
Refreshing native plugins compatible for Editor in 185.97 ms, found 5 plugins.
Initialize engine version: 6000.5.3f1 (c2eb47b3a2a9)
[Subsystems] Discovering subsystems at path C:/Program Files/Unity/Hub/Editor/6000.5.3f1/Editor/Data/Resources/UnitySubsystems
[Subsystems] Discovering subsystems at path C:/Users/IlyaKing/Desktop/MyTalkingMellstroy/My_Talking_Mellstroy/Assets
Forcing GfxDevice: Direct3D 12
GfxDevice: creating device client; kGfxThreadingModeNonThreaded
d3d12: failed to query info queue interface (0x80004002).
Direct3D:
    Version:         Direct3D 12 [level 12.1]
    Renderer:        NVIDIA GeForce GTX 1660 SUPER (ID=0x21c4)
    Vendor:          NVIDIA
    VRAM:            5966 MB
    App VRAM Budget: 5198 MB
    Driver:          32.0.16.1062
Got setting from build profile YAML, name `m_BuildSubtarget`, value `0`
Got setting from build profile YAML, name `m_BuildSubtarget`, value `0`
Got setting from build profile YAML, name `m_BuildSubtarget`, value `0`
Initialize mono
Mono path[0] = 'C:/Program Files/Unity/Hub/Editor/6000.5.3f1/Editor/Data/Managed'
Mono path[1] = 'C:/Program Files/Unity/Hub/Editor/6000.5.3f1/Editor/Data/BCLExtensions/runtime/netstandard2.1'
Mono path[2] = 'C:/Program Files/Unity/Hub/Editor/6000.5.3f1/Editor/Data/MonoBleedingEdge/lib/mono/unityjit-win32'
Mono config path = 'C:/Program Files/Unity/Hub/Editor/6000.5.3f1/Editor/Data/MonoBleedingEdge/etc'
Using monoOptions --debugger-agent=transport=dt_socket,embedding=1,server=y,suspend=n,address=127.0.0.1:56444
CodeReloadManager initialized
Got setting from build profile YAML, name `m_BuildSubtarget`, value `0`
Got setting from build profile YAML, name `m_BuildSubtarget`, value `0`
Begin MonoManager ReloadAssembly
Registering precompiled unity dll's ...
Register platform support module: C:/Program Files/Unity/Hub/Editor/6000.5.3f1/Editor/Data/PlaybackEngines/WindowsStandaloneSupport/UnityEditor.WindowsStandalone.Extensions.dll
Register platform support module: C:/Program Files/Unity/Hub/Editor/6000.5.3f1/Editor/Data/PlaybackEngines/AndroidPlayer/UnityEditor.Android.Extensions.dll
[Licensing::Client] Successfully resolved entitlement details
Register platform support module: C:/Program Files/Unity/Hub/Editor/6000.5.3f1/Editor/Data/PlaybackEngines/iOSSupport/UnityEditor.iOS.Extensions.dll
Registered in 0.013121 seconds.
Got setting from build profile YAML, name `m_BuildSubtarget`, value `0`
Got setting from build profile YAML, name `m_BuildSubtarget`, value `0`
Got setting from build profile YAML, name `m_BuildSubtarget`, value `0`
Got setting from build profile YAML, name `m_BuildSubtarget`, value `0`
[usbmuxd] Start listen thread
[usbmuxd] Listen thread started
Native extension for iOS target not found
Native extension for Android target not found
Native extension for WindowsStandalone target not found
Package Manager log level set to [2]
[Package Manager] Failed to launch server process. Reason: Unity was launched with the -noUpm command-line argument
[Package Manager] Unable to send message (not connected to server process).
[Package Manager] Cannot connect to Unity Package Manager local server
ScheduleIndexationOnStartup MainProcess:False IndexOnStartup:True
Mono: successfully reloaded assembly
- Finished resetting the current domain, in  0.521 seconds
Domain Reload Profiling: 2435ms
	BeginReloadAssembly (145ms)
	RebuildCommonClasses (5ms)
	RebuildNativeTypeToScriptingClass (220ms)
	initialDomainReloadingComplete (124ms)
	LoadAllAssembliesAndSetupDomain (1418ms)
		LoadAssemblies (141ms)
		AnalyzeDomain (1321ms)
			TypeCache.Refresh (1320ms)
				TypeCache.ScanAssembly (1088ms)
	FinalizeReload (522ms)
		SetupLoadedEditorAssemblies (0ms)
			InitializePlatformSupportModulesInManaged (59ms)
			BeforeProcessingInitializeOnLoad (103ms)
			ProcessInitializeOnLoadAttributes (119ms)
			ProcessInitializeOnLoadMethodAttributes (154ms)
Got setting from build profile YAML, name `m_BuildSubtarget`, value `0`
Got setting from build profile YAML, name `m_BuildSubtarget`, value `0`
Initializing Unity extensions:
[Licensing::Client] Successfully resolved entitlement details
Got setting from build profile YAML, name `m_BuildSubtarget`, value `0`
========================================================================
Worker process is ready to serve import requests
Import Worker Mode flag is 0x00
Got setting from build profile YAML, name `m_BuildSubtarget`, value `0`
Got setting from build profile YAML, name `m_BuildSubtarget`, value `0`
Got setting from build profile YAML, name `m_BuildSubtarget`, value `0`
Got setting from build profile YAML, name `m_BuildSubtarget`, value `0`
Got setting from build profile YAML, name `m_Development`, value `0`
Got setting from build profile YAML, name `m_BuildSubtarget`, value `0`
Got setting from build profile YAML, name `m_BuildSubtarget`, value `0`
Got setting from build profile YAML, name `m_BuildSubtarget`, value `0`
Begin MonoManager ReloadAssembly
Launched and connected shader compiler UnityShaderCompiler.exe after 0.06 seconds
Refreshing native plugins compatible for Editor in 3.55 ms, found 5 plugins.
Native extension for iOS target not found
Native extension for Android target not found
Native extension for WindowsStandalone target not found
[Package Manager] Failed to launch server process. Reason: Unity was launched with the -noUpm command-line argument
[Package Manager] Unable to send message (not connected to server process).
[Package Manager] Cannot connect to Unity Package Manager local server
Refreshing native plugins compatible for Editor in 4.23 ms, found 5 plugins.
[Package Manager] Failed to launch server process. Reason: Unity was launched with the -noUpm command-line argument
[Package Manager] Unable to send message (not connected to server process).
[Package Manager] Cannot connect to Unity Package Manager local server
ScheduleIndexationOnStartup MainProcess:False IndexOnStartup:True
Mono: successfully reloaded assembly
- Finished resetting the current domain, in  1.994 seconds
Domain Reload Profiling: 7214ms
	BeginReloadAssembly (4077ms)
		DisableScriptedObjects (3862ms)
		CreateAndSetChildDomain (37ms)
	RebuildCommonClasses (10ms)
	RebuildNativeTypeToScriptingClass (20ms)
	initialDomainReloadingComplete (88ms)
	LoadAllAssembliesAndSetupDomain (1025ms)
		LoadAssemblies (455ms)
		AnalyzeDomain (534ms)
			TypeCache.Refresh (384ms)
				TypeCache.ScanAssembly (363ms)
			BuildScriptInfoCaches (131ms)
			ResolveRequiredComponents (15ms)
	FinalizeReload (1995ms)
		SetupLoadedEditorAssemblies (0ms)
			InitializePlatformSupportModulesInManaged (12ms)
			BeforeProcessingInitializeOnLoad (108ms)
			ProcessInitializeOnLoadAttributes (381ms)
			ProcessInitializeOnLoadMethodAttributes (872ms)
			AfterProcessingInitializeOnLoad (8ms)
		AwakeInstancesAfterBackupRestoration (19ms)
AcceleratorClientConnectionCallback - disconnected - :0
Refreshing native plugins compatible for Editor in 3.37 ms, found 5 plugins.
Unloading 22 Unused Serialized files (Serialized files now loaded: 0)
Curl error 3: URL rejected: Malformed input to a URL function
Unloading 7199 unused Assets / (6.4 MB). Loaded Objects now: 8109.
Memory consumption went from 347.4 MB to 341.0 MB.
Total: 14.499600 ms (FindLiveObjects: 1.036800 ms CreateObjectMapping: 2.784900 ms MarkObjects: 6.795600 ms  DeleteObjects: 3.878900 ms)

========================================================================
Received Prepare
AcceleratorClientConnectionCallback - disconnected - :0
Refreshing native plugins compatible for Editor in 3.49 ms, found 5 plugins.
Unloading 22 Unused Serialized files (Serialized files now loaded: 0)
Unloading 22 unused Assets / (2.6 MB). Loaded Objects now: 8109.
Memory consumption went from 339.5 MB to 336.9 MB.
Total: 11.485100 ms (FindLiveObjects: 0.574600 ms CreateObjectMapping: 1.224900 ms MarkObjects: 8.786700 ms  DeleteObjects: 0.895600 ms)

Prepare: number of updated asset objects reloaded= 0
EnvironmentDependencyValues requested are different than current active one (requested -> active):
  graphicsApiMask: 2099200 -> 2361344
========================================================================
Received Import Request.
  Time of request: 2026-07-12T19:56:31.0712018Z
  Time since last request: 129881.99566790000245 seconds.
  importAddress: GUID: 8c9cfa26abfee488c85f1582747f6a02 - Path: Assets/Scenes/kipr.unity - Importer: ScriptedImporter/UnityEditor.QuickSearchModule:UnityEditor.Search:ASIAI0B
Importing 'GUID: 8c9cfa26abfee488c85f1582747f6a02 - Path: Assets/Scenes/kipr.unity - Importer: ScriptedImporter/UnityEditor.QuickSearchModule:UnityEditor.Search:ASIAI0B' with importer (ScriptedImporter : UnityEditor.QuickSearchModule:UnityEditor.Search:ASIAI0B)
Imported 'GUID: 8c9cfa26abfee488c85f1582747f6a02' -> (Import Result ID: 'ac4fc0d5ab5d0d851b110ae52ba95072') in 0.078 seconds [static and dynamic dependencies]. Details - ImportResultOutputID=b395868e66ac0b78e905622f2c9c83af DependenciesID=d2792aaac8730be5df70b8c78ebfa446 StaticDependenciesID=ad3799c001b2cfa824cd5b135d038c08 
Number of updated asset objects reloaded before import = 0
Number of asset objects unloaded after import = 1
========================================================================
Received Import Request.
  Time of request: 2026-07-12T19:57:54.7063374Z
  Time since last request: 83.5434376 seconds.
  importAddress: GUID: 8c9cfa26abfee488c85f1582747f6a02 - Path: Assets/Scenes/kipr.unity - Importer: PreviewImporter
Importing 'GUID: 8c9cfa26abfee488c85f1582747f6a02 - Path: Assets/Scenes/kipr.unity - Importer: PreviewImporter' with importer (PreviewImporter)
Imported 'GUID: 8c9cfa26abfee488c85f1582747f6a02' -> (Import Result ID: 'a93c34260b3304f877b780945c169bd1') in 0.002 seconds [static and dynamic dependencies]. Details - ImportResultOutputID=90ed1bf11bd6e0e85d4c90d5dd7c8fe3 DependenciesID=126cab117c73a87e3405435e958c1c0c StaticDependenciesID=991eef73ed38ac40ee98325a039bb852 
Number of updated asset objects reloaded before import = 0
Number of asset objects unloaded after import = 0
========================================================================
Received Prepare
AcceleratorClientConnectionCallback - disconnected - :0
Refreshing native plugins compatible for Editor in 3.34 ms, found 5 plugins.
Unloading 22 Unused Serialized files (Serialized files now loaded: 0)
Unloading 7181 unused Assets / (5.5 MB). Loaded Objects now: 8111.
Memory consumption went from 345.3 MB to 339.8 MB.
Total: 12.695900 ms (FindLiveObjects: 0.979000 ms CreateObjectMapping: 2.538400 ms MarkObjects: 6.092000 ms  DeleteObjects: 3.084600 ms)

Prepare: number of updated asset objects reloaded= 0
EnvironmentDependencyValues requested are different than current active one (requested -> active):
  graphicsApiMask: 2099200 -> 2361344
========================================================================
Received Import Request.
  Time of request: 2026-07-12T20:00:52.3368061Z
  Time since last request: 177.61596700000001 seconds.
  importAddress: GUID: 9872d7c081c314649b6194d0aa021c6f - Path: Assets/Scripts/SlotMachine.cs - Importer: ScriptedImporter/UnityEditor.QuickSearchModule:UnityEditor.Search:ASIAI0B
Importing 'GUID: 9872d7c081c314649b6194d0aa021c6f - Path: Assets/Scripts/SlotMachine.cs - Importer: ScriptedImporter/UnityEditor.QuickSearchModule:UnityEditor.Search:ASIAI0B' with importer (ScriptedImporter : UnityEditor.QuickSearchModule:UnityEditor.Search:ASIAI0B)
Imported 'GUID: 9872d7c081c314649b6194d0aa021c6f' -> (Import Result ID: '4ca9e44cc40fb8520f4c816d2a71777b') in 0.025 seconds [static and dynamic dependencies]. Details - ImportResultOutputID=f681c36d5ae39fc9fe5e6f956db99c67 DependenciesID=afd02543bb93bfc77c637df7ab3b7337 StaticDependenciesID=f80dee5d57eecc3119fb29771665e733 
Number of updated asset objects reloaded before import = 0
Number of asset objects unloaded after import = 0
========================================================================
Received Prepare
AcceleratorClientConnectionCallback - disconnected - :0
[Licensing::Client] Successfully resolved entitlement details
[Licensing::Client] Successfully resolved entitlement details
Begin MonoManager ReloadAssembly
Refreshing native plugins compatible for Editor in 3.31 ms, found 5 plugins.
Native extension for iOS target not found
Native extension for Android target not found
Native extension for WindowsStandalone target not found
[Package Manager] Failed to launch server process. Reason: Unity was launched with the -noUpm command-line argument
[Package Manager] Unable to send message (not connected to server process).
[Package Manager] Cannot connect to Unity Package Manager local server
[Package Manager] Failed to launch server process. Reason: Unity was launched with the -noUpm command-line argument
[Package Manager] Unable to send message (not connected to server process).
[Package Manager] Cannot connect to Unity Package Manager local server
ScheduleIndexationOnStartup MainProcess:False IndexOnStartup:True
Mono: successfully reloaded assembly
- Finished resetting the current domain, in  0.914 seconds
Domain Reload Profiling: 2183ms
	BeginReloadAssembly (306ms)
		DisableScriptedObjects (37ms)
		CreateAndSetChildDomain (69ms)
	RebuildCommonClasses (11ms)
	RebuildNativeTypeToScriptingClass (20ms)
	initialDomainReloadingComplete (86ms)
	LoadAllAssembliesAndSetupDomain (845ms)
		LoadAssemblies (465ms)
		AnalyzeDomain (344ms)
			TypeCache.Refresh (15ms)
			BuildScriptInfoCaches (318ms)
			ResolveRequiredComponents (9ms)
	FinalizeReload (915ms)
		SetupLoadedEditorAssemblies (0ms)
			InitializePlatformSupportModulesInManaged (12ms)
			BeforeProcessingInitializeOnLoad (111ms)
			ProcessInitializeOnLoadAttributes (336ms)
			ProcessInitializeOnLoadMethodAttributes (161ms)
			AfterProcessingInitializeOnLoad (8ms)
		AwakeInstancesAfterBackupRestoration (41ms)
Refreshing native plugins compatible for Editor in 4.40 ms, found 5 plugins.
Unloading 22 Unused Serialized files (Serialized files now loaded: 0)
Unloading 7197 unused Assets / (6.1 MB). Loaded Objects now: 8115.
Memory consumption went from 337.4 MB to 331.3 MB.
Total: 13.381800 ms (FindLiveObjects: 0.997400 ms CreateObjectMapping: 2.683400 ms MarkObjects: 6.098000 ms  DeleteObjects: 3.601400 ms)

Prepare: number of updated asset objects reloaded= 0
EnvironmentDependencyValues requested are different than current active one (requested -> active):
  graphicsApiMask: 2099200 -> 2361344
========================================================================
Received Prepare
AcceleratorClientConnectionCallback - disconnected - :0
Refreshing native plugins compatible for Editor in 3.49 ms, found 5 plugins.
Unloading 22 Unused Serialized files (Serialized files now loaded: 0)
Unloading 7181 unused Assets / (6.4 MB). Loaded Objects now: 8115.
Memory consumption went from 338.8 MB to 332.4 MB.
Total: 14.733200 ms (FindLiveObjects: 1.025900 ms CreateObjectMapping: 2.776400 ms MarkObjects: 6.767000 ms  DeleteObjects: 4.162000 ms)

Prepare: number of updated asset objects reloaded= 0
EnvironmentDependencyValues requested are different than current active one (requested -> active):
  graphicsApiMask: 2099200 -> 2361344
========================================================================
Received Prepare
AcceleratorClientConnectionCallback - disconnected - :0
[Licensing::Client] Successfully resolved entitlement details
[Licensing::Client] Successfully resolved entitlement details
Begin MonoManager ReloadAssembly
Refreshing native plugins compatible for Editor in 3.58 ms, found 5 plugins.
Native extension for iOS target not found
Native extension for Android target not found
Native extension for WindowsStandalone target not found
[Package Manager] Failed to launch server process. Reason: Unity was launched with the -noUpm command-line argument
[Package Manager] Unable to send message (not connected to server process).
[Package Manager] Cannot connect to Unity Package Manager local server
[Package Manager] Failed to launch server process. Reason: Unity was launched with the -noUpm command-line argument
[Package Manager] Unable to send message (not connected to server process).
[Package Manager] Cannot connect to Unity Package Manager local server
ScheduleIndexationOnStartup MainProcess:False IndexOnStartup:True
Mono: successfully reloaded assembly
- Finished resetting the current domain, in  0.878 seconds
Domain Reload Profiling: 2230ms
	BeginReloadAssembly (305ms)
		DisableScriptedObjects (39ms)
		CreateAndSetChildDomain (66ms)
	RebuildCommonClasses (11ms)
	RebuildNativeTypeToScriptingClass (22ms)
	initialDomainReloadingComplete (88ms)
	LoadAllAssembliesAndSetupDomain (925ms)
		LoadAssemblies (608ms)
		AnalyzeDomain (284ms)
			TypeCache.Refresh (16ms)
			BuildScriptInfoCaches (257ms)
			ResolveRequiredComponents (10ms)
	FinalizeReload (879ms)
		SetupLoadedEditorAssemblies (0ms)
			InitializePlatformSupportModulesInManaged (13ms)
			BeforeProcessingInitializeOnLoad (109ms)
			ProcessInitializeOnLoadAttributes (317ms)
			ProcessInitializeOnLoadMethodAttributes (162ms)
			AfterProcessingInitializeOnLoad (8ms)
		AwakeInstancesAfterBackupRestoration (38ms)
Refreshing native plugins compatible for Editor in 3.43 ms, found 5 plugins.
Unloading 22 Unused Serialized files (Serialized files now loaded: 0)
Unloading 7197 unused Assets / (5.6 MB). Loaded Objects now: 8118.
Memory consumption went from 340.4 MB to 334.8 MB.
Total: 12.925300 ms (FindLiveObjects: 1.043900 ms CreateObjectMapping: 2.282500 ms MarkObjects: 6.378100 ms  DeleteObjects: 3.219200 ms)

Prepare: number of updated asset objects reloaded= 0
EnvironmentDependencyValues requested are different than current active one (requested -> active):
  graphicsApiMask: 2099200 -> 2361344
========================================================================
Received Prepare
AcceleratorClientConnectionCallback - disconnected - :0
Refreshing native plugins compatible for Editor in 3.91 ms, found 5 plugins.
Unloading 22 Unused Serialized files (Serialized files now loaded: 0)
Unloading 7181 unused Assets / (6.1 MB). Loaded Objects now: 8118.
Memory consumption went from 341.8 MB to 335.7 MB.
Total: 14.132200 ms (FindLiveObjects: 1.007000 ms CreateObjectMapping: 2.641600 ms MarkObjects: 6.454600 ms  DeleteObjects: 4.027300 ms)

Prepare: number of updated asset objects reloaded= 0
EnvironmentDependencyValues requested are different than current active one (requested -> active):
  graphicsApiMask: 2099200 -> 2361344
========================================================================
Received Prepare
AcceleratorClientConnectionCallback - disconnected - :0
Begin MonoManager ReloadAssembly
Refreshing native plugins compatible for Editor in 3.63 ms, found 5 plugins.
Native extension for iOS target not found
Native extension for Android target not found
Native extension for WindowsStandalone target not found
[Package Manager] Failed to launch server process. Reason: Unity was launched with the -noUpm command-line argument
[Package Manager] Unable to send message (not connected to server process).
[Package Manager] Cannot connect to Unity Package Manager local server
[Package Manager] Failed to launch server process. Reason: Unity was launched with the -noUpm command-line argument
[Package Manager] Unable to send message (not connected to server process).
[Package Manager] Cannot connect to Unity Package Manager local server
ScheduleIndexationOnStartup MainProcess:False IndexOnStartup:True
Mono: successfully reloaded assembly
- Finished resetting the current domain, in  0.915 seconds
Domain Reload Profiling: 2215ms
	BeginReloadAssembly (305ms)
		DisableScriptedObjects (52ms)
		CreateAndSetChildDomain (58ms)
	RebuildCommonClasses (11ms)
	RebuildNativeTypeToScriptingClass (20ms)
	initialDomainReloadingComplete (83ms)
	LoadAllAssembliesAndSetupDomain (881ms)
		LoadAssemblies (556ms)
		AnalyzeDomain (282ms)
			TypeCache.Refresh (17ms)
			BuildScriptInfoCaches (254ms)
			ResolveRequiredComponents (9ms)
	FinalizeReload (916ms)
		SetupLoadedEditorAssemblies (0ms)
			InitializePlatformSupportModulesInManaged (14ms)
			BeforeProcessingInitializeOnLoad (106ms)
			ProcessInitializeOnLoadAttributes (325ms)
			ProcessInitializeOnLoadMethodAttributes (154ms)
			AfterProcessingInitializeOnLoad (8ms)
		AwakeInstancesAfterBackupRestoration (45ms)
Refreshing native plugins compatible for Editor in 3.45 ms, found 5 plugins.
Unloading 22 Unused Serialized files (Serialized files now loaded: 0)
Unloading 7197 unused Assets / (6.1 MB). Loaded Objects now: 8121.
Memory consumption went from 346.4 MB to 340.2 MB.
Total: 13.807100 ms (FindLiveObjects: 1.008500 ms CreateObjectMapping: 2.797200 ms MarkObjects: 6.290400 ms  DeleteObjects: 3.709600 ms)

Prepare: number of updated asset objects reloaded= 0
EnvironmentDependencyValues requested are different than current active one (requested -> active):
  graphicsApiMask: 2099200 -> 2361344
========================================================================
Received Prepare
AcceleratorClientConnectionCallback - disconnected - :0
Refreshing native plugins compatible for Editor in 3.42 ms, found 5 plugins.
Unloading 22 Unused Serialized files (Serialized files now loaded: 0)
Unloading 23 unused Assets / (2.6 MB). Loaded Objects now: 8121.
Memory consumption went from 342.5 MB to 339.9 MB.
Total: 8.042600 ms (FindLiveObjects: 0.535600 ms CreateObjectMapping: 0.748700 ms MarkObjects: 6.124600 ms  DeleteObjects: 0.631900 ms)

Prepare: number of updated asset objects reloaded= 0
EnvironmentDependencyValues requested are different than current active one (requested -> active):
  graphicsApiMask: 2099200 -> 2361344
========================================================================
Received Import Request.
  Time of request: 2026-07-12T20:13:59.4144582Z
  Time since last request: 787.03941950000001 seconds.
  importAddress: GUID: 8c9cfa26abfee488c85f1582747f6a02 - Path: Assets/Scenes/kipr.unity - Importer: PreviewImporter
Importing 'GUID: 8c9cfa26abfee488c85f1582747f6a02 - Path: Assets/Scenes/kipr.unity - Importer: PreviewImporter' with importer (PreviewImporter)
Imported 'GUID: 8c9cfa26abfee488c85f1582747f6a02' -> (Import Result ID: 'c0249444f2c0b8a7d06f54a661910e0f') in 0.002 seconds [static and dynamic dependencies]. Details - ImportResultOutputID=90ed1bf11bd6e0e85d4c90d5dd7c8fe3 DependenciesID=e45eab6145d5859b95d6c6192e24db62 StaticDependenciesID=df3fff2c767dd3d06b35817c2b2196ae 
Number of updated asset objects reloaded before import = 0
Number of asset objects unloaded after import = 0
========================================================================
Received Prepare
AcceleratorClientConnectionCallback - disconnected - :0
Refreshing native plugins compatible for Editor in 4.09 ms, found 5 plugins.
Unloading 22 Unused Serialized files (Serialized files now loaded: 0)
Unloading 23 unused Assets / (2.6 MB). Loaded Objects now: 8121.
Memory consumption went from 342.6 MB to 339.9 MB.
Total: 11.842200 ms (FindLiveObjects: 0.703600 ms CreateObjectMapping: 1.431100 ms MarkObjects: 9.009900 ms  DeleteObjects: 0.695300 ms)

Prepare: number of updated asset objects reloaded= 0
EnvironmentDependencyValues requested are different than current active one (requested -> active):
  graphicsApiMask: 2099200 -> 2361344
========================================================================
Received Prepare
AcceleratorClientConnectionCallback - disconnected - :0
Refreshing native plugins compatible for Editor in 4.36 ms, found 5 plugins.
Unloading 22 Unused Serialized files (Serialized files now loaded: 0)
Unloading 7181 unused Assets / (6.2 MB). Loaded Objects now: 8121.
Memory consumption went from 349.2 MB to 343.0 MB.
Total: 15.546600 ms (FindLiveObjects: 1.032100 ms CreateObjectMapping: 2.732200 ms MarkObjects: 7.040000 ms  DeleteObjects: 4.740000 ms)

Prepare: number of updated asset objects reloaded= 0
EnvironmentDependencyValues requested are different than current active one (requested -> active):
  graphicsApiMask: 2099200 -> 2361344
========================================================================
Received Prepare
AcceleratorClientConnectionCallback - disconnected - :0
[Licensing::Client] Successfully resolved entitlement details
[Licensing::Client] Successfully resolved entitlement details
Begin MonoManager ReloadAssembly
Refreshing native plugins compatible for Editor in 4.81 ms, found 5 plugins.
Native extension for iOS target not found
Native extension for Android target not found
Native extension for WindowsStandalone target not found
[Package Manager] Failed to launch server process. Reason: Unity was launched with the -noUpm command-line argument
[Package Manager] Unable to send message (not connected to server process).
[Package Manager] Cannot connect to Unity Package Manager local server
[Package Manager] Failed to launch server process. Reason: Unity was launched with the -noUpm command-line argument
[Package Manager] Unable to send message (not connected to server process).
[Package Manager] Cannot connect to Unity Package Manager local server
ScheduleIndexationOnStartup MainProcess:False IndexOnStartup:True
Mono: successfully reloaded assembly
- Finished resetting the current domain, in  0.920 seconds
Domain Reload Profiling: 2181ms
	BeginReloadAssembly (291ms)
		DisableScriptedObjects (39ms)
		CreateAndSetChildDomain (61ms)
	RebuildCommonClasses (10ms)
	RebuildNativeTypeToScriptingClass (21ms)
	initialDomainReloadingComplete (82ms)
	LoadAllAssembliesAndSetupDomain (854ms)
		LoadAssemblies (460ms)
		AnalyzeDomain (276ms)
			TypeCache.Refresh (15ms)
			BuildScriptInfoCaches (249ms)
			ResolveRequiredComponents (10ms)
	FinalizeReload (922ms)
		SetupLoadedEditorAssemblies (0ms)
			InitializePlatformSupportModulesInManaged (12ms)
			BeforeProcessingInitializeOnLoad (103ms)
			ProcessInitializeOnLoadAttributes (343ms)
			ProcessInitializeOnLoadMethodAttributes (161ms)
			AfterProcessingInitializeOnLoad (7ms)
		AwakeInstancesAfterBackupRestoration (38ms)
Refreshing native plugins compatible for Editor in 3.47 ms, found 5 plugins.
Unloading 22 Unused Serialized files (Serialized files now loaded: 0)
Unloading 7197 unused Assets / (6.2 MB). Loaded Objects now: 8124.
Memory consumption went from 352.4 MB to 346.2 MB.
Total: 12.555600 ms (FindLiveObjects: 0.991600 ms CreateObjectMapping: 2.345200 ms MarkObjects: 5.804400 ms  DeleteObjects: 3.412200 ms)

Prepare: number of updated asset objects reloaded= 0
EnvironmentDependencyValues requested are different than current active one (requested -> active):
  graphicsApiMask: 2099200 -> 2361344
========================================================================
Received Prepare
AcceleratorClientConnectionCallback - disconnected - :0
Refreshing native plugins compatible for Editor in 3.65 ms, found 5 plugins.
Unloading 22 Unused Serialized files (Serialized files now loaded: 0)
Unloading 23 unused Assets / (2.6 MB). Loaded Objects now: 8124.
Memory consumption went from 348.6 MB to 346.0 MB.
Total: 11.444900 ms (FindLiveObjects: 0.527400 ms CreateObjectMapping: 0.882200 ms MarkObjects: 9.242500 ms  DeleteObjects: 0.791100 ms)

Prepare: number of updated asset objects reloaded= 0
EnvironmentDependencyValues requested are different than current active one (requested -> active):
  graphicsApiMask: 2099200 -> 2361344
========================================================================
Received Import Request.
  Time of request: 2026-07-12T20:39:24.0444722Z
  Time since last request: 1524.61373879999996 seconds.
  importAddress: GUID: 9620fc3a0c157184ea5fcd6e020be84c - Path: Assets/Sprites/image-no-bg-preview (carve.photos).png - Importer: PreviewImporter
Importing 'GUID: 9620fc3a0c157184ea5fcd6e020be84c - Path: Assets/Sprites/image-no-bg-preview (carve.photos).png - Importer: PreviewImporter' with importer (PreviewImporter)
[Licensing::Client] Successfully resolved entitlement details
[Licensing::Client] Successfully resolved entitlement details
Imported 'GUID: 9620fc3a0c157184ea5fcd6e020be84c' -> (Import Result ID: '6813491b71761e32fb565f04c7e7797a') in 0.135 seconds [static and dynamic dependencies]. Details - ImportResultOutputID=99c4cf3f8a7f8e69ab481f73a56342c7 DependenciesID=56fe00bf0936f36e7dc999e92f89ff3c StaticDependenciesID=0a95c0a8e57edc530e0800dd6d59739b 
Number of updated asset objects reloaded before import = 0
Number of asset objects unloaded after import = 3
========================================================================
Received Import Request.
  Time of request: 2026-07-12T20:39:24.1978505Z
  Time since last request: 0.0000435 seconds.
  importAddress: GUID: 5c70f05abaf3ecf4ea92438085c067a4 - Path: Assets/Sprites/photo_2026-07-13_02-38-13.png - Importer: PreviewImporter
Importing 'GUID: 5c70f05abaf3ecf4ea92438085c067a4 - Path: Assets/Sprites/photo_2026-07-13_02-38-13.png - Importer: PreviewImporter' with importer (PreviewImporter)
Imported 'GUID: 5c70f05abaf3ecf4ea92438085c067a4' -> (Import Result ID: '66800d7431986c173843ea43ff9d1888') in 0.045 seconds [static and dynamic dependencies]. Details - ImportResultOutputID=3dc43a88b055e476af95c88ac6fd4d76 DependenciesID=82e58b0c3fe01a220b568a0f07e039f8 StaticDependenciesID=26720e688e9b234e8499cd837aa85b3a 
Number of updated asset objects reloaded before import = 0
Number of asset objects unloaded after import = 3
========================================================================
Received Import Request.
  Time of request: 2026-07-12T20:39:24.2585164Z
  Time since last request: 0.0018057 seconds.
  importAddress: GUID: be7ae6801eb4c3f43b940706fec7b359 - Path: Assets/Sprites/photo_2026-07-13_02-37-30.png - Importer: PreviewImporter
Importing 'GUID: be7ae6801eb4c3f43b940706fec7b359 - Path: Assets/Sprites/photo_2026-07-13_02-37-30.png - Importer: PreviewImporter' with importer (PreviewImporter)
Imported 'GUID: be7ae6801eb4c3f43b940706fec7b359' -> (Import Result ID: 'a26738632cb5ceeb922a8a57d35f6db8') in 0.018 seconds [static and dynamic dependencies]. Details - ImportResultOutputID=087ea7797e53850a25a009e4b1afdc36 DependenciesID=30e60b279eb9a027f8afaddf27b3e79e StaticDependenciesID=b97b8e1201a12fc705e22aa028df3f48 
Number of updated asset objects reloaded before import = 0
Number of asset objects unloaded after import = 3
========================================================================
Received Import Request.
  Time of request: 2026-07-12T20:39:34.1992157Z
  Time since last request: 9.907371 seconds.
  importAddress: GUID: 9ab27fb544ce47a4f812ac40397a5991 - Path: Assets/Scripts/PetNeeds.cs - Importer: ScriptedImporter/UnityEditor.QuickSearchModule:UnityEditor.Search:ASIAI0B
Importing 'GUID: 9ab27fb544ce47a4f812ac40397a5991 - Path: Assets/Scripts/PetNeeds.cs - Importer: ScriptedImporter/UnityEditor.QuickSearchModule:UnityEditor.Search:ASIAI0B' with importer (ScriptedImporter : UnityEditor.QuickSearchModule:UnityEditor.Search:ASIAI0B)
Imported 'GUID: 9ab27fb544ce47a4f812ac40397a5991' -> (Import Result ID: '2243698cf6675fa13ee64bff5a112568') in 0.079 seconds [static and dynamic dependencies]. Details - ImportResultOutputID=8372f8feaf42f80de2a8ec6601254bb0 DependenciesID=7956984b04d2b70ee3c29174c5078dc4 StaticDependenciesID=f60689f7c91d2f9f81f9d61c7b3c6d58 
Number of updated asset objects reloaded before import = 0
Number of asset objects unloaded after import = 0
========================================================================
Received Import Request.
  Time of request: 2026-07-12T20:39:34.2946313Z
  Time since last request: 0.0020788 seconds.
  importAddress: GUID: bff6e1a07c60dd945947b07ef40fd9b9 - Path: Assets/Sprites/photo_2026-07-13_02-36-23.png - Importer: ScriptedImporter/UnityEditor.QuickSearchModule:UnityEditor.Search:ASIAI0B
Importing 'GUID: bff6e1a07c60dd945947b07ef40fd9b9 - Path: Assets/Sprites/photo_2026-07-13_02-36-23.png - Importer: ScriptedImporter/UnityEditor.QuickSearchModule:UnityEditor.Search:ASIAI0B' with importer (ScriptedImporter : UnityEditor.QuickSearchModule:UnityEditor.Search:ASIAI0B)
Imported 'GUID: bff6e1a07c60dd945947b07ef40fd9b9' -> (Import Result ID: '0456dd1332bc660e93b7757d5108e0d8') in 0.076 seconds [static and dynamic dependencies]. Details - ImportResultOutputID=09002d766b26c59d4be980efcb33b92a DependenciesID=b6105e73a9b1611bea4aa2909a70d324 StaticDependenciesID=b88828db2196f244787bc621720ea9f9 
Number of updated asset objects reloaded before import = 0
Number of asset objects unloaded after import = 3
========================================================================
Received Import Request.
  Time of request: 2026-07-12T20:39:34.3875634Z
  Time since last request: 0.0019557 seconds.
  importAddress: GUID: be7ae6801eb4c3f43b940706fec7b359 - Path: Assets/Sprites/photo_2026-07-13_02-37-30.png - Importer: ScriptedImporter/UnityEditor.QuickSearchModule:UnityEditor.Search:ASIAI0B
Importing 'GUID: be7ae6801eb4c3f43b940706fec7b359 - Path: Assets/Sprites/photo_2026-07-13_02-37-30.png - Importer: ScriptedImporter/UnityEditor.QuickSearchModule:UnityEditor.Search:ASIAI0B' with importer (ScriptedImporter : UnityEditor.QuickSearchModule:UnityEditor.Search:ASIAI0B)
Imported 'GUID: be7ae6801eb4c3f43b940706fec7b359' -> (Import Result ID: '80b55497d8ed3819688da0ec8a38ca26') in 0.018 seconds [static and dynamic dependencies]. Details - ImportResultOutputID=c796a3db37c321caef6876793ccda74d DependenciesID=b065abe8b88936ab47c4894aea38cb79 StaticDependenciesID=2fc0523ad3c29bb9a9e744c5f5b324f3 
Number of updated asset objects reloaded before import = 0
Number of asset objects unloaded after import = 3
========================================================================
Received Import Request.
  Time of request: 2026-07-12T20:39:34.4220882Z
  Time since last request: 0.0021522 seconds.
  importAddress: GUID: 5c70f05abaf3ecf4ea92438085c067a4 - Path: Assets/Sprites/photo_2026-07-13_02-38-13.png - Importer: ScriptedImporter/UnityEditor.QuickSearchModule:UnityEditor.Search:ASIAI0B
Importing 'GUID: 5c70f05abaf3ecf4ea92438085c067a4 - Path: Assets/Sprites/photo_2026-07-13_02-38-13.png - Importer: ScriptedImporter/UnityEditor.QuickSearchModule:UnityEditor.Search:ASIAI0B' with importer (ScriptedImporter : UnityEditor.QuickSearchModule:UnityEditor.Search:ASIAI0B)
Imported 'GUID: 5c70f05abaf3ecf4ea92438085c067a4' -> (Import Result ID: 'e821a341c325373639f4d2007909b8a2') in 0.016 seconds [static and dynamic dependencies]. Details - ImportResultOutputID=45fefc4be74ae8115ef79961cad181dc DependenciesID=5d58e237de75694bfe869c18f52204ff StaticDependenciesID=7f4c16adb13850ac40ade26b5f9af9d0 
Number of updated asset objects reloaded before import = 0
Number of asset objects unloaded after import = 3
Editor requested this worker to shutdown with reason: Scaling down because of idle timeout
AcceleratorClientConnectionCallback - disconnected - :0
AssetImportWorker is now disconnected from the server
Process exiting
Exiting without the bug reporter. Application will terminate with return code 0