[Licensing::Module] Trying to connect to existing licensing client channel...
Built from '6000.5/staging' branch; Version is '6000.5.3f1 (c2eb47b3a2a9) revision 12774215'; Using compiler version '194234433'; Build Type 'Release'
[Licensing::IpcConnector] Successfully connected to: "LicenseClient-IlyaKing" at "2026-07-12T05:51:37.3754896Z"
OS: 'Windows 11  (10.0.26200) Professional' Language: 'ru' Physical Memory: 14227 MB
BatchMode: 1, IsHumanControllingUs: 0, StartBugReporterOnCrash: 0, Is64bit: 1
System  architecture: x64
Process architecture: x64
Date: 2026-07-12T05:51:37Z

COMMAND LINE ARGUMENTS:
C:\Program Files\Unity\Hub\Editor\6000.5.3f1\Editor\Unity.exe
-adb2
-batchMode
-noUpm
-name
AssetImportWorkerHW1
-projectPath
C:/Users/IlyaKing/Desktop/MyTalkingMellstroy/My_Talking_Mellstroy
-logFile
Logs/AssetImportWorkerHW1.log
-srvPort
57865
-parentPid
9696
-analyticsCloudUserId
10171549892880
-analyticsCloudProjectId
31959c1e-8824-4b36-aa93-33b06d99f255
-analyticsLocalProjectId
3a23c01a6d41d244fb97a1da7f7e67fa
-licensingIpc
LicenseClient-IlyaKing
-noDiagnosticSwitchPersistentStore
-job-worker-count
5
-background-job-worker-count
8
-asset-garbage-collectors
1
-force-d3d12
-name
AssetImport
Successfully changed project path to: C:/Users/IlyaKing/Desktop/MyTalkingMellstroy/My_Talking_Mellstroy
C:/Users/IlyaKing/Desktop/MyTalkingMellstroy/My_Talking_Mellstroy
[UnityMemory] Configuration Parameters - Can be set up in boot.config
    "memorysetup-temp-allocator-size-gi-baking-worker=262144"
    "memorysetup-temp-allocator-size-gi-baking-worker=262144"
    "memorysetup-temp-allocator-size-gi-baking-worker=262144"
    "memorysetup-temp-allocator-size-gi-baking-worker=262144"
    "memorysetup-temp-allocator-size-gi-baking-worker=262144"
    "memorysetup-temp-allocator-size-nav-mesh-worker=65536"
    "memorysetup-temp-allocator-size-audio-worker=65536"
    "memorysetup-temp-allocator-size-cloud-worker=32768"
    "memorysetup-temp-allocator-size-gfx=262144"
    "memorysetup-temp-allocator-size-preload-manager=33554432"
    "memorysetup-allocator-temp-initial-block-size-main=262144"
    "memorysetup-allocator-temp-initial-block-size-worker=262144"
    "memorysetup-temp-allocator-size-job-worker=262144"
    "memorysetup-temp-allocator-size-background-worker=32768"
    "memorysetup-bucket-allocator-granularity=16"
    "memorysetup-bucket-allocator-bucket-count=8"
    "memorysetup-bucket-allocator-block-size=33554432"
    "memorysetup-bucket-allocator-block-count=8"
    "memorysetup-main-allocator-block-size=16777216"
    "memorysetup-thread-allocator-block-size=16777216"
    "memorysetup-main-allocator-mimalloc-enabled=0"
    "memorysetup-gfx-main-allocator-block-size=16777216"
    "memorysetup-gfx-thread-allocator-block-size=16777216"
    "memorysetup-cache-allocator-block-size=4194304"
    "memorysetup-typetree-allocator-block-size=2097152"
    "memorysetup-profiler-bucket-allocator-granularity=16"
    "memorysetup-profiler-bucket-allocator-bucket-count=8"
    "memorysetup-profiler-bucket-allocator-block-size=33554432"
    "memorysetup-profiler-bucket-allocator-block-count=8"
    "memorysetup-profiler-allocator-block-size=16777216"
    "memorysetup-profiler-editor-allocator-block-size=1048576"
    "memorysetup-temp-allocator-size-main=16777216"
    "memorysetup-job-temp-allocator-block-size=2097152"
    "memorysetup-job-temp-allocator-block-size-background=1048576"
    "memorysetup-job-temp-allocator-reduction-small-platforms=262144"
Player connection [8304]  Target information:

Player connection [8304]  * "[IP] 192.168.0.11 [Port] 0 [Flags] 2 [Guid] 1346624454 [EditorId] 1346624454 [Version] 1048832 [Id] WindowsEditor(7,DESKTOP-6BO2DIE) [Debug] 1 [PackageName] WindowsEditor [ProjectName] Editor" 

Player connection [8304]  * "[IP] 192.168.137.1 [Port] 0 [Flags] 2 [Guid] 1346624454 [EditorId] 1346624454 [Version] 1048832 [Id] WindowsEditor(7,DESKTOP-6BO2DIE) [Debug] 1 [PackageName] WindowsEditor [ProjectName] Editor" 

Player connection [8304] Host joined multi-casting on [225.0.0.222:54997]...
Player connection [8304] Host joined alternative multi-casting on [225.0.0.222:34997]...
JobSystem: Creating JobQueue using job-worker-count value 5
Input System module state changed to: Initialized.
[Physics::Module] Initialized fallback backend.
[Physics::Module] Id: 0xdecafbad
Library Redirect Path: Library/
[Physics::Module] Selected backend.
[Physics::Module] Name: PhysX
[Physics::Module] Id: 0xf2b8ea05
[Physics::Module] SDK Version: 4.1.2
[Physics::Module] Integration Version: 1.0.0
[Physics::Module] Threading Mode: Multi-Threaded
Active build profile path: `Assets/Settings/Build Profiles/Android™.asset`
Got setting from build profile YAML, name `m_BuildSubtarget`, value `0`
[Licensing::Module] Licensing is not yet initialized.
[Licensing::Client] Error: HandshakeResponse reported an error:
	ResponseCode: 505
	ResponseStatus: Unsupported protocol version '1.18.1'.
[Licensing::Module] Error: Failed to handshake to channel: "LicenseClient-IlyaKing"
[Licensing::IpcConnector] LicenseClient-IlyaKing channel disconnected successfully.
[Licensing::IpcConnector] Successfully connected to: "LicenseClient-IlyaKing-6000.5.3" at "2026-07-12T05:51:38.6000823Z"
[Licensing::Client] Code 10 while verifying Licensing Client signature (process Id: 2796, path: "C:/Program Files/Unity/Hub/Editor/6000.5.3f1/Editor/Data/Resources/Licensing/Client/Unity.Licensing.Client.exe")
[Licensing::Module] LicensingClient has failed validation; ignoring
[Licensing::Client] Handshaking with LicensingClient:
  Version:                 1.18.1+9fbee8e
  Session Id:              ee47f143e38745d68cebdb83ffd78287
  Correlation Id:          7e610ffd52c6b9b647ebbcdc7a359cd4
  External correlation Id: 2601403882841005274
  Machine Id:              fRmInWLrjOgrKjn1piGFsZlAubw=
[Licensing::Module] Successfully connected to LicensingClient on channel: "LicenseClient-IlyaKing-6000.5.3" (connect: 0.00s, validation: 0.00s, handshake: 0.01s)
[Licensing::IpcConnector] Successfully connected to: "LicenseClient-IlyaKing-6000.5.3-notifications" at "2026-07-12T05:51:38.610504Z"
[Licensing::Module] Licensing Background thread has ended after 1.24s
[Licensing::Module] Licensing is initialized (took 0.99s).
[Licensing::Client] Successfully resolved entitlement details
[Licensing::Module] License group:
  Id: 10171549892880-UnityPersXXXX
  Product: Unity Personal
  Type: Assigned
  Expiration: Unlimited
Got setting from build profile YAML, name `m_BuildTarget`, value `13`
Got setting from build profile YAML, name `m_Subtarget`, value `0`
Refreshing native plugins compatible for Editor in 11.24 ms, found 5 plugins.
Initialize engine version: 6000.5.3f1 (c2eb47b3a2a9)
[Subsystems] Discovering subsystems at path C:/Program Files/Unity/Hub/Editor/6000.5.3f1/Editor/Data/Resources/UnitySubsystems
[Subsystems] Discovering subsystems at path C:/Users/IlyaKing/Desktop/MyTalkingMellstroy/My_Talking_Mellstroy/Assets
Forcing GfxDevice: Direct3D 12
GfxDevice: creating device client; kGfxThreadingModeNonThreaded
d3d12: failed to query info queue interface (0x80004002).
Direct3D:
    Version:         Direct3D 12 [level 12.1]
    Renderer:        NVIDIA GeForce GTX 1660 SUPER (ID=0x21c4)
    Vendor:          NVIDIA
    VRAM:            5966 MB
    App VRAM Budget: 5198 MB
    Driver:          32.0.16.1062
Got setting from build profile YAML, name `m_BuildSubtarget`, value `0`
Got setting from build profile YAML, name `m_BuildSubtarget`, value `0`
Got setting from build profile YAML, name `m_BuildSubtarget`, value `0`
Initialize mono
Mono path[0] = 'C:/Program Files/Unity/Hub/Editor/6000.5.3f1/Editor/Data/Managed'
Mono path[1] = 'C:/Program Files/Unity/Hub/Editor/6000.5.3f1/Editor/Data/BCLExtensions/runtime/netstandard2.1'
Mono path[2] = 'C:/Program Files/Unity/Hub/Editor/6000.5.3f1/Editor/Data/MonoBleedingEdge/lib/mono/unityjit-win32'
Mono config path = 'C:/Program Files/Unity/Hub/Editor/6000.5.3f1/Editor/Data/MonoBleedingEdge/etc'
Using monoOptions --debugger-agent=transport=dt_socket,embedding=1,server=y,suspend=n,address=127.0.0.1:56364
CodeReloadManager initialized
Got setting from build profile YAML, name `m_BuildSubtarget`, value `0`
Got setting from build profile YAML, name `m_BuildSubtarget`, value `0`
Begin MonoManager ReloadAssembly
Registering precompiled unity dll's ...
Register platform support module: C:/Program Files/Unity/Hub/Editor/6000.5.3f1/Editor/Data/PlaybackEngines/WindowsStandaloneSupport/UnityEditor.WindowsStandalone.Extensions.dll
Register platform support module: C:/Program Files/Unity/Hub/Editor/6000.5.3f1/Editor/Data/PlaybackEngines/AndroidPlayer/UnityEditor.Android.Extensions.dll
[Licensing::Client] Successfully resolved entitlement details
Register platform support module: C:/Program Files/Unity/Hub/Editor/6000.5.3f1/Editor/Data/PlaybackEngines/iOSSupport/UnityEditor.iOS.Extensions.dll
Registered in 0.006156 seconds.
Got setting from build profile YAML, name `m_BuildSubtarget`, value `0`
Got setting from build profile YAML, name `m_BuildSubtarget`, value `0`
Got setting from build profile YAML, name `m_BuildSubtarget`, value `0`
Got setting from build profile YAML, name `m_BuildSubtarget`, value `0`
[usbmuxd] Start listen thread
[usbmuxd] Listen thread started
Native extension for iOS target not found
Native extension for Android target not found
Native extension for WindowsStandalone target not found
Package Manager log level set to [2]
[Package Manager] Failed to launch server process. Reason: Unity was launched with the -noUpm command-line argument
[Package Manager] Unable to send message (not connected to server process).
[Package Manager] Cannot connect to Unity Package Manager local server
ScheduleIndexationOnStartup MainProcess:False IndexOnStartup:True
Mono: successfully reloaded assembly
- Finished resetting the current domain, in  0.445 seconds
Domain Reload Profiling: 1084ms
	BeginReloadAssembly (152ms)
	RebuildCommonClasses (6ms)
	RebuildNativeTypeToScriptingClass (19ms)
	initialDomainReloadingComplete (85ms)
	LoadAllAssembliesAndSetupDomain (375ms)
		LoadAssemblies (148ms)
		AnalyzeDomain (270ms)
			TypeCache.Refresh (268ms)
				TypeCache.ScanAssembly (252ms)
	FinalizeReload (446ms)
		SetupLoadedEditorAssemblies (0ms)
			InitializePlatformSupportModulesInManaged (15ms)
			BeforeProcessingInitializeOnLoad (110ms)
			ProcessInitializeOnLoadAttributes (114ms)
			ProcessInitializeOnLoadMethodAttributes (118ms)
Got setting from build profile YAML, name `m_BuildSubtarget`, value `0`
Got setting from build profile YAML, name `m_BuildSubtarget`, value `0`
Initializing Unity extensions:
[Licensing::Client] Successfully resolved entitlement details
Curl error 3: URL rejected: Malformed input to a URL function
Got setting from build profile YAML, name `m_BuildSubtarget`, value `0`
========================================================================
Worker process is ready to serve import requests
Import Worker Mode flag is 0x00
Got setting from build profile YAML, name `m_BuildSubtarget`, value `0`
Got setting from build profile YAML, name `m_BuildSubtarget`, value `0`
Got setting from build profile YAML, name `m_BuildSubtarget`, value `0`
Got setting from build profile YAML, name `m_BuildSubtarget`, value `0`
Got setting from build profile YAML, name `m_Development`, value `0`
Got setting from build profile YAML, name `m_BuildSubtarget`, value `0`
Got setting from build profile YAML, name `m_BuildSubtarget`, value `0`
Got setting from build profile YAML, name `m_BuildSubtarget`, value `0`
Begin MonoManager ReloadAssembly
Launched and connected shader compiler UnityShaderCompiler.exe after 0.01 seconds
Refreshing native plugins compatible for Editor in 3.43 ms, found 5 plugins.
Native extension for iOS target not found
Native extension for Android target not found
Native extension for WindowsStandalone target not found
[Package Manager] Failed to launch server process. Reason: Unity was launched with the -noUpm command-line argument
[Package Manager] Unable to send message (not connected to server process).
[Package Manager] Cannot connect to Unity Package Manager local server
Refreshing native plugins compatible for Editor in 3.36 ms, found 5 plugins.
[Package Manager] Failed to launch server process. Reason: Unity was launched with the -noUpm command-line argument
[Package Manager] Unable to send message (not connected to server process).
[Package Manager] Cannot connect to Unity Package Manager local server
ScheduleIndexationOnStartup MainProcess:False IndexOnStartup:True
Mono: successfully reloaded assembly
- Finished resetting the current domain, in  1.005 seconds
Domain Reload Profiling: 5388ms
	BeginReloadAssembly (3424ms)
		DisableScriptedObjects (3208ms)
		CreateAndSetChildDomain (41ms)
	RebuildCommonClasses (10ms)
	RebuildNativeTypeToScriptingClass (20ms)
	initialDomainReloadingComplete (91ms)
	LoadAllAssembliesAndSetupDomain (837ms)
		LoadAssemblies (440ms)
		AnalyzeDomain (361ms)
			TypeCache.Refresh (248ms)
				TypeCache.ScanAssembly (227ms)
			BuildScriptInfoCaches (101ms)
			ResolveRequiredComponents (9ms)
	FinalizeReload (1006ms)
		SetupLoadedEditorAssemblies (0ms)
			InitializePlatformSupportModulesInManaged (12ms)
			BeforeProcessingInitializeOnLoad (110ms)
			ProcessInitializeOnLoadAttributes (349ms)
			ProcessInitializeOnLoadMethodAttributes (308ms)
			AfterProcessingInitializeOnLoad (8ms)
		AwakeInstancesAfterBackupRestoration (19ms)
AcceleratorClientConnectionCallback - disconnected - :0
Refreshing native plugins compatible for Editor in 3.39 ms, found 5 plugins.
Unloading 22 Unused Serialized files (Serialized files now loaded: 0)
Curl error 3: URL rejected: Malformed input to a URL function
Unloading 7197 unused Assets / (6.2 MB). Loaded Objects now: 8107.
Memory consumption went from 349.2 MB to 343.0 MB.
Total: 13.167700 ms (FindLiveObjects: 1.053800 ms CreateObjectMapping: 2.773200 ms MarkObjects: 5.898900 ms  DeleteObjects: 3.439200 ms)

========================================================================
Received Prepare
AcceleratorClientConnectionCallback - disconnected - :0
Refreshing native plugins compatible for Editor in 3.69 ms, found 5 plugins.
Unloading 22 Unused Serialized files (Serialized files now loaded: 0)
Unloading 7179 unused Assets / (6.0 MB). Loaded Objects now: 8108.
Memory consumption went from 346.5 MB to 340.6 MB.
Total: 13.736100 ms (FindLiveObjects: 1.051700 ms CreateObjectMapping: 2.526900 ms MarkObjects: 6.370600 ms  DeleteObjects: 3.784700 ms)

Prepare: number of updated asset objects reloaded= 0
EnvironmentDependencyValues requested are different than current active one (requested -> active):
  graphicsApiMask: 2099200 -> 2361344
========================================================================
Received Import Request.
  Time of request: 2026-07-12T06:17:53.0952406Z
  Time since last request: 80761.96048100000189 seconds.
  importAddress: GUID: 9872d7c081c314649b6194d0aa021c6f - Path: Assets/Scripts/SlotMachine.cs - Importer: PreviewImporter
Importing 'GUID: 9872d7c081c314649b6194d0aa021c6f - Path: Assets/Scripts/SlotMachine.cs - Importer: PreviewImporter' with importer (PreviewImporter)
Imported 'GUID: 9872d7c081c314649b6194d0aa021c6f' -> (Import Result ID: 'fe6e8a56e1e871d712efd8ef1d9bf838') in 0.007 seconds [static and dynamic dependencies]. Details - ImportResultOutputID=8c1840ec543bbc2587f327976a84fbb1 DependenciesID=49db04015eb89c35f2242740a8f9a194 StaticDependenciesID=4836a11ec15b74c970721d4838007a01 
Number of updated asset objects reloaded before import = 0
Number of asset objects unloaded after import = 0
========================================================================
Received Prepare
AcceleratorClientConnectionCallback - disconnected - :0
Refreshing native plugins compatible for Editor in 4.37 ms, found 5 plugins.
Unloading 22 Unused Serialized files (Serialized files now loaded: 0)
Unloading 7180 unused Assets / (6.2 MB). Loaded Objects now: 8110.
Memory consumption went from 347.9 MB to 341.6 MB.
Total: 15.497400 ms (FindLiveObjects: 1.016600 ms CreateObjectMapping: 2.899500 ms MarkObjects: 7.165200 ms  DeleteObjects: 4.414500 ms)

Prepare: number of updated asset objects reloaded= 0
EnvironmentDependencyValues requested are different than current active one (requested -> active):
  graphicsApiMask: 2099200 -> 2361344
========================================================================
Received Import Request.
  Time of request: 2026-07-12T06:18:29.9006914Z
  Time since last request: 36.783418 seconds.
  importAddress: GUID: 9872d7c081c314649b6194d0aa021c6f - Path: Assets/Scripts/SlotMachine.cs - Importer: PreviewImporter
Importing 'GUID: 9872d7c081c314649b6194d0aa021c6f - Path: Assets/Scripts/SlotMachine.cs - Importer: PreviewImporter' with importer (PreviewImporter)
Imported 'GUID: 9872d7c081c314649b6194d0aa021c6f' -> (Import Result ID: 'a56f0750291b8ba3f94b68a3391a31dc') in 0.002 seconds [static and dynamic dependencies]. Details - ImportResultOutputID=8c1840ec543bbc2587f327976a84fbb1 DependenciesID=b83cd8c729ee70edc9f1797163389b1b StaticDependenciesID=d39cae37faddd4cc00d542e1c9f45148 
Number of updated asset objects reloaded before import = 0
Number of asset objects unloaded after import = 0
========================================================================
Received Prepare
AcceleratorClientConnectionCallback - disconnected - :0
[Licensing::Client] Successfully resolved entitlement details
[Licensing::Client] Successfully resolved entitlement details
Begin MonoManager ReloadAssembly
Refreshing native plugins compatible for Editor in 4.09 ms, found 5 plugins.
Native extension for iOS target not found
Native extension for Android target not found
Native extension for WindowsStandalone target not found
[Package Manager] Failed to launch server process. Reason: Unity was launched with the -noUpm command-line argument
[Package Manager] Unable to send message (not connected to server process).
[Package Manager] Cannot connect to Unity Package Manager local server
[Package Manager] Failed to launch server process. Reason: Unity was launched with the -noUpm command-line argument
[Package Manager] Unable to send message (not connected to server process).
[Package Manager] Cannot connect to Unity Package Manager local server
ScheduleIndexationOnStartup MainProcess:False IndexOnStartup:True
Mono: successfully reloaded assembly
- Finished resetting the current domain, in  1.004 seconds
Domain Reload Profiling: 2306ms
	BeginReloadAssembly (315ms)
		DisableScriptedObjects (39ms)
		CreateAndSetChildDomain (68ms)
	RebuildCommonClasses (10ms)
	RebuildNativeTypeToScriptingClass (20ms)
	initialDomainReloadingComplete (94ms)
	LoadAllAssembliesAndSetupDomain (860ms)
		LoadAssemblies (525ms)
		AnalyzeDomain (304ms)
			TypeCache.Refresh (13ms)
			BuildScriptInfoCaches (273ms)
			ResolveRequiredComponents (15ms)
	FinalizeReload (1006ms)
		SetupLoadedEditorAssemblies (0ms)
			InitializePlatformSupportModulesInManaged (16ms)
			BeforeProcessingInitializeOnLoad (120ms)
			ProcessInitializeOnLoadAttributes (378ms)
			ProcessInitializeOnLoadMethodAttributes (176ms)
			AfterProcessingInitializeOnLoad (8ms)
		AwakeInstancesAfterBackupRestoration (45ms)
Refreshing native plugins compatible for Editor in 3.48 ms, found 5 plugins.
Unloading 22 Unused Serialized files (Serialized files now loaded: 0)
Unloading 7196 unused Assets / (6.3 MB). Loaded Objects now: 8114.
Memory consumption went from 337.3 MB to 331.0 MB.
Total: 14.860300 ms (FindLiveObjects: 1.160400 ms CreateObjectMapping: 2.943700 ms MarkObjects: 6.484600 ms  DeleteObjects: 4.270100 ms)

Prepare: number of updated asset objects reloaded= 0
EnvironmentDependencyValues requested are different than current active one (requested -> active):
  graphicsApiMask: 2099200 -> 2361344
========================================================================
Received Import Request.
  Time of request: 2026-07-12T06:19:05.667381Z
  Time since last request: 35.7499661 seconds.
  importAddress: GUID: 9872d7c081c314649b6194d0aa021c6f - Path: Assets/Scripts/SlotMachine.cs - Importer: PreviewImporter
Importing 'GUID: 9872d7c081c314649b6194d0aa021c6f - Path: Assets/Scripts/SlotMachine.cs - Importer: PreviewImporter' with importer (PreviewImporter)
Imported 'GUID: 9872d7c081c314649b6194d0aa021c6f' -> (Import Result ID: '7e242de0faa761cb29aad13ae6bf3db8') in 0.002 seconds [static and dynamic dependencies]. Details - ImportResultOutputID=8c1840ec543bbc2587f327976a84fbb1 DependenciesID=7b1a53840da269783c2c1bff0b33e125 StaticDependenciesID=d39cae37faddd4cc00d542e1c9f45148 
Number of updated asset objects reloaded before import = 0
Number of asset objects unloaded after import = 0
========================================================================
Received Prepare
AcceleratorClientConnectionCallback - disconnected - :0
Refreshing native plugins compatible for Editor in 3.57 ms, found 5 plugins.
Unloading 22 Unused Serialized files (Serialized files now loaded: 0)
Unloading 23 unused Assets / (2.6 MB). Loaded Objects now: 8114.
Memory consumption went from 332.1 MB to 329.5 MB.
Total: 8.754000 ms (FindLiveObjects: 0.521200 ms CreateObjectMapping: 1.245300 ms MarkObjects: 6.347100 ms  DeleteObjects: 0.638900 ms)

Prepare: number of updated asset objects reloaded= 0
EnvironmentDependencyValues requested are different than current active one (requested -> active):
  graphicsApiMask: 2099200 -> 2361344
========================================================================
Received Prepare
AcceleratorClientConnectionCallback - disconnected - :0
Refreshing native plugins compatible for Editor in 4.27 ms, found 5 plugins.
Unloading 22 Unused Serialized files (Serialized files now loaded: 0)
Unloading 23 unused Assets / (2.6 MB). Loaded Objects now: 8114.
Memory consumption went from 332.6 MB to 330.0 MB.
Total: 10.550800 ms (FindLiveObjects: 0.540900 ms CreateObjectMapping: 0.919000 ms MarkObjects: 8.103200 ms  DeleteObjects: 0.984900 ms)

Prepare: number of updated asset objects reloaded= 0
EnvironmentDependencyValues requested are different than current active one (requested -> active):
  graphicsApiMask: 2099200 -> 2361344
========================================================================
Received Import Request.
  Time of request: 2026-07-12T06:42:35.617338Z
  Time since last request: 1409.93361750000008 seconds.
  importAddress: GUID: 09799003860d5694890d626c2372822f - Path: Assets/Sprites/Reel_Kazino.png - Importer: PreviewImporter
Importing 'GUID: 09799003860d5694890d626c2372822f - Path: Assets/Sprites/Reel_Kazino.png - Importer: PreviewImporter' with importer (PreviewImporter)
[Licensing::Client] Successfully resolved entitlement details
[Licensing::Client] Successfully resolved entitlement details
Imported 'GUID: 09799003860d5694890d626c2372822f' -> (Import Result ID: '1513f714ff51c494b299bb32bae239d8') in 0.135 seconds [static and dynamic dependencies]. Details - ImportResultOutputID=7796367654a4ad3906f497cd6fe384ee DependenciesID=79e83bf9104f3a32fa09b8a0a8f18387 StaticDependenciesID=8263ee50b21654f6be9a5af5801347bc 
Number of updated asset objects reloaded before import = 0
Number of asset objects unloaded after import = 3
========================================================================
Received Import Request.
  Time of request: 2026-07-12T06:53:16.8797924Z
  Time since last request: 641.11080609999999 seconds.
  importAddress: GUID: f88677df267a41d6be1e7a6133e7d227 - Path: Assets/TextMesh Pro/Examples & Extras/Textures/Brushed Metal 3.jpg - Importer: PreviewImporter
Importing 'GUID: f88677df267a41d6be1e7a6133e7d227 - Path: Assets/TextMesh Pro/Examples & Extras/Textures/Brushed Metal 3.jpg - Importer: PreviewImporter' with importer (PreviewImporter)
Imported 'GUID: f88677df267a41d6be1e7a6133e7d227' -> (Import Result ID: '43857a5fc67724929d9d98448df13288') in 0.015 seconds [static and dynamic dependencies]. Details - ImportResultOutputID=2d0e7099d19790b018c9313076481ffe DependenciesID=c43796e6b6696c30f6b33a0bab7c2393 StaticDependenciesID=02d04c8b10c1a63f5960dc587bc103c9 
Number of updated asset objects reloaded before import = 0
Number of asset objects unloaded after import = 2
========================================================================
Received Prepare
AcceleratorClientConnectionCallback - disconnected - :0
Refreshing native plugins compatible for Editor in 5.75 ms, found 5 plugins.
Unloading 22 Unused Serialized files (Serialized files now loaded: 0)
Unloading 7180 unused Assets / (6.7 MB). Loaded Objects now: 8122.
Memory consumption went from 337.6 MB to 330.9 MB.
Total: 17.777700 ms (FindLiveObjects: 1.082600 ms CreateObjectMapping: 3.212200 ms MarkObjects: 7.756800 ms  DeleteObjects: 5.723700 ms)

Prepare: number of updated asset objects reloaded= 0
EnvironmentDependencyValues requested are different than current active one (requested -> active):
  graphicsApiMask: 2099200 -> 2361344
========================================================================
Received Prepare
AcceleratorClientConnectionCallback - disconnected - :0
[Licensing::Client] Successfully resolved entitlement details
[Licensing::Client] Successfully resolved entitlement details
Begin MonoManager ReloadAssembly
Refreshing native plugins compatible for Editor in 4.61 ms, found 5 plugins.
Native extension for iOS target not found
Native extension for Android target not found
Native extension for WindowsStandalone target not found
[Package Manager] Failed to launch server process. Reason: Unity was launched with the -noUpm command-line argument
[Package Manager] Unable to send message (not connected to server process).
[Package Manager] Cannot connect to Unity Package Manager local server
[Package Manager] Failed to launch server process. Reason: Unity was launched with the -noUpm command-line argument
[Package Manager] Unable to send message (not connected to server process).
[Package Manager] Cannot connect to Unity Package Manager local server
ScheduleIndexationOnStartup MainProcess:False IndexOnStartup:True
Mono: successfully reloaded assembly
- Finished resetting the current domain, in  0.913 seconds
Domain Reload Profiling: 2362ms
	BeginReloadAssembly (351ms)
		DisableScriptedObjects (40ms)
		CreateAndSetChildDomain (75ms)
	RebuildCommonClasses (11ms)
	RebuildNativeTypeToScriptingClass (30ms)
	initialDomainReloadingComplete (121ms)
	LoadAllAssembliesAndSetupDomain (936ms)
		LoadAssemblies (649ms)
		AnalyzeDomain (287ms)
			TypeCache.Refresh (15ms)
			BuildScriptInfoCaches (261ms)
			ResolveRequiredComponents (9ms)
	FinalizeReload (914ms)
		SetupLoadedEditorAssemblies (0ms)
			InitializePlatformSupportModulesInManaged (15ms)
			BeforeProcessingInitializeOnLoad (109ms)
			ProcessInitializeOnLoadAttributes (338ms)
			ProcessInitializeOnLoadMethodAttributes (162ms)
			AfterProcessingInitializeOnLoad (9ms)
		AwakeInstancesAfterBackupRestoration (43ms)
Refreshing native plugins compatible for Editor in 4.01 ms, found 5 plugins.
Unloading 22 Unused Serialized files (Serialized files now loaded: 0)
Unloading 7196 unused Assets / (6.0 MB). Loaded Objects now: 8124.
Memory consumption went from 338.6 MB to 332.6 MB.
Total: 13.758300 ms (FindLiveObjects: 0.954900 ms CreateObjectMapping: 2.540300 ms MarkObjects: 6.672300 ms  DeleteObjects: 3.588800 ms)

Prepare: number of updated asset objects reloaded= 0
EnvironmentDependencyValues requested are different than current active one (requested -> active):
  graphicsApiMask: 2099200 -> 2361344
========================================================================
Received Prepare
AcceleratorClientConnectionCallback - disconnected - :0
Refreshing native plugins compatible for Editor in 4.00 ms, found 5 plugins.
Unloading 22 Unused Serialized files (Serialized files now loaded: 0)
Unloading 7180 unused Assets / (7.0 MB). Loaded Objects now: 8124.
Memory consumption went from 339.2 MB to 332.2 MB.
Total: 18.553600 ms (FindLiveObjects: 1.421400 ms CreateObjectMapping: 3.414600 ms MarkObjects: 7.524300 ms  DeleteObjects: 6.190700 ms)

Prepare: number of updated asset objects reloaded= 0
EnvironmentDependencyValues requested are different than current active one (requested -> active):
  graphicsApiMask: 2099200 -> 2361344
========================================================================
Received Prepare
AcceleratorClientConnectionCallback - disconnected - :0
Begin MonoManager ReloadAssembly
Could not open file C:/Users/IlyaKing/Desktop/MyTalkingMellstroy/My_Talking_Mellstroy/Library/BuildProfiles/PlatformProfile.b9b35072a6f44c2e863f17467ea3dc13.asset for read
UnityEngine.Debug:ExtractStackTraceNoAlloc (byte*,int,string)
UnityEngine.StackTraceUtility:ExtractStackTrace ()
UnityEditorInternal.InternalEditorUtility:SaveToSerializedFileAndForgetInternal (string,UnityEngine.Object[],bool)
UnityEditorInternal.InternalEditorUtility:SaveToSerializedFileAndForget (UnityEngine.Object[],string,bool)
UnityEditor.Build.Profile.BuildProfileContext:SaveBuildProfileInProject (UnityEditor.Build.Profile.BuildProfile)
UnityEditor.Build.Profile.BuildProfileContext:OnDisable ()

[C:\build\output\unity\unity\Runtime\File\OpenFileCache.cpp line 61]

Assertion failed on expression: 'res'
UnityEngine.Debug:ExtractStackTraceNoAlloc (byte*,int,string)
UnityEngine.StackTraceUtility:ExtractStackTrace ()
UnityEditorInternal.InternalEditorUtility:SaveToSerializedFileAndForgetInternal (string,UnityEngine.Object[],bool)
UnityEditorInternal.InternalEditorUtility:SaveToSerializedFileAndForget (UnityEngine.Object[],string,bool)
UnityEditor.Build.Profile.BuildProfileContext:SaveBuildProfileInProject (UnityEditor.Build.Profile.BuildProfile)
UnityEditor.Build.Profile.BuildProfileContext:OnDisable ()

[C:\build\output\unity\unity\Runtime\Serialize\SerializationCaching\FileCacherRead.cpp line 170]

Serialized files [version 0] before 2019.1 are deprecated. Open and re-save the file: "Library/Unused/8fad3c3ede4664247a092cc9b4a33600"
UnityEngine.Debug:ExtractStackTraceNoAlloc (byte*,int,string)
UnityEngine.StackTraceUtility:ExtractStackTrace ()
UnityEditorInternal.InternalEditorUtility:SaveToSerializedFileAndForgetInternal (string,UnityEngine.Object[],bool)
UnityEditorInternal.InternalEditorUtility:SaveToSerializedFileAndForget (UnityEngine.Object[],string,bool)
UnityEditor.Build.Profile.BuildProfileContext:SaveBuildProfileInProject (UnityEditor.Build.Profile.BuildProfile)
UnityEditor.Build.Profile.BuildProfileContext:OnDisable ()

[C:\build\output\unity\unity\Runtime\Serialize\SerializedFile.cpp line 835]

Unknown error occurred while loading 'Library/BuildProfiles/PlatformProfile.b9b35072a6f44c2e863f17467ea3dc13.asset'.
UnityEngine.Debug:ExtractStackTraceNoAlloc (byte*,int,string)
UnityEngine.StackTraceUtility:ExtractStackTrace ()
UnityEditorInternal.InternalEditorUtility:SaveToSerializedFileAndForgetInternal (string,UnityEngine.Object[],bool)
UnityEditorInternal.InternalEditorUtility:SaveToSerializedFileAndForget (UnityEngine.Object[],string,bool)
UnityEditor.Build.Profile.BuildProfileContext:SaveBuildProfileInProject (UnityEditor.Build.Profile.BuildProfile)
UnityEditor.Build.Profile.BuildProfileContext:OnDisable ()

[ line 0]

Refreshing native plugins compatible for Editor in 3.21 ms, found 5 plugins.
Native extension for iOS target not found
Native extension for Android target not found
Native extension for WindowsStandalone target not found
[Package Manager] Failed to launch server process. Reason: Unity was launched with the -noUpm command-line argument
[Package Manager] Unable to send message (not connected to server process).
[Package Manager] Cannot connect to Unity Package Manager local server
[Package Manager] Failed to launch server process. Reason: Unity was launched with the -noUpm command-line argument
[Package Manager] Unable to send message (not connected to server process).
[Package Manager] Cannot connect to Unity Package Manager local server
ScheduleIndexationOnStartup MainProcess:False IndexOnStartup:True
Mono: successfully reloaded assembly
- Finished resetting the current domain, in  0.904 seconds
Domain Reload Profiling: 2152ms
	BeginReloadAssembly (309ms)
		DisableScriptedObjects (54ms)
		CreateAndSetChildDomain (57ms)
	RebuildCommonClasses (11ms)
	RebuildNativeTypeToScriptingClass (23ms)
	initialDomainReloadingComplete (91ms)
	LoadAllAssembliesAndSetupDomain (812ms)
		LoadAssemblies (481ms)
		AnalyzeDomain (307ms)
			TypeCache.Refresh (18ms)
			BuildScriptInfoCaches (277ms)
			ResolveRequiredComponents (9ms)
	FinalizeReload (906ms)
		SetupLoadedEditorAssemblies (0ms)
			InitializePlatformSupportModulesInManaged (13ms)
			BeforeProcessingInitializeOnLoad (124ms)
			ProcessInitializeOnLoadAttributes (333ms)
			ProcessInitializeOnLoadMethodAttributes (155ms)
			AfterProcessingInitializeOnLoad (8ms)
		AwakeInstancesAfterBackupRestoration (39ms)
Refreshing native plugins compatible for Editor in 3.37 ms, found 5 plugins.
Unloading 22 Unused Serialized files (Serialized files now loaded: 0)
Unloading 7196 unused Assets / (6.6 MB). Loaded Objects now: 8127.
Memory consumption went from 342.6 MB to 335.9 MB.
Total: 14.135200 ms (FindLiveObjects: 0.975900 ms CreateObjectMapping: 2.217300 ms MarkObjects: 6.366400 ms  DeleteObjects: 4.573700 ms)

Prepare: number of updated asset objects reloaded= 0
EnvironmentDependencyValues requested are different than current active one (requested -> active):
  graphicsApiMask: 2099200 -> 2361344
========================================================================
Received Prepare
AcceleratorClientConnectionCallback - disconnected - :0
Refreshing native plugins compatible for Editor in 3.93 ms, found 5 plugins.
Unloading 22 Unused Serialized files (Serialized files now loaded: 0)
Unloading 7180 unused Assets / (6.0 MB). Loaded Objects now: 8127.
Memory consumption went from 343.2 MB to 337.2 MB.
Total: 14.003200 ms (FindLiveObjects: 0.961900 ms CreateObjectMapping: 2.278800 ms MarkObjects: 6.736300 ms  DeleteObjects: 4.024900 ms)

Prepare: number of updated asset objects reloaded= 0
EnvironmentDependencyValues requested are different than current active one (requested -> active):
  graphicsApiMask: 2099200 -> 2361344
========================================================================
Received Prepare
AcceleratorClientConnectionCallback - disconnected - :0
Begin MonoManager ReloadAssembly
Refreshing native plugins compatible for Editor in 3.52 ms, found 5 plugins.
Native extension for iOS target not found
Native extension for Android target not found
Native extension for WindowsStandalone target not found
[Package Manager] Failed to launch server process. Reason: Unity was launched with the -noUpm command-line argument
[Package Manager] Unable to send message (not connected to server process).
[Package Manager] Cannot connect to Unity Package Manager local server
[Package Manager] Failed to launch server process. Reason: Unity was launched with the -noUpm command-line argument
[Package Manager] Unable to send message (not connected to server process).
[Package Manager] Cannot connect to Unity Package Manager local server
ScheduleIndexationOnStartup MainProcess:False IndexOnStartup:True
Mono: successfully reloaded assembly
- Finished resetting the current domain, in  0.931 seconds
Domain Reload Profiling: 2208ms
	BeginReloadAssembly (335ms)
		DisableScriptedObjects (64ms)
		CreateAndSetChildDomain (70ms)
	RebuildCommonClasses (12ms)
	RebuildNativeTypeToScriptingClass (21ms)
	initialDomainReloadingComplete (89ms)
	LoadAllAssembliesAndSetupDomain (819ms)
		LoadAssemblies (477ms)
		AnalyzeDomain (298ms)
			TypeCache.Refresh (15ms)
			BuildScriptInfoCaches (272ms)
			ResolveRequiredComponents (9ms)
	FinalizeReload (932ms)
		SetupLoadedEditorAssemblies (0ms)
			InitializePlatformSupportModulesInManaged (14ms)
			BeforeProcessingInitializeOnLoad (116ms)
			ProcessInitializeOnLoadAttributes (338ms)
			ProcessInitializeOnLoadMethodAttributes (162ms)
			AfterProcessingInitializeOnLoad (8ms)
		AwakeInstancesAfterBackupRestoration (44ms)
Refreshing native plugins compatible for Editor in 3.54 ms, found 5 plugins.
Unloading 22 Unused Serialized files (Serialized files now loaded: 0)
Unloading 7196 unused Assets / (6.2 MB). Loaded Objects now: 8130.
Memory consumption went from 346.1 MB to 339.8 MB.
Total: 13.551300 ms (FindLiveObjects: 1.006600 ms CreateObjectMapping: 2.741200 ms MarkObjects: 6.184200 ms  DeleteObjects: 3.617900 ms)

Prepare: number of updated asset objects reloaded= 0
EnvironmentDependencyValues requested are different than current active one (requested -> active):
  graphicsApiMask: 2099200 -> 2361344
========================================================================
Received Prepare
AcceleratorClientConnectionCallback - disconnected - :0
Refreshing native plugins compatible for Editor in 3.66 ms, found 5 plugins.
Unloading 22 Unused Serialized files (Serialized files now loaded: 0)
Unloading 23 unused Assets / (2.6 MB). Loaded Objects now: 8130.
Memory consumption went from 341.4 MB to 338.8 MB.
Total: 8.809100 ms (FindLiveObjects: 0.520800 ms CreateObjectMapping: 0.854900 ms MarkObjects: 6.793900 ms  DeleteObjects: 0.637900 ms)

Prepare: number of updated asset objects reloaded= 0
EnvironmentDependencyValues requested are different than current active one (requested -> active):
  graphicsApiMask: 2099200 -> 2361344
========================================================================
Received Prepare
AcceleratorClientConnectionCallback - disconnected - :0
Refreshing native plugins compatible for Editor in 3.90 ms, found 5 plugins.
Unloading 22 Unused Serialized files (Serialized files now loaded: 0)
Unloading 23 unused Assets / (2.6 MB). Loaded Objects now: 8130.
Memory consumption went from 341.8 MB to 339.2 MB.
Total: 8.947800 ms (FindLiveObjects: 0.554600 ms CreateObjectMapping: 0.834800 ms MarkObjects: 6.829200 ms  DeleteObjects: 0.727600 ms)

Prepare: number of updated asset objects reloaded= 0
EnvironmentDependencyValues requested are different than current active one (requested -> active):
  graphicsApiMask: 2099200 -> 2361344
========================================================================
Received Prepare
AcceleratorClientConnectionCallback - disconnected - :0
Refreshing native plugins compatible for Editor in 4.14 ms, found 5 plugins.
Unloading 22 Unused Serialized files (Serialized files now loaded: 0)
Unloading 23 unused Assets / (2.6 MB). Loaded Objects now: 8130.
Memory consumption went from 342.3 MB to 339.7 MB.
Total: 8.311600 ms (FindLiveObjects: 0.524700 ms CreateObjectMapping: 0.773700 ms MarkObjects: 6.379400 ms  DeleteObjects: 0.632300 ms)

Prepare: number of updated asset objects reloaded= 0
EnvironmentDependencyValues requested are different than current active one (requested -> active):
  graphicsApiMask: 2099200 -> 2361344
========================================================================
Received Import Request.
  Time of request: 2026-07-12T07:27:22.5997605Z
  Time since last request: 2045.68798689999994 seconds.
  importAddress: GUID: 19c6c29c9b0136146abf08c30e789b9d - Path: Assets/Audio/Win_SlotMachine.wav - Importer: PreviewImporter
Importing 'GUID: 19c6c29c9b0136146abf08c30e789b9d - Path: Assets/Audio/Win_SlotMachine.wav - Importer: PreviewImporter' with importer (PreviewImporter)
Imported 'GUID: 19c6c29c9b0136146abf08c30e789b9d' -> (Import Result ID: '8ff42128366c5d6ed3ffb6d06ff1bdde') in 0.169 seconds [static and dynamic dependencies]. Details - ImportResultOutputID=ca91942b3a4edbf0243b17da7361ca91 DependenciesID=5036bab861b1b65bf3bfba3c74ee7418 StaticDependenciesID=aed3ab6cd14fda7ae56cb1f30b60da3b 
Number of updated asset objects reloaded before import = 0
Number of asset objects unloaded after import = 2
========================================================================
Received Import Request.
  Time of request: 2026-07-12T07:32:01.7639725Z
  Time since last request: 278.97703130000002 seconds.
  importAddress: GUID: e73a58f6e2794ae7b1b7e50b7fb811b0 - Path: Assets/TextMesh Pro/Resources/Fonts & Materials/LiberationSans SDF - Drop Shadow.mat - Importer: ScriptedImporter/UnityEditor.QuickSearchModule:UnityEditor.Search:ASIAI0B
Importing 'GUID: e73a58f6e2794ae7b1b7e50b7fb811b0 - Path: Assets/TextMesh Pro/Resources/Fonts & Materials/LiberationSans SDF - Drop Shadow.mat - Importer: ScriptedImporter/UnityEditor.QuickSearchModule:UnityEditor.Search:ASIAI0B' with importer (ScriptedImporter : UnityEditor.QuickSearchModule:UnityEditor.Search:ASIAI0B)
Imported 'GUID: e73a58f6e2794ae7b1b7e50b7fb811b0' -> (Import Result ID: '41cfb70b1d4c8b58fc75bafee03052ca') in 0.277 seconds [static and dynamic dependencies]. Details - ImportResultOutputID=6e814732838896fed2c6898a485b5d21 DependenciesID=b95f73166691546f438c19f1ce01aa7f StaticDependenciesID=bc8581398818ecf6d986950e4f4629bd 
Number of updated asset objects reloaded before import = 0
Number of asset objects unloaded after import = 2
========================================================================
Received Import Request.
  Time of request: 2026-07-12T07:32:02.0563185Z
  Time since last request: 0.0008397 seconds.
  importAddress: GUID: 8c9cfa26abfee488c85f1582747f6a02 - Path: Assets/Scenes/kipr.unity - Importer: ScriptedImporter/UnityEditor.QuickSearchModule:UnityEditor.Search:ASIAI0B
Importing 'GUID: 8c9cfa26abfee488c85f1582747f6a02 - Path: Assets/Scenes/kipr.unity - Importer: ScriptedImporter/UnityEditor.QuickSearchModule:UnityEditor.Search:ASIAI0B' with importer (ScriptedImporter : UnityEditor.QuickSearchModule:UnityEditor.Search:ASIAI0B)
Imported 'GUID: 8c9cfa26abfee488c85f1582747f6a02' -> (Import Result ID: 'fcb33671cea1f9843cb68ae27670ac90') in 0.010 seconds [static and dynamic dependencies]. Details - ImportResultOutputID=9c78ce7e0f572c0f8fd1c6f71f30326a DependenciesID=d4cf1be573b23543d57651fb3205a02c StaticDependenciesID=3f020fc36d66951ff828cc2ac808709c 
Number of updated asset objects reloaded before import = 0
Number of asset objects unloaded after import = 1
========================================================================
Received Import Request.
  Time of request: 2026-07-12T07:32:02.0876766Z
  Time since last request: 0.0022241 seconds.
  importAddress: GUID: 2e498d1c8094910479dc3e1b768306a4 - Path: Assets/TextMesh Pro/Resources/Fonts & Materials/LiberationSans SDF - Fallback.asset - Importer: ScriptedImporter/UnityEditor.QuickSearchModule:UnityEditor.Search:ASIAI0B
Importing 'GUID: 2e498d1c8094910479dc3e1b768306a4 - Path: Assets/TextMesh Pro/Resources/Fonts & Materials/LiberationSans SDF - Fallback.asset - Importer: ScriptedImporter/UnityEditor.QuickSearchModule:UnityEditor.Search:ASIAI0B' with importer (ScriptedImporter : UnityEditor.QuickSearchModule:UnityEditor.Search:ASIAI0B)
Imported 'GUID: 2e498d1c8094910479dc3e1b768306a4' -> (Import Result ID: 'cd6cd85afa3992b5b498e7d0921f3db9') in 0.095 seconds [static and dynamic dependencies]. Details - ImportResultOutputID=17f6b50481d5a858a5deaeb7e67d0b35 DependenciesID=386503e19da617edc27d1061ce8e0747 StaticDependenciesID=60e31dccd63a689223a653b7c99209db 
Number of updated asset objects reloaded before import = 0
Number of asset objects unloaded after import = 5
========================================================================
Received Import Request.
  Time of request: 2026-07-12T07:32:02.2017219Z
  Time since last request: 0.0014178 seconds.
  importAddress: GUID: d63b574b0ca90ab409e6e17893c22e29 - Path: Assets/Audio/Spin_SlotMachine.wav - Importer: ScriptedImporter/UnityEditor.QuickSearchModule:UnityEditor.Search:ASIAI0B
Importing 'GUID: d63b574b0ca90ab409e6e17893c22e29 - Path: Assets/Audio/Spin_SlotMachine.wav - Importer: ScriptedImporter/UnityEditor.QuickSearchModule:UnityEditor.Search:ASIAI0B' with importer (ScriptedImporter : UnityEditor.QuickSearchModule:UnityEditor.Search:ASIAI0B)
Imported 'GUID: d63b574b0ca90ab409e6e17893c22e29' -> (Import Result ID: '4efe53db594c9627160bf849e1ce0d9d') in 0.014 seconds [static and dynamic dependencies]. Details - ImportResultOutputID=ca2b5a34b9026c721c9c9329f791c48c DependenciesID=ef550a34fe0df337989cb9e44b34955d StaticDependenciesID=e098282abe573334554042cb0c7b32fc 
Number of updated asset objects reloaded before import = 0
Number of asset objects unloaded after import = 1
Editor requested this worker to shutdown with reason: Scaling down because of idle timeout
AcceleratorClientConnectionCallback - disconnected - :0
AssetImportWorker is now disconnected from the server
Process exiting
Exiting without the bug reporter. Application will terminate with return code 0