[Licensing::Module] Trying to connect to existing licensing client channel...
Built from '6000.5/staging' branch; Version is '6000.5.3f1 (c2eb47b3a2a9) revision 12774215'; Using compiler version '194234433'; Build Type 'Release'
[Licensing::IpcConnector] Successfully connected to: "LicenseClient-IlyaKing" at "2026-07-12T18:11:39.3399019Z"
OS: 'Windows 11  (10.0.26200) Professional' Language: 'ru' Physical Memory: 14227 MB
BatchMode: 1, IsHumanControllingUs: 0, StartBugReporterOnCrash: 0, Is64bit: 1
System  architecture: x64
Process architecture: x64
Date: 2026-07-12T18:11:39Z

COMMAND LINE ARGUMENTS:
C:\Program Files\Unity\Hub\Editor\6000.5.3f1\Editor\Unity.exe
-adb2
-batchMode
-noUpm
-name
AssetImportWorkerHW0
-projectPath
C:/Users/IlyaKing/Desktop/MyTalkingMellstroy/My_Talking_Mellstroy
-logFile
Logs/AssetImportWorkerHW0.log
-srvPort
51911
-parentPid
20996
-analyticsCloudUserId
anonymous
-analyticsCloudProjectId
31959c1e-8824-4b36-aa93-33b06d99f255
-analyticsLocalProjectId
3a23c01a6d41d244fb97a1da7f7e67fa
-licensingIpc
LicenseClient-IlyaKing
-noDiagnosticSwitchPersistentStore
-job-worker-count
5
-background-job-worker-count
8
-asset-garbage-collectors
1
-force-d3d12
-name
AssetImport
Successfully changed project path to: C:/Users/IlyaKing/Desktop/MyTalkingMellstroy/My_Talking_Mellstroy
C:/Users/IlyaKing/Desktop/MyTalkingMellstroy/My_Talking_Mellstroy
[UnityMemory] Configuration Parameters - Can be set up in boot.config
    "memorysetup-temp-allocator-size-gi-baking-worker=262144"
    "memorysetup-temp-allocator-size-gi-baking-worker=262144"
    "memorysetup-temp-allocator-size-gi-baking-worker=262144"
    "memorysetup-temp-allocator-size-gi-baking-worker=262144"
    "memorysetup-temp-allocator-size-gi-baking-worker=262144"
    "memorysetup-temp-allocator-size-nav-mesh-worker=65536"
    "memorysetup-temp-allocator-size-audio-worker=65536"
    "memorysetup-temp-allocator-size-cloud-worker=32768"
    "memorysetup-temp-allocator-size-gfx=262144"
    "memorysetup-temp-allocator-size-preload-manager=33554432"
    "memorysetup-allocator-temp-initial-block-size-main=262144"
    "memorysetup-allocator-temp-initial-block-size-worker=262144"
    "memorysetup-temp-allocator-size-job-worker=262144"
    "memorysetup-temp-allocator-size-background-worker=32768"
    "memorysetup-bucket-allocator-granularity=16"
    "memorysetup-bucket-allocator-bucket-count=8"
    "memorysetup-bucket-allocator-block-size=33554432"
    "memorysetup-bucket-allocator-block-count=8"
    "memorysetup-main-allocator-block-size=16777216"
    "memorysetup-thread-allocator-block-size=16777216"
    "memorysetup-main-allocator-mimalloc-enabled=0"
    "memorysetup-gfx-main-allocator-block-size=16777216"
    "memorysetup-gfx-thread-allocator-block-size=16777216"
    "memorysetup-cache-allocator-block-size=4194304"
    "memorysetup-typetree-allocator-block-size=2097152"
    "memorysetup-profiler-bucket-allocator-granularity=16"
    "memorysetup-profiler-bucket-allocator-bucket-count=8"
    "memorysetup-profiler-bucket-allocator-block-size=33554432"
    "memorysetup-profiler-bucket-allocator-block-count=8"
    "memorysetup-profiler-allocator-block-size=16777216"
    "memorysetup-profiler-editor-allocator-block-size=1048576"
    "memorysetup-temp-allocator-size-main=16777216"
    "memorysetup-job-temp-allocator-block-size=2097152"
    "memorysetup-job-temp-allocator-block-size-background=1048576"
    "memorysetup-job-temp-allocator-reduction-small-platforms=262144"
Player connection [23996]  Target information:

Player connection [23996]  * "[IP] 192.168.0.11 [Port] 0 [Flags] 2 [Guid] 1107920545 [EditorId] 1107920545 [Version] 1048832 [Id] WindowsEditor(7,DESKTOP-6BO2DIE) [Debug] 1 [PackageName] WindowsEditor [ProjectName] Editor" 

Player connection [23996]  * "[IP] 192.168.137.1 [Port] 0 [Flags] 2 [Guid] 1107920545 [EditorId] 1107920545 [Version] 1048832 [Id] WindowsEditor(7,DESKTOP-6BO2DIE) [Debug] 1 [PackageName] WindowsEditor [ProjectName] Editor" 

Player connection [23996] Host joined multi-casting on [225.0.0.222:54997]...
Player connection [23996] Host joined alternative multi-casting on [225.0.0.222:34997]...
JobSystem: Creating JobQueue using job-worker-count value 5
Input System module state changed to: Initialized.
[Physics::Module] Initialized fallback backend.
[Physics::Module] Id: 0xdecafbad
Library Redirect Path: Library/
[Physics::Module] Selected backend.
[Physics::Module] Name: PhysX
[Physics::Module] Id: 0xf2b8ea05
[Physics::Module] SDK Version: 4.1.2
[Physics::Module] Integration Version: 1.0.0
[Physics::Module] Threading Mode: Multi-Threaded
Active build profile path: `Assets/Settings/Build Profiles/Android™.asset`
Got setting from build profile YAML, name `m_BuildSubtarget`, value `0`
[Licensing::Module] Licensing is not yet initialized.
[Licensing::Client] Error: HandshakeResponse reported an error:
	ResponseCode: 505
	ResponseStatus: Unsupported protocol version '1.18.1'.
[Licensing::Module] Error: Failed to handshake to channel: "LicenseClient-IlyaKing"
[Licensing::IpcConnector] LicenseClient-IlyaKing channel disconnected successfully.
[Licensing::IpcConnector] Successfully connected to: "LicenseClient-IlyaKing-6000.5.3" at "2026-07-12T18:11:40.5635327Z"
[Licensing::Client] Code 10 while verifying Licensing Client signature (process Id: 23092, path: "C:/Program Files/Unity/Hub/Editor/6000.5.3f1/Editor/Data/Resources/Licensing/Client/Unity.Licensing.Client.exe")
[Licensing::Module] LicensingClient has failed validation; ignoring
[Licensing::Client] Handshaking with LicensingClient:
  Version:                 1.18.1+9fbee8e
  Session Id:              296abd226ca44240bd06cb4d2c8373db
  Correlation Id:          a3e48f8373bcb304da2c74aa45b503b4
  External correlation Id: 5083439469501239612
  Machine Id:              fRmInWLrjOgrKjn1piGFsZlAubw=
[Licensing::Module] Successfully connected to LicensingClient on channel: "LicenseClient-IlyaKing-6000.5.3" (connect: 0.00s, validation: 0.00s, handshake: 0.01s)
[Licensing::IpcConnector] Successfully connected to: "LicenseClient-IlyaKing-6000.5.3-notifications" at "2026-07-12T18:11:40.5762419Z"
[Licensing::Module] Licensing Background thread has ended after 1.24s
[Licensing::Module] Licensing is initialized (took 1.04s).
[Licensing::Client] Successfully resolved entitlement details
[Licensing::Module] License group:
  Id: 10171549892880-UnityPersXXXX
  Product: Unity Personal
  Type: Assigned
  Expiration: Unlimited
Got setting from build profile YAML, name `m_BuildTarget`, value `13`
Got setting from build profile YAML, name `m_Subtarget`, value `0`
Refreshing native plugins compatible for Editor in 7.98 ms, found 5 plugins.
Initialize engine version: 6000.5.3f1 (c2eb47b3a2a9)
[Subsystems] Discovering subsystems at path C:/Program Files/Unity/Hub/Editor/6000.5.3f1/Editor/Data/Resources/UnitySubsystems
[Subsystems] Discovering subsystems at path C:/Users/IlyaKing/Desktop/MyTalkingMellstroy/My_Talking_Mellstroy/Assets
Forcing GfxDevice: Direct3D 12
GfxDevice: creating device client; kGfxThreadingModeNonThreaded
d3d12: failed to query info queue interface (0x80004002).
Direct3D:
    Version:         Direct3D 12 [level 12.1]
    Renderer:        NVIDIA GeForce GTX 1660 SUPER (ID=0x21c4)
    Vendor:          NVIDIA
    VRAM:            5966 MB
    App VRAM Budget: 5198 MB
    Driver:          32.0.16.1062
Got setting from build profile YAML, name `m_BuildSubtarget`, value `0`
Got setting from build profile YAML, name `m_BuildSubtarget`, value `0`
Got setting from build profile YAML, name `m_BuildSubtarget`, value `0`
Initialize mono
Mono path[0] = 'C:/Program Files/Unity/Hub/Editor/6000.5.3f1/Editor/Data/Managed'
Mono path[1] = 'C:/Program Files/Unity/Hub/Editor/6000.5.3f1/Editor/Data/BCLExtensions/runtime/netstandard2.1'
Mono path[2] = 'C:/Program Files/Unity/Hub/Editor/6000.5.3f1/Editor/Data/MonoBleedingEdge/lib/mono/unityjit-win32'
Mono config path = 'C:/Program Files/Unity/Hub/Editor/6000.5.3f1/Editor/Data/MonoBleedingEdge/etc'
Using monoOptions --debugger-agent=transport=dt_socket,embedding=1,server=y,suspend=n,address=127.0.0.1:56760
CodeReloadManager initialized
Got setting from build profile YAML, name `m_BuildSubtarget`, value `0`
Got setting from build profile YAML, name `m_BuildSubtarget`, value `0`
Begin MonoManager ReloadAssembly
Registering precompiled unity dll's ...
Register platform support module: C:/Program Files/Unity/Hub/Editor/6000.5.3f1/Editor/Data/PlaybackEngines/WindowsStandaloneSupport/UnityEditor.WindowsStandalone.Extensions.dll
Register platform support module: C:/Program Files/Unity/Hub/Editor/6000.5.3f1/Editor/Data/PlaybackEngines/AndroidPlayer/UnityEditor.Android.Extensions.dll
[Licensing::Client] Successfully resolved entitlement details
Register platform support module: C:/Program Files/Unity/Hub/Editor/6000.5.3f1/Editor/Data/PlaybackEngines/iOSSupport/UnityEditor.iOS.Extensions.dll
Registered in 0.005852 seconds.
Got setting from build profile YAML, name `m_BuildSubtarget`, value `0`
Got setting from build profile YAML, name `m_BuildSubtarget`, value `0`
Got setting from build profile YAML, name `m_BuildSubtarget`, value `0`
Got setting from build profile YAML, name `m_BuildSubtarget`, value `0`
[usbmuxd] Start listen thread
[usbmuxd] Listen thread started
Native extension for iOS target not found
Native extension for Android target not found
Native extension for WindowsStandalone target not found
Package Manager log level set to [2]
[Package Manager] Failed to launch server process. Reason: Unity was launched with the -noUpm command-line argument
[Package Manager] Unable to send message (not connected to server process).
[Package Manager] Cannot connect to Unity Package Manager local server
ScheduleIndexationOnStartup MainProcess:False IndexOnStartup:True
Mono: successfully reloaded assembly
- Finished resetting the current domain, in  0.419 seconds
Domain Reload Profiling: 1038ms
	BeginReloadAssembly (149ms)
	RebuildCommonClasses (6ms)
	RebuildNativeTypeToScriptingClass (20ms)
	initialDomainReloadingComplete (85ms)
	LoadAllAssembliesAndSetupDomain (359ms)
		LoadAssemblies (145ms)
		AnalyzeDomain (256ms)
			TypeCache.Refresh (254ms)
				TypeCache.ScanAssembly (236ms)
	FinalizeReload (420ms)
		SetupLoadedEditorAssemblies (0ms)
			InitializePlatformSupportModulesInManaged (15ms)
			BeforeProcessingInitializeOnLoad (102ms)
			ProcessInitializeOnLoadAttributes (112ms)
			ProcessInitializeOnLoadMethodAttributes (115ms)
Got setting from build profile YAML, name `m_BuildSubtarget`, value `0`
Got setting from build profile YAML, name `m_BuildSubtarget`, value `0`
Initializing Unity extensions:
[Licensing::Client] Successfully resolved entitlement details
Got setting from build profile YAML, name `m_BuildSubtarget`, value `0`
========================================================================
Worker process is ready to serve import requests
Import Worker Mode flag is 0x00
Got setting from build profile YAML, name `m_BuildSubtarget`, value `0`
Got setting from build profile YAML, name `m_BuildSubtarget`, value `0`
Got setting from build profile YAML, name `m_BuildSubtarget`, value `0`
Got setting from build profile YAML, name `m_BuildSubtarget`, value `0`
Got setting from build profile YAML, name `m_Development`, value `0`
Got setting from build profile YAML, name `m_BuildSubtarget`, value `0`
Got setting from build profile YAML, name `m_BuildSubtarget`, value `0`
Got setting from build profile YAML, name `m_BuildSubtarget`, value `0`
Begin MonoManager ReloadAssembly
Launched and connected shader compiler UnityShaderCompiler.exe after 0.01 seconds
Refreshing native plugins compatible for Editor in 3.40 ms, found 5 plugins.
Native extension for iOS target not found
Native extension for Android target not found
Native extension for WindowsStandalone target not found
[Package Manager] Failed to launch server process. Reason: Unity was launched with the -noUpm command-line argument
[Package Manager] Unable to send message (not connected to server process).
[Package Manager] Cannot connect to Unity Package Manager local server
Refreshing native plugins compatible for Editor in 3.53 ms, found 5 plugins.
[Package Manager] Failed to launch server process. Reason: Unity was launched with the -noUpm command-line argument
[Package Manager] Unable to send message (not connected to server process).
[Package Manager] Cannot connect to Unity Package Manager local server
ScheduleIndexationOnStartup MainProcess:False IndexOnStartup:True
Mono: successfully reloaded assembly
- Finished resetting the current domain, in  1.013 seconds
Domain Reload Profiling: 5508ms
	BeginReloadAssembly (3528ms)
		DisableScriptedObjects (3311ms)
		CreateAndSetChildDomain (38ms)
	RebuildCommonClasses (10ms)
	RebuildNativeTypeToScriptingClass (20ms)
	initialDomainReloadingComplete (78ms)
	LoadAllAssembliesAndSetupDomain (859ms)
		LoadAssemblies (459ms)
		AnalyzeDomain (367ms)
			TypeCache.Refresh (253ms)
				TypeCache.ScanAssembly (231ms)
			BuildScriptInfoCaches (101ms)
			ResolveRequiredComponents (10ms)
	FinalizeReload (1014ms)
		SetupLoadedEditorAssemblies (0ms)
			InitializePlatformSupportModulesInManaged (13ms)
			BeforeProcessingInitializeOnLoad (105ms)
			ProcessInitializeOnLoadAttributes (366ms)
			ProcessInitializeOnLoadMethodAttributes (295ms)
			AfterProcessingInitializeOnLoad (9ms)
		AwakeInstancesAfterBackupRestoration (19ms)
AcceleratorClientConnectionCallback - disconnected - :0
Refreshing native plugins compatible for Editor in 3.54 ms, found 5 plugins.
Unloading 22 Unused Serialized files (Serialized files now loaded: 0)
Curl error 3: URL rejected: Malformed input to a URL function
Unloading 7198 unused Assets / (6.3 MB). Loaded Objects now: 8108.
Memory consumption went from 347.5 MB to 341.1 MB.
Total: 13.227600 ms (FindLiveObjects: 0.985300 ms CreateObjectMapping: 2.968000 ms MarkObjects: 5.911700 ms  DeleteObjects: 3.359500 ms)

========================================================================
Received Prepare
AcceleratorClientConnectionCallback - disconnected - :0
Refreshing native plugins compatible for Editor in 3.38 ms, found 5 plugins.
Unloading 22 Unused Serialized files (Serialized files now loaded: 0)
Unloading 22 unused Assets / (2.6 MB). Loaded Objects now: 8108.
Memory consumption went from 339.7 MB to 337.0 MB.
Total: 8.360300 ms (FindLiveObjects: 0.495800 ms CreateObjectMapping: 0.939500 ms MarkObjects: 6.314400 ms  DeleteObjects: 0.609300 ms)

Prepare: number of updated asset objects reloaded= 0
EnvironmentDependencyValues requested are different than current active one (requested -> active):
  graphicsApiMask: 2099200 -> 2361344
========================================================================
Received Import Request.
  Time of request: 2026-07-12T18:11:52.1026616Z
  Time since last request: 123603.02712729999621 seconds.
  importAddress: GUID: bc8227aa22ccd924880e4e8d796c0bed - Path: Assets/Scripts/GameManager.cs - Importer: ScriptedImporter/UnityEditor.QuickSearchModule:UnityEditor.Search:ASIAI0B
Importing 'GUID: bc8227aa22ccd924880e4e8d796c0bed - Path: Assets/Scripts/GameManager.cs - Importer: ScriptedImporter/UnityEditor.QuickSearchModule:UnityEditor.Search:ASIAI0B' with importer (ScriptedImporter : UnityEditor.QuickSearchModule:UnityEditor.Search:ASIAI0B)
Imported 'GUID: bc8227aa22ccd924880e4e8d796c0bed' -> (Import Result ID: '69a5af0d89a22dd5aee30583fcc05095') in 0.099 seconds [static and dynamic dependencies]. Details - ImportResultOutputID=f0915d3433b156ba64365d759df11ddf DependenciesID=4d02043ebf148ec25632572c396e92a6 StaticDependenciesID=2eb90a09f1cd3aa24b8eca9a985ad99a 
Number of updated asset objects reloaded before import = 0
Number of asset objects unloaded after import = 0
========================================================================
Received Import Request.
  Time of request: 2026-07-12T18:11:52.229736Z
  Time since last request: 0.0126495 seconds.
  importAddress: GUID: a3fe8c6781631664e8d1734a03aca64a - Path: Assets/Scripts/Back_Button_from_Kazino.cs - Importer: ScriptedImporter/UnityEditor.QuickSearchModule:UnityEditor.Search:ASIAI0B
Importing 'GUID: a3fe8c6781631664e8d1734a03aca64a - Path: Assets/Scripts/Back_Button_from_Kazino.cs - Importer: ScriptedImporter/UnityEditor.QuickSearchModule:UnityEditor.Search:ASIAI0B' with importer (ScriptedImporter : UnityEditor.QuickSearchModule:UnityEditor.Search:ASIAI0B)
Imported 'GUID: a3fe8c6781631664e8d1734a03aca64a' -> (Import Result ID: 'e724bfc1db08c1617fd268fa8e43eeaf') in 0.010 seconds [static and dynamic dependencies]. Details - ImportResultOutputID=11994d8ad14702b95e2509c05689fac0 DependenciesID=3ad9268c1ec2dfbca1cc2b2750b2afa3 StaticDependenciesID=fc27ed471ceff4db6af1a470d3902c05 
Number of updated asset objects reloaded before import = 0
Number of asset objects unloaded after import = 0
========================================================================
Received Import Request.
  Time of request: 2026-07-12T18:11:52.2589953Z
  Time since last request: 0.0007147 seconds.
  importAddress: GUID: 3e5993d83489ab44a8ba7e4cacc7de24 - Path: Assets/Scripts/LocationManager.cs - Importer: ScriptedImporter/UnityEditor.QuickSearchModule:UnityEditor.Search:ASIAI0B
Importing 'GUID: 3e5993d83489ab44a8ba7e4cacc7de24 - Path: Assets/Scripts/LocationManager.cs - Importer: ScriptedImporter/UnityEditor.QuickSearchModule:UnityEditor.Search:ASIAI0B' with importer (ScriptedImporter : UnityEditor.QuickSearchModule:UnityEditor.Search:ASIAI0B)
Imported 'GUID: 3e5993d83489ab44a8ba7e4cacc7de24' -> (Import Result ID: '8eb51edb8a851969ef6147f624cac4f2') in 0.009 seconds [static and dynamic dependencies]. Details - ImportResultOutputID=019e9ebb56a931337b1b92c9fac0e33d DependenciesID=a05cb41d960cee67026152b1c114bc52 StaticDependenciesID=3afc23a6abf7495ee42296ecc465177e 
Number of updated asset objects reloaded before import = 0
Number of asset objects unloaded after import = 0
========================================================================
Received Import Request.
  Time of request: 2026-07-12T18:11:52.2882478Z
  Time since last request: 0.0006742 seconds.
  importAddress: GUID: 9872d7c081c314649b6194d0aa021c6f - Path: Assets/Scripts/SlotMachine.cs - Importer: ScriptedImporter/UnityEditor.QuickSearchModule:UnityEditor.Search:ASIAI0B
Importing 'GUID: 9872d7c081c314649b6194d0aa021c6f - Path: Assets/Scripts/SlotMachine.cs - Importer: ScriptedImporter/UnityEditor.QuickSearchModule:UnityEditor.Search:ASIAI0B' with importer (ScriptedImporter : UnityEditor.QuickSearchModule:UnityEditor.Search:ASIAI0B)
Imported 'GUID: 9872d7c081c314649b6194d0aa021c6f' -> (Import Result ID: 'df6d15b080d5b14f7f5149c97a44969a') in 0.008 seconds [static and dynamic dependencies]. Details - ImportResultOutputID=be6f42fdcc206880d306cb0e33ea0d08 DependenciesID=f456cc710d464aca2a52c195d98efcd6 StaticDependenciesID=01cfc4cf15f33f6aafa7fea0abe4a150 
Number of updated asset objects reloaded before import = 0
Number of asset objects unloaded after import = 0
========================================================================
Received Import Request.
  Time of request: 2026-07-12T18:11:52.3210037Z
  Time since last request: 0.0007696 seconds.
  importAddress: GUID: 8f586378b4e144a9851e7b34d9b748ee - Path: Assets/TextMesh Pro/Resources/Fonts & Materials/LiberationSans SDF.asset - Importer: ScriptedImporter/UnityEditor.QuickSearchModule:UnityEditor.Search:ASIAI0B
Importing 'GUID: 8f586378b4e144a9851e7b34d9b748ee - Path: Assets/TextMesh Pro/Resources/Fonts & Materials/LiberationSans SDF.asset - Importer: ScriptedImporter/UnityEditor.QuickSearchModule:UnityEditor.Search:ASIAI0B' with importer (ScriptedImporter : UnityEditor.QuickSearchModule:UnityEditor.Search:ASIAI0B)
Imported 'GUID: 8f586378b4e144a9851e7b34d9b748ee' -> (Import Result ID: '77be578474d59d6be9f6b9de9bdd26d2') in 0.137 seconds [static and dynamic dependencies]. Details - ImportResultOutputID=77ca32e433ad3034467342d589d5ce44 DependenciesID=c2d4a0bf7e50a33c12e07064baacaed5 StaticDependenciesID=1e35f0347bbdd8d48db8baf19e0613f8 
Number of updated asset objects reloaded before import = 0
Number of asset objects unloaded after import = 8
========================================================================
Received Import Request.
  Time of request: 2026-07-12T18:11:52.4799833Z
  Time since last request: 0.0002417 seconds.
  importAddress: GUID: 8c9cfa26abfee488c85f1582747f6a02 - Path: Assets/Scenes/kipr.unity - Importer: ScriptedImporter/UnityEditor.QuickSearchModule:UnityEditor.Search:ASIAI0B
Importing 'GUID: 8c9cfa26abfee488c85f1582747f6a02 - Path: Assets/Scenes/kipr.unity - Importer: ScriptedImporter/UnityEditor.QuickSearchModule:UnityEditor.Search:ASIAI0B' with importer (ScriptedImporter : UnityEditor.QuickSearchModule:UnityEditor.Search:ASIAI0B)
Imported 'GUID: 8c9cfa26abfee488c85f1582747f6a02' -> (Import Result ID: 'b679d54de0fc563a3f85eeef927d3426') in 0.028 seconds [static and dynamic dependencies]. Details - ImportResultOutputID=3d7e96421524532038640f2cf49a8941 DependenciesID=f8bdbee1191b4b457e8fd60d042441d4 StaticDependenciesID=42a332853db0ca28d2f974702b421a07 
Number of updated asset objects reloaded before import = 0
Number of asset objects unloaded after import = 1
========================================================================
Received Import Request.
  Time of request: 2026-07-12T18:11:52.5275271Z
  Time since last request: 0.0006048 seconds.
  importAddress: GUID: 2e498d1c8094910479dc3e1b768306a4 - Path: Assets/TextMesh Pro/Resources/Fonts & Materials/LiberationSans SDF - Fallback.asset - Importer: ScriptedImporter/UnityEditor.QuickSearchModule:UnityEditor.Search:ASIAI0B
Importing 'GUID: 2e498d1c8094910479dc3e1b768306a4 - Path: Assets/TextMesh Pro/Resources/Fonts & Materials/LiberationSans SDF - Fallback.asset - Importer: ScriptedImporter/UnityEditor.QuickSearchModule:UnityEditor.Search:ASIAI0B' with importer (ScriptedImporter : UnityEditor.QuickSearchModule:UnityEditor.Search:ASIAI0B)
Imported 'GUID: 2e498d1c8094910479dc3e1b768306a4' -> (Import Result ID: '862c5235f0c36ede0975828105fdf062') in 0.015 seconds [static and dynamic dependencies]. Details - ImportResultOutputID=5178d9346dea67d91b73e4141edc3e87 DependenciesID=a14b0a054dd68659da9afafd5c69f7c5 StaticDependenciesID=527773ae2df19729ecb2c18e6a1c913b 
Number of updated asset objects reloaded before import = 0
Number of asset objects unloaded after import = 5
========================================================================
Received Import Request.
  Time of request: 2026-07-12T18:11:52.5673632Z
  Time since last request: 0.0003489 seconds.
  importAddress: GUID: 1f97c1ad193dc414f8ad2af0d0eefdb0 - Path: Assets/Sprites/MellCoin_Icon.png - Importer: ScriptedImporter/UnityEditor.QuickSearchModule:UnityEditor.Search:ASIAI0B
Importing 'GUID: 1f97c1ad193dc414f8ad2af0d0eefdb0 - Path: Assets/Sprites/MellCoin_Icon.png - Importer: ScriptedImporter/UnityEditor.QuickSearchModule:UnityEditor.Search:ASIAI0B' with importer (ScriptedImporter : UnityEditor.QuickSearchModule:UnityEditor.Search:ASIAI0B)
Imported 'GUID: 1f97c1ad193dc414f8ad2af0d0eefdb0' -> (Import Result ID: 'c1aa607f0bdd4f139324624c76ba7f15') in 0.048 seconds [static and dynamic dependencies]. Details - ImportResultOutputID=e6445d3d70e0d04ad02216455ef37f52 DependenciesID=6170d1be5464f85da83f841df75090ab StaticDependenciesID=ff4142ffcfaf7634a67332fea89728a7 
Number of updated asset objects reloaded before import = 0
Number of asset objects unloaded after import = 3
========================================================================
Received Import Request.
  Time of request: 2026-07-12T18:11:52.63243Z
  Time since last request: 0.0004712 seconds.
  importAddress: GUID: 69daf4446ff583e4ba40ba21f22deab1 - Path: Assets/Scenes/Kazino.unity - Importer: ScriptedImporter/UnityEditor.QuickSearchModule:UnityEditor.Search:ASIAI0B
Importing 'GUID: 69daf4446ff583e4ba40ba21f22deab1 - Path: Assets/Scenes/Kazino.unity - Importer: ScriptedImporter/UnityEditor.QuickSearchModule:UnityEditor.Search:ASIAI0B' with importer (ScriptedImporter : UnityEditor.QuickSearchModule:UnityEditor.Search:ASIAI0B)
Imported 'GUID: 69daf4446ff583e4ba40ba21f22deab1' -> (Import Result ID: '2349d2e9efc08802989e04b8e094eabb') in 0.009 seconds [static and dynamic dependencies]. Details - ImportResultOutputID=325654e695ab0db71d3b6aeda5f1d9e3 DependenciesID=393dbf1dc91ee31c99707cb913b60df1 StaticDependenciesID=2afa1e814376e91278ff8100cf3bb142 
Number of updated asset objects reloaded before import = 0
Number of asset objects unloaded after import = 1
========================================================================
Received Import Request.
  Time of request: 2026-07-12T18:11:52.6584193Z
  Time since last request: 0.0004419 seconds.
  importAddress: GUID: 3c0f8911757ebc748b2eb2d3e1c15b43 - Path: Assets/Animations/WinAnim.controller - Importer: ScriptedImporter/UnityEditor.QuickSearchModule:UnityEditor.Search:ASIAI0B
Importing 'GUID: 3c0f8911757ebc748b2eb2d3e1c15b43 - Path: Assets/Animations/WinAnim.controller - Importer: ScriptedImporter/UnityEditor.QuickSearchModule:UnityEditor.Search:ASIAI0B' with importer (ScriptedImporter : UnityEditor.QuickSearchModule:UnityEditor.Search:ASIAI0B)
Imported 'GUID: 3c0f8911757ebc748b2eb2d3e1c15b43' -> (Import Result ID: 'd62faf7e36ba60b72451d90f2d7f0fb3') in 0.017 seconds [static and dynamic dependencies]. Details - ImportResultOutputID=8d56e040be1973324eec9dfcd83076c6 DependenciesID=44b95899ef6359cdd4de4787adacfae8 StaticDependenciesID=32dc6031b7eafbceb5c8b86f809cbcc3 
Number of updated asset objects reloaded before import = 0
Number of asset objects unloaded after import = 4
========================================================================
Received Import Request.
  Time of request: 2026-07-12T18:11:52.6914678Z
  Time since last request: 0.00009 seconds.
  importAddress: GUID: 688e0d42bb0025f4bbe9b247e31371df - Path: Assets/Scripts/Kazino_button.cs - Importer: ScriptedImporter/UnityEditor.QuickSearchModule:UnityEditor.Search:ASIAI0B
Importing 'GUID: 688e0d42bb0025f4bbe9b247e31371df - Path: Assets/Scripts/Kazino_button.cs - Importer: ScriptedImporter/UnityEditor.QuickSearchModule:UnityEditor.Search:ASIAI0B' with importer (ScriptedImporter : UnityEditor.QuickSearchModule:UnityEditor.Search:ASIAI0B)
Imported 'GUID: 688e0d42bb0025f4bbe9b247e31371df' -> (Import Result ID: '9649528222cc1db4f0d2e73f7e0c5171') in 0.005 seconds [static and dynamic dependencies]. Details - ImportResultOutputID=d99a68ad52027a42f6d96ae7454a2892 DependenciesID=0aced4e0874174f1768680aca14e8c95 StaticDependenciesID=760f506dc1828949467049feededb5ea 
Number of updated asset objects reloaded before import = 0
Number of asset objects unloaded after import = 0
========================================================================
Received Import Request.
  Time of request: 2026-07-12T18:11:52.7145333Z
  Time since last request: 0.0006114 seconds.
  importAddress: GUID: 95e32440ef13a9d4db96384148ccd398 - Path: Assets/Animations/WinSpin.anim - Importer: ScriptedImporter/UnityEditor.QuickSearchModule:UnityEditor.Search:ASIAI0B
Importing 'GUID: 95e32440ef13a9d4db96384148ccd398 - Path: Assets/Animations/WinSpin.anim - Importer: ScriptedImporter/UnityEditor.QuickSearchModule:UnityEditor.Search:ASIAI0B' with importer (ScriptedImporter : UnityEditor.QuickSearchModule:UnityEditor.Search:ASIAI0B)
Imported 'GUID: 95e32440ef13a9d4db96384148ccd398' -> (Import Result ID: '5a8bd5725b3b0a4ba3b902d3722cbefd') in 0.021 seconds [static and dynamic dependencies]. Details - ImportResultOutputID=71630c7afb97eab275634b7c0b60ecd0 DependenciesID=509ad956093013072e0fc5e6fe1b3bc0 StaticDependenciesID=95a1ce7f68aa35354d1ea0eefd434f62 
Number of updated asset objects reloaded before import = 0
Number of asset objects unloaded after import = 1
Editor requested this worker to shutdown with reason: Scaling down because of idle timeout
AcceleratorClientConnectionCallback - disconnected - :0
AssetImportWorker is now disconnected from the server
Process exiting
Exiting without the bug reporter. Application will terminate with return code 0