[Licensing::Module] Trying to connect to existing licensing client channel...
Built from '6000.5/staging' branch; Version is '6000.5.3f1 (c2eb47b3a2a9) revision 12774215'; Using compiler version '194234433'; Build Type 'Release'
OS: 'Windows 11  (10.0.26200) Professional' Language: 'ru' Physical Memory: 14227 MB
[Licensing::IpcConnector] Successfully connected to: "LicenseClient-IlyaKing" at "2026-07-10T09:33:19.869928Z"
BatchMode: 0, IsHumanControllingUs: 1, StartBugReporterOnCrash: 1, Is64bit: 1
System  architecture: x64
Process architecture: x64
Date: 2026-07-10T09:33:19Z

COMMAND LINE ARGUMENTS:
C:\Program Files\Unity\Hub\Editor\6000.5.3f1\Editor\Unity.exe
-projectpath
C:\Users\IlyaKing\Desktop\MyTalkingMellstroy\My_Talking_Mellstroy
-acceptSoftwareTermsForThisRunOnly
-useHub
-hubIPC
-cloudEnvironment
production
-licensingIpc
LicenseClient-IlyaKing
-hubSessionId
cc582464-c97a-4293-9595-33ee65b13aad
-accessToken
uOeHR2Y_2BDPGw3Os_iJr2RtFNoWv30Y0z62UGS5mcw009f
Successfully changed project path to: C:\Users\IlyaKing\Desktop\MyTalkingMellstroy\My_Talking_Mellstroy
C:/Users/IlyaKing/Desktop/MyTalkingMellstroy/My_Talking_Mellstroy
[UnityMemory] Configuration Parameters - Can be set up in boot.config
    "memorysetup-temp-allocator-size-gi-baking-worker=262144"
    "memorysetup-temp-allocator-size-gi-baking-worker=262144"
    "memorysetup-temp-allocator-size-gi-baking-worker=262144"
    "memorysetup-temp-allocator-size-gi-baking-worker=262144"
    "memorysetup-temp-allocator-size-gi-baking-worker=262144"
    "memorysetup-temp-allocator-size-nav-mesh-worker=65536"
    "memorysetup-temp-allocator-size-audio-worker=65536"
    "memorysetup-temp-allocator-size-cloud-worker=32768"
    "memorysetup-temp-allocator-size-gfx=262144"
    "memorysetup-temp-allocator-size-preload-manager=33554432"
    "memorysetup-allocator-temp-initial-block-size-main=262144"
    "memorysetup-allocator-temp-initial-block-size-worker=262144"
    "memorysetup-temp-allocator-size-job-worker=262144"
    "memorysetup-temp-allocator-size-background-worker=32768"
    "memorysetup-bucket-allocator-granularity=16"
    "memorysetup-bucket-allocator-bucket-count=8"
    "memorysetup-bucket-allocator-block-size=33554432"
    "memorysetup-bucket-allocator-block-count=8"
    "memorysetup-main-allocator-block-size=16777216"
    "memorysetup-thread-allocator-block-size=16777216"
    "memorysetup-main-allocator-mimalloc-enabled=0"
    "memorysetup-gfx-main-allocator-block-size=16777216"
    "memorysetup-gfx-thread-allocator-block-size=16777216"
    "memorysetup-cache-allocator-block-size=4194304"
    "memorysetup-typetree-allocator-block-size=2097152"
    "memorysetup-profiler-bucket-allocator-granularity=16"
    "memorysetup-profiler-bucket-allocator-bucket-count=8"
    "memorysetup-profiler-bucket-allocator-block-size=33554432"
    "memorysetup-profiler-bucket-allocator-block-count=8"
    "memorysetup-profiler-allocator-block-size=16777216"
    "memorysetup-profiler-editor-allocator-block-size=1048576"
    "memorysetup-temp-allocator-size-main=16777216"
    "memorysetup-job-temp-allocator-block-size=2097152"
    "memorysetup-job-temp-allocator-block-size-background=1048576"
    "memorysetup-job-temp-allocator-reduction-small-platforms=262144"
Player connection [18484]  Target information:

Player connection [18484]  * "[IP] 192.168.0.11 [Port] 55504 [Flags] 2 [Guid] 4288834644 [EditorId] 4288834644 [Version] 1048832 [Id] WindowsEditor(7,DESKTOP-6BO2DIE) [Debug] 1 [PackageName] WindowsEditor [ProjectName] Editor" 

Player connection [18484]  * "[IP] 192.168.137.1 [Port] 55504 [Flags] 2 [Guid] 4288834644 [EditorId] 4288834644 [Version] 1048832 [Id] WindowsEditor(7,DESKTOP-6BO2DIE) [Debug] 1 [PackageName] WindowsEditor [ProjectName] Editor" 

Player connection [18484] Host joined multi-casting on [225.0.0.222:54997]...
Player connection [18484] Host joined alternative multi-casting on [225.0.0.222:34997]...
Input System module state changed to: Initialized.
[Physics::Module] Initialized fallback backend.
[Physics::Module] Id: 0xdecafbad
[Package Manager] Connected to IPC stream "Upm-24064" after 0.3 seconds.
[Licensing::Module] Licensing is not yet initialized.
[Licensing::Client] Error: HandshakeResponse reported an error:
	ResponseCode: 505
	ResponseStatus: Unsupported protocol version '1.18.1'.
[Licensing::Module] Error: Failed to handshake to channel: "LicenseClient-IlyaKing"
[Licensing::IpcConnector] LicenseClient-IlyaKing channel disconnected successfully.
[Licensing::IpcConnector] Channel LicenseClient-IlyaKing-6000.5.3 doesn't exist
[Licensing::Module] Successfully launched the LicensingClient (PId: 20968)
Starting IPC server.
Waiting for clients to connect on \\.\pipe\Unity-LicenseClient-IlyaKing-6000.5.3, press Ctrl-C to exit.
[Licensing::IpcConnector] Successfully connected to: "LicenseClient-IlyaKing-6000.5.3" at "2026-07-10T09:33:21.4851787Z"
[Licensing::Client] Code 10 while verifying Licensing Client signature (process Id: 20968, path: "C:/Program Files/Unity/Hub/Editor/6000.5.3f1/Editor/Data/Resources/Licensing/Client/Unity.Licensing.Client.exe")
[Licensing::Module] LicensingClient has failed validation; ignoring
[Licensing::Client] Handshaking with LicensingClient:
  Version:                 1.18.1+9fbee8e
  Session Id:              09ec514961974649b403b51c38288a84
  Correlation Id:          ac588ecf5739775dae058a4524167e3d
  External correlation Id: 7059471489661386273
  Machine Id:              fRmInWLrjOgrKjn1piGFsZlAubw=
[Licensing::Module] Successfully connected to LicensingClient on channel: "LicenseClient-IlyaKing-6000.5.3" (connect: 0.37s, validation: 0.25s, handshake: 0.01s)
[Licensing::IpcConnector] Successfully connected to: "LicenseClient-IlyaKing-6000.5.3-notifications" at "2026-07-10T09:33:21.7449623Z"
[Licensing::Module] Connected to LicensingClient (PId: 20968, launch time: 0.01, total connection time: 0.63s)
[Licensing::Client] Successfully updated the access token
[Licensing::Module] Successfully updated the access token uOeHR2Y_2B...
[Licensing::Client] Successfully resolved entitlement details
[Licensing::Module] License group:
  Id: 10171549892880-UnityPersXXXX
  Product: Unity Personal
  Type: Assigned
  Expiration: Unlimited
[Licensing::Client] Successfully updated license, isAsync: True, time: 0.01
[Licensing::Client] Successfully resolved entitlement details
[Licensing::Module] Licensing Background thread has ended after 1.94s
[Licensing::Module] Licensing is initialized (took 1.45s).
[Licensing::Client] Successfully resolved entitlement details
Library Redirect Path: Library/
[Physics::Module] Selected backend.
[Physics::Module] Name: PhysX
[Physics::Module] Id: 0xf2b8ea05
[Physics::Module] SDK Version: 4.1.2
[Physics::Module] Integration Version: 1.0.0
[Physics::Module] Threading Mode: Multi-Threaded
Active build profile path: `Assets/Settings/Build Profiles/Android™.asset`
Got setting from build profile YAML, name `m_BuildSubtarget`, value `0`
[Licensing::Client] Successfully resolved entitlement details
Got setting from build profile YAML, name `m_BuildTarget`, value `13`
Got setting from build profile YAML, name `m_Subtarget`, value `0`
Initialize engine version: 6000.5.3f1 (c2eb47b3a2a9)
[Subsystems] Discovering subsystems at path C:/Program Files/Unity/Hub/Editor/6000.5.3f1/Editor/Data/Resources/UnitySubsystems
[Subsystems] Discovering subsystems at path C:/Users/IlyaKing/Desktop/MyTalkingMellstroy/My_Talking_Mellstroy/Assets
[D3D12 Device Filter] Vendor Name: NVIDIA
[D3D12 Device Filter] Device Name: NVIDIA GeForce GTX 1660 SUPER
[D3D12 Device Filter] Driver Version: 32.0.16.1062
[D3D12 Device Filter] Feature Level: 12.1
[D3D12 Device Filter] Graphics Memory: 5966 MB
[D3D12 Device Filter] Processor Count: 12
[D3D12 Device Filter] Device Type: Discrete
GfxDevice: creating device client; kGfxThreadingModeSplitJobs
d3d12: failed to query info queue interface (0x80004002).
Direct3D:
    Version:         Direct3D 12 [level 12.1]
    Renderer:        NVIDIA GeForce GTX 1660 SUPER (ID=0x21c4)
    Vendor:          NVIDIA
    VRAM:            5966 MB
    App VRAM Budget: 5198 MB
    Driver:          32.0.16.1062
Got setting from build profile YAML, name `m_BuildSubtarget`, value `0`
Got setting from build profile YAML, name `m_BuildSubtarget`, value `0`
Got setting from build profile YAML, name `m_BuildSubtarget`, value `0`
Initialize mono
Mono path[0] = 'C:/Program Files/Unity/Hub/Editor/6000.5.3f1/Editor/Data/Managed'
Mono path[1] = 'C:/Program Files/Unity/Hub/Editor/6000.5.3f1/Editor/Data/BCLExtensions/runtime/netstandard2.1'
Mono path[2] = 'C:/Program Files/Unity/Hub/Editor/6000.5.3f1/Editor/Data/MonoBleedingEdge/lib/mono/unityjit-win32'
Mono config path = 'C:/Program Files/Unity/Hub/Editor/6000.5.3f1/Editor/Data/MonoBleedingEdge/etc'
Using monoOptions --debugger-agent=transport=dt_socket,embedding=1,server=y,suspend=n,address=127.0.0.1:56064
CodeReloadManager initialized
ImportWorker Server TCP listen port: 0
AcceleratorClientConnectionCallback - disconnected - :0
Got setting from build profile YAML, name `m_BuildSubtarget`, value `0`
Got setting from build profile YAML, name `m_BuildSubtarget`, value `0`
Begin MonoManager ReloadAssembly
Registering precompiled unity dll's ...
Register platform support module: C:/Program Files/Unity/Hub/Editor/6000.5.3f1/Editor/Data/PlaybackEngines/WindowsStandaloneSupport/UnityEditor.WindowsStandalone.Extensions.dll
Register platform support module: C:/Program Files/Unity/Hub/Editor/6000.5.3f1/Editor/Data/PlaybackEngines/AndroidPlayer/UnityEditor.Android.Extensions.dll
[Licensing::Client] Successfully resolved entitlement details
Register platform support module: C:/Program Files/Unity/Hub/Editor/6000.5.3f1/Editor/Data/PlaybackEngines/iOSSupport/UnityEditor.iOS.Extensions.dll
Registered in 0.006729 seconds.
Got setting from build profile YAML, name `m_BuildSubtarget`, value `0`
Got setting from build profile YAML, name `m_BuildSubtarget`, value `0`
Got setting from build profile YAML, name `m_BuildSubtarget`, value `0`
Got setting from build profile YAML, name `m_BuildSubtarget`, value `0`
[usbmuxd] Start listen thread
[usbmuxd] Listen thread started
Native extension for iOS target not found
Native extension for Android target not found
Native extension for WindowsStandalone target not found
Package Manager log level set to [2]
ScheduleIndexationOnStartup MainProcess:False IndexOnStartup:True
Mono: successfully reloaded assembly
- Finished resetting the current domain, in  0.481 seconds
Domain Reload Profiling: 1106ms
	BeginReloadAssembly (151ms)
		CreateAndSetChildDomain (7ms)
	RebuildCommonClasses (6ms)
	RebuildNativeTypeToScriptingClass (20ms)
	initialDomainReloadingComplete (84ms)
	LoadAllAssembliesAndSetupDomain (363ms)
		LoadAssemblies (141ms)
		AnalyzeDomain (262ms)
			TypeCache.Refresh (260ms)
				TypeCache.ScanAssembly (243ms)
	FinalizeReload (482ms)
		SetupLoadedEditorAssemblies (0ms)
			InitializePlatformSupportModulesInManaged (74ms)
			BeforeProcessingInitializeOnLoad (103ms)
			ProcessInitializeOnLoadAttributes (115ms)
			ProcessInitializeOnLoadMethodAttributes (103ms)
[Licensing::Client] Successfully resolved entitlement details
[Licensing::Client] Successfully resolved entitlement details
Application.AssetDatabase Initial Refresh Start
[Package Manager] Restoring resolved packages state from cache
[Licensing::Client] Successfully resolved entitlement details
[Package Manager] Registered 65 packages:
  Packages from [https://packages.unity.com]:
    com.unity.2d.animation@15.1.0 (location: C:\Users\IlyaKing\Desktop\MyTalkingMellstroy\My_Talking_Mellstroy\Library\PackageCache\com.unity.2d.animation@6d5a363ae647)
    com.unity.2d.aseprite@5.0.3 (location: C:\Users\IlyaKing\Desktop\MyTalkingMellstroy\My_Talking_Mellstroy\Library\PackageCache\com.unity.2d.aseprite@d13865913efa)
    com.unity.2d.psdimporter@14.0.3 (location: C:\Users\IlyaKing\Desktop\MyTalkingMellstroy\My_Talking_Mellstroy\Library\PackageCache\com.unity.2d.psdimporter@5d82044f9e43)
    com.unity.2d.spriteshape@15.0.3 (location: C:\Users\IlyaKing\Desktop\MyTalkingMellstroy\My_Talking_Mellstroy\Library\PackageCache\com.unity.2d.spriteshape@fcb7ec61a58b)
    com.unity.2d.tilemap.extras@8.0.3 (location: C:\Users\IlyaKing\Desktop\MyTalkingMellstroy\My_Talking_Mellstroy\Library\PackageCache\com.unity.2d.tilemap.extras@a80140457adc)
    com.unity.2d.tooling@3.0.1 (location: C:\Users\IlyaKing\Desktop\MyTalkingMellstroy\My_Talking_Mellstroy\Library\PackageCache\com.unity.2d.tooling@6f06ffb033c0)
    com.unity.collab-proxy@2.12.4 (location: C:\Users\IlyaKing\Desktop\MyTalkingMellstroy\My_Talking_Mellstroy\Library\PackageCache\com.unity.collab-proxy@0b1559bcd34e)
    com.unity.ide.rider@3.0.38 (location: C:\Users\IlyaKing\Desktop\MyTalkingMellstroy\My_Talking_Mellstroy\Library\PackageCache\com.unity.ide.rider@1f60b3138684)
    com.unity.ide.visualstudio@2.0.26 (location: C:\Users\IlyaKing\Desktop\MyTalkingMellstroy\My_Talking_Mellstroy\Library\PackageCache\com.unity.ide.visualstudio@a99d56dec63f)
    com.unity.inputsystem@1.19.0 (location: C:\Users\IlyaKing\Desktop\MyTalkingMellstroy\My_Talking_Mellstroy\Library\PackageCache\com.unity.inputsystem@21a28c3a6c83)
    com.unity.timeline@1.8.12 (location: C:\Users\IlyaKing\Desktop\MyTalkingMellstroy\My_Talking_Mellstroy\Library\PackageCache\com.unity.timeline@8cd8509afae5)
    com.unity.visualscripting@1.9.11 (location: C:\Users\IlyaKing\Desktop\MyTalkingMellstroy\My_Talking_Mellstroy\Library\PackageCache\com.unity.visualscripting@8bed5ad90189)
    com.unity.2d.common@14.0.1 (location: C:\Users\IlyaKing\Desktop\MyTalkingMellstroy\My_Talking_Mellstroy\Library\PackageCache\com.unity.2d.common@73badf92ba8b)
    com.unity.searcher@4.9.4 (location: C:\Users\IlyaKing\Desktop\MyTalkingMellstroy\My_Talking_Mellstroy\Library\PackageCache\com.unity.searcher@d45a78918735)
    com.unity.burst@1.8.29 (location: C:\Users\IlyaKing\Desktop\MyTalkingMellstroy\My_Talking_Mellstroy\Library\PackageCache\com.unity.burst@6bb9aca3ef38)
    com.unity.nuget.mono-cecil@1.11.6 (location: C:\Users\IlyaKing\Desktop\MyTalkingMellstroy\My_Talking_Mellstroy\Library\PackageCache\com.unity.nuget.mono-cecil@ecb9724e46ff)
    com.unity.test-framework.performance@3.5.0 (location: C:\Users\IlyaKing\Desktop\MyTalkingMellstroy\My_Talking_Mellstroy\Library\PackageCache\com.unity.test-framework.performance@8b56083ec0f0)
  Built-in packages:
    com.unity.2d.sprite@1.0.0 (location: C:\Users\IlyaKing\Desktop\MyTalkingMellstroy\My_Talking_Mellstroy\Library\PackageCache\com.unity.2d.sprite@053a968eab56)
    com.unity.2d.tilemap@1.0.0 (location: C:\Users\IlyaKing\Desktop\MyTalkingMellstroy\My_Talking_Mellstroy\Library\PackageCache\com.unity.2d.tilemap@592c6ccaefe1)
    com.unity.multiplayer.center@1.0.1 (location: C:\Users\IlyaKing\Desktop\MyTalkingMellstroy\My_Talking_Mellstroy\Library\PackageCache\com.unity.multiplayer.center@b860850997d0)
    com.unity.render-pipelines.universal@17.5.0 (location: C:\Users\IlyaKing\Desktop\MyTalkingMellstroy\My_Talking_Mellstroy\Library\PackageCache\com.unity.render-pipelines.universal@276396f56b3f)
    com.unity.test-framework@1.7.0 (location: C:\Users\IlyaKing\Desktop\MyTalkingMellstroy\My_Talking_Mellstroy\Library\PackageCache\com.unity.test-framework@1405238725ab)
    com.unity.ugui@2.5.0 (location: C:\Users\IlyaKing\Desktop\MyTalkingMellstroy\My_Talking_Mellstroy\Library\PackageCache\com.unity.ugui@377fd60ad87b)
    com.unity.modules.accessibility@1.0.0 (location: C:\Users\IlyaKing\Desktop\MyTalkingMellstroy\My_Talking_Mellstroy\Library\PackageCache\com.unity.modules.accessibility)
    com.unity.modules.adaptiveperformance@1.0.0 (location: C:\Users\IlyaKing\Desktop\MyTalkingMellstroy\My_Talking_Mellstroy\Library\PackageCache\com.unity.modules.adaptiveperformance)
    com.unity.modules.ai@1.0.0 (location: C:\Users\IlyaKing\Desktop\MyTalkingMellstroy\My_Talking_Mellstroy\Library\PackageCache\com.unity.modules.ai)
    com.unity.modules.androidjni@1.0.0 (location: C:\Users\IlyaKing\Desktop\MyTalkingMellstroy\My_Talking_Mellstroy\Library\PackageCache\com.unity.modules.androidjni)
    com.unity.modules.animation@1.0.0 (location: C:\Users\IlyaKing\Desktop\MyTalkingMellstroy\My_Talking_Mellstroy\Library\PackageCache\com.unity.modules.animation)
    com.unity.modules.assetbundle@1.0.0 (location: C:\Users\IlyaKing\Desktop\MyTalkingMellstroy\My_Talking_Mellstroy\Library\PackageCache\com.unity.modules.assetbundle)
    com.unity.modules.audio@1.0.0 (location: C:\Users\IlyaKing\Desktop\MyTalkingMellstroy\My_Talking_Mellstroy\Library\PackageCache\com.unity.modules.audio)
    com.unity.modules.cloth@1.0.0 (location: C:\Users\IlyaKing\Desktop\MyTalkingMellstroy\My_Talking_Mellstroy\Library\PackageCache\com.unity.modules.cloth)
    com.unity.modules.director@1.0.0 (location: C:\Users\IlyaKing\Desktop\MyTalkingMellstroy\My_Talking_Mellstroy\Library\PackageCache\com.unity.modules.director)
    com.unity.modules.imageconversion@1.0.0 (location: C:\Users\IlyaKing\Desktop\MyTalkingMellstroy\My_Talking_Mellstroy\Library\PackageCache\com.unity.modules.imageconversion)
    com.unity.modules.imgui@1.0.0 (location: C:\Users\IlyaKing\Desktop\MyTalkingMellstroy\My_Talking_Mellstroy\Library\PackageCache\com.unity.modules.imgui)
    com.unity.modules.jsonserialize@1.0.0 (location: C:\Users\IlyaKing\Desktop\MyTalkingMellstroy\My_Talking_Mellstroy\Library\PackageCache\com.unity.modules.jsonserialize)
    com.unity.modules.particlesystem@1.0.0 (location: C:\Users\IlyaKing\Desktop\MyTalkingMellstroy\My_Talking_Mellstroy\Library\PackageCache\com.unity.modules.particlesystem)
    com.unity.modules.physics@1.0.0 (location: C:\Users\IlyaKing\Desktop\MyTalkingMellstroy\My_Talking_Mellstroy\Library\PackageCache\com.unity.modules.physics)
    com.unity.modules.physics2d@1.0.0 (location: C:\Users\IlyaKing\Desktop\MyTalkingMellstroy\My_Talking_Mellstroy\Library\PackageCache\com.unity.modules.physics2d)
    com.unity.modules.physicscore2d@1.0.0 (location: C:\Users\IlyaKing\Desktop\MyTalkingMellstroy\My_Talking_Mellstroy\Library\PackageCache\com.unity.modules.physicscore2d)
    com.unity.modules.screencapture@1.0.0 (location: C:\Users\IlyaKing\Desktop\MyTalkingMellstroy\My_Talking_Mellstroy\Library\PackageCache\com.unity.modules.screencapture)
    com.unity.modules.terrain@1.0.0 (location: C:\Users\IlyaKing\Desktop\MyTalkingMellstroy\My_Talking_Mellstroy\Library\PackageCache\com.unity.modules.terrain)
    com.unity.modules.terrainphysics@1.0.0 (location: C:\Users\IlyaKing\Desktop\MyTalkingMellstroy\My_Talking_Mellstroy\Library\PackageCache\com.unity.modules.terrainphysics)
    com.unity.modules.tilemap@1.0.0 (location: C:\Users\IlyaKing\Desktop\MyTalkingMellstroy\My_Talking_Mellstroy\Library\PackageCache\com.unity.modules.tilemap)
    com.unity.modules.ui@1.0.0 (location: C:\Users\IlyaKing\Desktop\MyTalkingMellstroy\My_Talking_Mellstroy\Library\PackageCache\com.unity.modules.ui)
    com.unity.modules.uielements@1.0.0 (location: C:\Users\IlyaKing\Desktop\MyTalkingMellstroy\My_Talking_Mellstroy\Library\PackageCache\com.unity.modules.uielements)
    com.unity.modules.umbra@1.0.0 (location: C:\Users\IlyaKing\Desktop\MyTalkingMellstroy\My_Talking_Mellstroy\Library\PackageCache\com.unity.modules.umbra)
    com.unity.modules.unityanalytics@1.0.0 (location: C:\Users\IlyaKing\Desktop\MyTalkingMellstroy\My_Talking_Mellstroy\Library\PackageCache\com.unity.modules.unityanalytics)
    com.unity.modules.unitywebrequest@1.0.0 (location: C:\Users\IlyaKing\Desktop\MyTalkingMellstroy\My_Talking_Mellstroy\Library\PackageCache\com.unity.modules.unitywebrequest)
    com.unity.modules.unitywebrequestassetbundle@1.0.0 (location: C:\Users\IlyaKing\Desktop\MyTalkingMellstroy\My_Talking_Mellstroy\Library\PackageCache\com.unity.modules.unitywebrequestassetbundle)
    com.unity.modules.unitywebrequestaudio@1.0.0 (location: C:\Users\IlyaKing\Desktop\MyTalkingMellstroy\My_Talking_Mellstroy\Library\PackageCache\com.unity.modules.unitywebrequestaudio)
    com.unity.modules.unitywebrequesttexture@1.0.0 (location: C:\Users\IlyaKing\Desktop\MyTalkingMellstroy\My_Talking_Mellstroy\Library\PackageCache\com.unity.modules.unitywebrequesttexture)
    com.unity.modules.unitywebrequestwww@1.0.0 (location: C:\Users\IlyaKing\Desktop\MyTalkingMellstroy\My_Talking_Mellstroy\Library\PackageCache\com.unity.modules.unitywebrequestwww)
    com.unity.modules.vectorgraphics@1.0.0 (location: C:\Users\IlyaKing\Desktop\MyTalkingMellstroy\My_Talking_Mellstroy\Library\PackageCache\com.unity.modules.vectorgraphics)
    com.unity.modules.vehicles@1.0.0 (location: C:\Users\IlyaKing\Desktop\MyTalkingMellstroy\My_Talking_Mellstroy\Library\PackageCache\com.unity.modules.vehicles)
    com.unity.modules.video@1.0.0 (location: C:\Users\IlyaKing\Desktop\MyTalkingMellstroy\My_Talking_Mellstroy\Library\PackageCache\com.unity.modules.video)
    com.unity.modules.wind@1.0.0 (location: C:\Users\IlyaKing\Desktop\MyTalkingMellstroy\My_Talking_Mellstroy\Library\PackageCache\com.unity.modules.wind)
    com.unity.modules.xr@1.0.0 (location: C:\Users\IlyaKing\Desktop\MyTalkingMellstroy\My_Talking_Mellstroy\Library\PackageCache\com.unity.modules.xr)
    com.unity.modules.subsystems@1.0.0 (location: C:\Users\IlyaKing\Desktop\MyTalkingMellstroy\My_Talking_Mellstroy\Library\PackageCache\com.unity.modules.subsystems)
    com.unity.modules.hierarchycore@1.0.0 (location: C:\Users\IlyaKing\Desktop\MyTalkingMellstroy\My_Talking_Mellstroy\Library\PackageCache\com.unity.modules.hierarchycore)
    com.unity.ext.nunit@2.1.0 (location: C:\Users\IlyaKing\Desktop\MyTalkingMellstroy\My_Talking_Mellstroy\Library\PackageCache\com.unity.ext.nunit@44f7d31723bd)
    com.unity.render-pipelines.core@17.5.0 (location: C:\Users\IlyaKing\Desktop\MyTalkingMellstroy\My_Talking_Mellstroy\Library\PackageCache\com.unity.render-pipelines.core@0733e3164aa3)
    com.unity.shadergraph@17.5.0 (location: C:\Users\IlyaKing\Desktop\MyTalkingMellstroy\My_Talking_Mellstroy\Library\PackageCache\com.unity.shadergraph@8aa9acb51790)
    com.unity.render-pipelines.universal-config@17.5.0 (location: C:\Users\IlyaKing\Desktop\MyTalkingMellstroy\My_Talking_Mellstroy\Library\PackageCache\com.unity.render-pipelines.universal-config@fdda01c80fe3)
    com.unity.mathematics@1.4.0 (location: C:\Users\IlyaKing\Desktop\MyTalkingMellstroy\My_Talking_Mellstroy\Library\PackageCache\com.unity.mathematics@981956d94fb6)
    com.unity.collections@6.5.0 (location: C:\Users\IlyaKing\Desktop\MyTalkingMellstroy\My_Talking_Mellstroy\Library\PackageCache\com.unity.collections@a43cabe808ca)
[Subsystems] No new subsystems found in resolved package list.
[Package Manager] Done registering packages in 0.03 seconds
info: Microsoft.Hosting.Lifetime[14]
      Now listening on: http://localhost:80
info: Microsoft.Hosting.Lifetime[0]
      Application started. Press Ctrl+C to shut down.
info: Microsoft.Hosting.Lifetime[0]
      Hosting environment: Production
info: Microsoft.Hosting.Lifetime[0]
      Content root path: C:\Users\IlyaKing\Desktop\MyTalkingMellstroy\My_Talking_Mellstroy
info: Microsoft.AspNetCore.Hosting.Diagnostics[1]
      Request starting HTTP/2 POST http://ilpp/UnityILPP.PostProcessing/Ping - application/grpc -
info: Microsoft.AspNetCore.Routing.EndpointMiddleware[0]
      Executing endpoint 'gRPC - /UnityILPP.PostProcessing/Ping'
info: Microsoft.AspNetCore.Routing.EndpointMiddleware[1]
      Executed endpoint 'gRPC - /UnityILPP.PostProcessing/Ping'
info: Microsoft.AspNetCore.Hosting.Diagnostics[2]
      Request finished HTTP/2 POST http://ilpp/UnityILPP.PostProcessing/Ping - 200 - application/grpc 31.8381ms
Starting: C:\Program Files\Unity\Hub\Editor\6000.5.3f1\Editor\Data\Tools\BuildPipeline\bee_backend.exe --ipc --defer-dag-verification --dagfile="Library/Bee/1300b0aE.dag" --continue-on-failure --profile="Library/Bee/backend1.traceevents" ScriptAssemblies
WorkingDir: C:/Users/IlyaKing/Desktop/MyTalkingMellstroy/My_Talking_Mellstroy
info: Microsoft.AspNetCore.Hosting.Diagnostics[1]
      Request starting HTTP/2 POST http://ilpp/UnityILPP.PostProcessing/ConfigurePostProcessors - application/grpc -
info: Microsoft.AspNetCore.Routing.EndpointMiddleware[0]
      Executing endpoint 'gRPC - /UnityILPP.PostProcessing/ConfigurePostProcessors'
warn: Unity.ILPP.Runner.PostProcessingAssemblyLoadContext[0]
      Assembly system.runtime.interopservices.windowsruntime has duplicate hint path. Ignoring "C:\Program Files\Unity\Hub\Editor\6000.5.3f1\Editor\Data\UnityReferenceAssemblies\unity-4.8-api\Facades\System.Runtime.InteropServices.WindowsRuntime.dll" in favor of "C:\Program Files\Unity\Hub\Editor\6000.5.3f1\Editor\Data\NetStandard\Extensions\2.0.0\System.Runtime.InteropServices.WindowsRuntime.dll"
warn: Unity.ILPP.Runner.PostProcessingAssemblyLoadContext[0]
      Assembly system.componentmodel.composition has duplicate hint path. Ignoring "C:\Program Files\Unity\Hub\Editor\6000.5.3f1\Editor\Data\UnityReferenceAssemblies\unity-4.8-api\System.ComponentModel.Composition.dll" in favor of "C:\Program Files\Unity\Hub\Editor\6000.5.3f1\Editor\Data\NetStandard\compat\2.1.0\shims\netfx\System.ComponentModel.Composition.dll"
info: Unity.ILPP.Runner.PostProcessingAssemblyLoadContext[0]
      Resolved Unity.Burst.Cecil, Version=0.11.6.0, Culture=neutral, PublicKeyToken=50cebf1cceb9d05e with Library\PackageCache\com.unity.burst@6bb9aca3ef38\Unity.Burst.CodeGen\Unity.Burst.Cecil.dll
info: Unity.ILPP.Runner.PostProcessingAssemblyLoadContext[0]
      Resolved Mono.Cecil, Version=0.11.5.0, Culture=neutral, PublicKeyToken=50cebf1cceb9d05e with Library\PackageCache\com.unity.nuget.mono-cecil@ecb9724e46ff\Mono.Cecil.dll
info: Microsoft.AspNetCore.Routing.EndpointMiddleware[1]
      Executed endpoint 'gRPC - /UnityILPP.PostProcessing/ConfigurePostProcessors'
info: Microsoft.AspNetCore.Hosting.Diagnostics[2]
      Request finished HTTP/2 POST http://ilpp/UnityILPP.PostProcessing/ConfigurePostProcessors - 200 - application/grpc 64.8409ms
ExitCode: 0 Duration: 0s438ms
[ 863/1107  0s] ILPP-Configuration Library/ilpp-configuration.nevergeneratedoutput
*** Tundra build success (0.40 seconds), 1 items updated, 1107 evaluated
AssetDatabase: script compilation time: 0.956163s
Begin MonoManager ReloadAssembly
Refreshing native plugins compatible for Editor in 4.01 ms, found 5 plugins.
Native extension for iOS target not found
Native extension for Android target not found
Native extension for WindowsStandalone target not found
Refreshing native plugins compatible for Editor in 4.99 ms, found 5 plugins.
ScheduleIndexationOnStartup MainProcess:True IndexOnStartup:True
Mono: successfully reloaded assembly
- Finished resetting the current domain, in  3.840 seconds
Domain Reload Profiling: 5193ms
	BeginReloadAssembly (394ms)
		DisableScriptedObjects (32ms)
		CreateAndSetChildDomain (175ms)
	RebuildCommonClasses (14ms)
	RebuildNativeTypeToScriptingClass (21ms)
	initialDomainReloadingComplete (88ms)
	LoadAllAssembliesAndSetupDomain (835ms)
		LoadAssemblies (455ms)
		AnalyzeDomain (348ms)
			TypeCache.Refresh (237ms)
				TypeCache.ScanAssembly (221ms)
			BuildScriptInfoCaches (99ms)
			ResolveRequiredComponents (9ms)
	FinalizeReload (3842ms)
		SetupLoadedEditorAssemblies (0ms)
			InitializePlatformSupportModulesInManaged (19ms)
			BeforeProcessingInitializeOnLoad (107ms)
			ProcessInitializeOnLoadAttributes (3007ms)
			ProcessInitializeOnLoadMethodAttributes (429ms)
			AfterProcessingInitializeOnLoad (8ms)
		AwakeInstancesAfterBackupRestoration (26ms)
Starting new worker id: 0 with log in C:/Users/IlyaKing/Desktop/MyTalkingMellstroy/My_Talking_Mellstroy/Logs/AssetImportWorkerHW0.log

Asset Pipeline Refresh (id=d30c9791728b1374289c21df67d66cc3): Total: 7.126 seconds - Initiated by InitialRefreshV2(ForceSynchronousImport)
	(Values over 0.05ms)
	Summary:
		Imports: total=0 (actual=0, local cache=0, cache server=0)
		Asset DB Process Time: managed=0 ms, native=4565 ms
		Asset DB Callback time: managed=47 ms, native=31 ms
		Scripting: domain reloads=1, domain reload time=1443 ms, compile time=958 ms, other=81 ms
		Project Asset Count: scripts=1566, non-scripts=3215
		Asset File Changes: new=0, changed=0, moved=0, deleted=0
		Scan Filter Count: 0
	InvokePackagesCallback: 34.170ms
	ApplyChangesToAssetFolders: 0.985ms
	Scan: 147.689ms
	Collect global state as custom dependencies: 5.245ms
	CategorizeScriptCompilationAssets: 82.003ms
	ProcessAssetsWithTransientArtifactChanges: 106.975ms
	CategorizeAssets: 80.743ms
	CompileScripts: 957.847ms
	ImportOutOfDateAssets: 3942.521ms (3869.018ms without children)
		UnloadImportedAssets: 0.812ms
		EnsureUptoDateAssetsAreRegisteredWithGuidPM: 0.861ms
		ImportSchedulerStart: 71.788ms
	PostProcessAllAssets: 47.231ms
		MonoPostProcessAllAssets: 47.158ms
			UniversalRenderPipelineGlobalSettingsPostprocessor.OnPostprocessAllAssets 16.345ms
			SyncVS.PostprocessSyncProject 4.966ms
			SpeedTree9Postprocessor.OnPostprocessAllAssets 3.394ms
			WindowAssetPostprocessingWatcher.OnPostprocessAllAssets 3.249ms
			EditModeScopePostprocessor.OnPostprocessAllAssets 1.437ms
			RenderPipelineGlobalSettingsPostprocessor.OnPostprocessAllAssets 0.957ms
			ShaderReflectionAssetPostProcessor.OnPostprocessAllAssets 0.667ms
			InputActionAssetPostprocessor.OnPostprocessAllAssets 0.522ms
			TerrainToolbarOverlayPostProcessor.OnPostprocessAllAssets 0.362ms
			ReferencedClipsPostProcessor.OnPostprocessAllAssets 0.332ms
			ProjectSettingsPostprocessor.OnPostprocessAllAssets 0.320ms
			AssetDatabaseCallbacks.OnPostprocessAllAssets 0.226ms
	UnloadStreamsBegin: 4.153ms
	PersistCurrentRevisions: 0.123ms
	GenerateScriptTypeHashes: 3.337ms
	GenerateScriptTypeSerializationHashes: 6.578ms
	Untracked: 1708.714ms

Application.AssetDatabase Initial Refresh End
Launched and connected shader compiler UnityShaderCompiler.exe after 0.02 seconds
Scanning for USB devices : 14.514ms
Initializing Unity extensions:
[MODES] ModeService[none].Initialize
[MODES] ModeService[none].LoadModes
[MODES] Loading mode Default (0) for mode-current-id-My_Talking_Mellstroy
GetVirtualKey: Could not map char: z (122) to any virtual key
GetVirtualKey: Could not map char: y (121) to any virtual key
GetVirtualKey: Could not map char: x (120) to any virtual key
GetVirtualKey: Could not map char: c (99) to any virtual key
GetVirtualKey: Could not map char: v (118) to any virtual key
GetVirtualKey: Could not map char: V (86) to any virtual key
GetVirtualKey: Could not map char: d (100) to any virtual key
GetVirtualKey: Could not map char: f (102) to any virtual key
GetVirtualKey: Could not map char: f (102) to any virtual key
GetVirtualKey: Could not map char: a (97) to any virtual key
GetVirtualKey: Could not map char: d (100) to any virtual key
GetVirtualKey: Could not map char: c (99) to any virtual key
GetVirtualKey: Could not map char: r (114) to any virtual key
GetVirtualKey: Could not map char: i (105) to any virtual key
GetVirtualKey: Could not map char: l (108) to any virtual key
GetVirtualKey: Could not map char: f (102) to any virtual key
GetVirtualKey: Could not map char: k (107) to any virtual key
GetVirtualKey: Could not map char: p (112) to any virtual key
GetVirtualKey: Could not map char: p (112) to any virtual key
GetVirtualKey: Could not map char: p (112) to any virtual key
GetVirtualKey: Could not map char: c (99) to any virtual key
GetVirtualKey: Could not map char: r (114) to any virtual key
GetVirtualKey: Could not map char: P (80) to any virtual key
GetVirtualKey: Could not map char: n (110) to any virtual key
GetVirtualKey: Could not map char: n (110) to any virtual key
GetVirtualKey: Could not map char: g (103) to any virtual key
GetVirtualKey: Could not map char: f (102) to any virtual key
GetVirtualKey: Could not map char: f (102) to any virtual key
GetVirtualKey: Could not map char: a (97) to any virtual key
GetVirtualKey: Could not map char: a (97) to any virtual key
GetVirtualKey: Could not map char: n (110) to any virtual key
GetVirtualKey: Could not map char: o (111) to any virtual key
GetVirtualKey: Could not map char: s (115) to any virtual key
GetVirtualKey: Could not map char: s (115) to any virtual key
GetVirtualKey: Could not map char: b (98) to any virtual key
GetVirtualKey: Could not map char: b (98) to any virtual key
GetVirtualKey: Could not map char: c (99) to any virtual key
GetVirtualKey: Could not map char: u (117) to any virtual key
Unloading 28 Unused Serialized files (Serialized files now loaded: 0)
Loaded scene 'Assets/Scenes/Kipr.unity'
	Deserialize:            12.860 ms
	Integration:            300.111 ms
	Integration of assets:  2.369 ms
	Thread Wait Time:       0.846 ms
	Total Operation Time:   316.186 ms
Unloading 7205 unused Assets / (6.8 MB). Loaded Objects now: 8184.
Memory consumption went from 436.7 MB to 429.9 MB.
Total: 16.310000 ms (FindLiveObjects: 1.114300 ms CreateObjectMapping: 2.845500 ms MarkObjects: 8.309800 ms  DeleteObjects: 4.037400 ms)

[LAYOUT] About to load UserSettings\Layouts\default-6000.dwlt, keepMainWindow=False
[LAYOUT] About to save layout C:\Users\IlyaKing\Desktop\MyTalkingMellstroy\My_Talking_Mellstroy\UserSettings\Layouts\default-6000.dwlt
[LAYOUT] About to save layout C:/Users/IlyaKing/AppData/Roaming/Unity/Editor-5.x/Preferences\Layouts\current\default-6000.dwlt
[MODES] ModeService[default].InitializeCurrentMode
[MODES] ModeService[default].RaiseModeChanged(default, default)
This project uses Input Manager, which is marked for deprecation. To manage input in your project, use the <a href="https://docs.unity3d.com/Packages/com.unity.inputsystem@latest">Input System package</a> instead.
<RI> Initializing input.
Using Windows.Gaming.Input
<RI> Input initialized.
[Project] Loading completed in 15.229 seconds
	Project init time: 				11.969 seconds
		Template init time: 		0.000 seconds
		Package Manager init time: 		1.761 seconds
		Asset Database init time: 		0.355 seconds
		Global illumination init time: 	0.002 seconds
		Assemblies load time: 			1.165 seconds
		Unity extensions init time: 	0.048 seconds
		Asset Database refresh time: 	7.127 seconds
	Scene opening time: 			3.082 seconds
##utp:{"type":"ProjectInfo","version":2,"phase":"Immediate","time":1783676015087,"processId":24064,"projectLoad":15.2288145,"projectInit":11.9688163,"templateInit":0.0,"packageManagerInit":1.7611373,"assetDatabaseInit":0.3550592,"globalIlluminationInit":0.0023938,"assembliesLoad":1.1647754,"unityExtensionsInit":0.0477731,"assetDatabaseRefresh":7.1267686,"sceneOpening":3.0818445}
##utp:{"type":"EditorInfo","version":2,"phase":"Immediate","time":1783676015087,"processId":24064,"editorVersion":"6000.5.3f1 (c2eb47b3a2a9)","branch":"6000.5/staging","buildType":"Release","platform":"Windows"}
Worker ready: AssetImportWorkerHW0 0
Asset Pipeline Refresh (id=c55029b3e37936d44a6be691f9734a7c): Total: 0.167 seconds - Initiated by RefreshV2(AllowForceSynchronousImport)
Start Indexing on Editor startup
[Indexing] Starting Initial Indexing for Assets
Created GICache directory at C:/Users/IlyaKing/AppData/LocalLow/Unity/Caches/GiCache. Took: 0.026s, timestamps: [15.420 - 15.446]
[Licensing::Client] Successfully resolved entitlement details
[Licensing::Client] Successfully resolved entitlement details
[Licensing::Client] Successfully updated the access token
[Licensing::Module] Successfully updated access token: "uOeHR2Y_"... (expires: 2026-07-10T10:49:43Z)
[Licensing::Client] Successfully resolved entitlement details
Android Extension - Scanning For ADB Devices 2243 ms
Android Extension - Scanning For ADB Devices 215 ms
Attempted to call .Dispose on an already disposed CancellationTokenSource
Android Extension - Scanning For ADB Devices 193 ms
UPID Received '31959c1e-8824-4b36-aa93-33b06d99f255'.
Android Extension - Scanning For ADB Devices 191 ms
TrimDiskCacheJob: Current cache size 0mb
GetVirtualKey: Could not map char: x (120) to any virtual key
GetVirtualKey: Could not map char: c (99) to any virtual key
GetVirtualKey: Could not map char: v (118) to any virtual key
GetVirtualKey: Could not map char: d (100) to any virtual key
GetVirtualKey: Could not map char: f (102) to any virtual key
GetVirtualKey: Could not map char: f (102) to any virtual key
GetVirtualKey: Could not map char: a (97) to any virtual key
GetVirtualKey: Could not map char: P (80) to any virtual key
Starting new worker id: 1 with log in C:/Users/IlyaKing/Desktop/MyTalkingMellstroy/My_Talking_Mellstroy/Logs/AssetImportWorkerHW1.log
[Worker0] Imported GUID: 109e9bdd0fcc649c5bc59085c35bdc83 - Path: Assets/Scenes - Importer: PreviewImporter -> (ImportResultId: '101fdcffec55c7bdff9e25d31f802448') in 0.0258041 seconds
[Worker0] Imported GUID: 0220aab0833d04faeb927d84ca6cc40c - Path: Assets/Settings - Importer: PreviewImporter -> (ImportResultId: '620fe1d07e22aede09d33f57beba5d46') in 0.016271 seconds
[Worker0] Imported GUID: 7969a613f682b20499fd70757155c47c - Path: Assets/Sprites/Gemini_Generated_Image_e5w3dxe5w3dxe5w3 (1).png - Importer: PreviewImporter -> (ImportResultId: '6369b197714f4eabc0138e4258f24438') in 0.1330614 seconds
Worker ready: AssetImportWorkerHW1 1
GetVirtualKey: Could not map char: x (120) to any virtual key
GetVirtualKey: Could not map char: c (99) to any virtual key
GetVirtualKey: Could not map char: v (118) to any virtual key
GetVirtualKey: Could not map char: d (100) to any virtual key
GetVirtualKey: Could not map char: n (110) to any virtual key
GetVirtualKey: Could not map char: g (103) to any virtual key
GetVirtualKey: Could not map char: f (102) to any virtual key
GetVirtualKey: Could not map char: f (102) to any virtual key
GetVirtualKey: Could not map char: a (97) to any virtual key
Request Asset Garbage Collect because used heap size increased from 434.7 MB to 0.67 GB, exceeding the threshold of 256.0 MB.
Unloading 11 Unused Serialized files (Serialized files now loaded: 0)
Unloading 60 unused Assets / (17.2 MB). Loaded Objects now: 9393.
Memory consumption went from 0.67 GB to 0.66 GB.
Total: 23.790500 ms (FindLiveObjects: 0.745000 ms CreateObjectMapping: 1.332200 ms MarkObjects: 15.942000 ms  DeleteObjects: 5.769400 ms)

Importing 'GUID: 8c9cfa26abfee488c85f1582747f6a02 - Path: Assets/Scenes/Kipr.unity' with importer (DefaultImporter)
Imported 'GUID: 8c9cfa26abfee488c85f1582747f6a02' -> (Import Result ID: '3f31cecb867c567c3271c1c53b555dbd') in 0.009 seconds [static dependencies only]. Details - ImportResultOutputID=dac0adfaf570de8cf9b9a023b5e20b41 DependenciesID=401e91ee7297ddfeda3a39023cb17324 StaticDependenciesID=5ad20343dae9bd4c430972cf663c379c 
Refreshing native plugins compatible for Editor in 4.54 ms, found 5 plugins.
Asset Pipeline Refresh (id=0958831030d6a02468513e88de0f899b): Total: 0.237 seconds - Initiated by StopAssetImportingV2(NoUpdateAssetOptions)
[Worker0] Imported GUID: 8c9cfa26abfee488c85f1582747f6a02 - Path: Assets/Scenes/Kipr.unity - Importer: ScriptedImporter/UnityEditor.QuickSearchModule:UnityEditor.Search:ASIAI0B -> (ImportResultId: 'd714b506e1790c52729b9624d193bd2f') in 0.0759293 seconds
MonoPathRemapper: Attempts to remap: 57681; Successful remaps: 22874
Serialized file version minimum: 22, current 23
[LAYOUT] About to save layout C:\Users\IlyaKing\Desktop\MyTalkingMellstroy\My_Talking_Mellstroy\UserSettings\Layouts\default-6000.dwlt
[LAYOUT] About to save layout C:/Users/IlyaKing/AppData/Roaming/Unity/Editor-5.x/Preferences\Layouts\current\default-6000.dwlt
Killing ADB server in 0,0512193 seconds.
Input System module state changed to: ShutdownInProgress.
Input Polling Thread exited.
Input System module state changed to: Shutdown.
[Physics::Module] Cleanup current backend.
[Physics::Module] Id: 0xf2b8ea05
[Licensing::IpcConnector] LicenseClient-IlyaKing-6000.5.3-notifications channel disconnected successfully.
[Licensing::IpcConnector] LicenseClient-IlyaKing-6000.5.3 channel disconnected successfully.
Shut down.
AcceleratorClientConnectionCallback - disconnected - :0
Cleanup mono
CodeReloadManager destroyed
debugger-agent: Unable to listen on 4872
[usbmuxd] Stop listen thread
[usbmuxd] Listen thread exiting
Checking for leaked weakptr:
  Found no leaked weakptrs.
[Package Manager] Server process was shutdown
##utp:{"type":"MemoryLeaks","version":2,"phase":"Immediate","time":1783676525063,"processId":24064,"allocatedMemory":52533806,"memoryLabels":[{"Default":228569},{"Permanent":15516},{"NewDelete":66893},{"Thread":4205688},{"Manager":820232},{"VertexData":8},{"Geometry":816},{"Texture":24},{"Shader":858975},{"Material":1424},{"GfxDevice":69464},{"GfxThread":1536},{"Animation":952},{"Audio":1544},{"FreeType":8},{"FontEngine":736},{"Physics":2146},{"Physics2D":16},{"Serialization":258504},{"Input":45280},{"JobScheduler":256},{"TextLib":19030},{"Mono":48},{"MonoCode":128},{"ScriptingNativeRuntime":1620644},{"BaseObject":1678513},{"Resource":1208},{"Renderer":3080},{"Transform":4685},{"File":36676},{"WebCam":616},{"Culling":32},{"Terrain":11442},{"Wind":24},{"STL":40},{"String":9831},{"StaticString":3808},{"Utility":2673450},{"Curl":48},{"PoolAlloc":2360},{"AI":80},{"TypeTree":21037},{"CodeReload":448},{"RuntimeInitializeOnLoadManager":64},{"Sprites":102},{"SpriteAtlas":120},{"GI":7816},{"Director":8296},{"CloudService":7096},{"WebRequest":10616},{"VR":47114},{"SceneManager":608},{"Video":208},{"LazyScriptCache":32},{"NativeArray":33084620},{"Camera":17},{"Secure":265},{"SerializationCache":1576},{"APIUpdating":10320},{"Subsystems":336},{"VirtualTexturing":57888},{"StaticSafetyDebugInfo":278528},{"Analytics":552},{"Hierarchy":1176},{"UIElements":1017472},{"CoreStats":13688},{"Identifiers":6768},{"Gui":496},{"EditorUtility":203694},{"VersionControl":8},{"Undo":931},{"AssetDatabase":5055212},{"AssetImporter":40},{"EditorGi":328},{"UnityConnect":35346},{"Upm":1988},{"UpmDiagnostics":8},{"AssetCompliance":64},{"DrivenProperties":72},{"LocalIPC":214},{"ProfilerEditor":9746},{"CoreBusinessMetrics":3486},{"Windowing":456},{"Licensing":664},{"AssetReference":32},{"IPCStream":32}]}
