[2026-07-12T18:11:14.056Z][INFO] Command-line: 'C:\\Program Files\\Unity\\Hub\\Editor\\6000.5.3f1\\Editor\\Data\\Resources\\PackageManager\\Server\\UnityPackageManager.exe' server -s 20996 --ipc-path Unity-Upm-20996 -l 2 --log-file C:\\Users\\IlyaKing\\Desktop\\MyTalkingMellstroy\\My_Talking_Mellstroy/Logs/upm.log
[2026-07-12T18:11:14.105Z][INFO] IPC server started (IPC path=Unity-Upm-20996).
[2026-07-12T18:11:14.105Z][INFO] Hint: To connect to this UPM instance, launch Unity with the command-line parameter -upmIpcPath Upm-20996.
[2026-07-12T18:11:25.589Z][INFO] project:list-packages <-- Request received
params: {}
[2026-07-12T18:11:25.725Z][INFO] project:list-packages <-- Request received
params: {}
[2026-07-12T18:11:25.739Z][INFO] config:project:get-registries <-- Request received
params: {}
[2026-07-12T18:11:26.246Z][INFO] config:project:get-registries --> 200 (507 ms)
[2026-07-12T18:11:26.611Z][INFO] project:list-packages --> 200 (1022 ms)
[2026-07-12T18:11:26.616Z][INFO] project:list-packages --> 200 (891 ms)
[2026-07-12T18:11:34.593Z][INFO] project:list-packages <-- Request received
params: {}
[2026-07-12T18:11:34.641Z][INFO] project:list-packages <-- Request received
params: {}
[2026-07-12T18:11:34.980Z][INFO] project:list-packages --> 200 (387 ms)
[2026-07-12T18:11:35.023Z][INFO] project:list-packages --> 200 (382 ms)
[2026-07-12T18:11:37.953Z][INFO] project:list-packages <-- Request received
params: {}
[2026-07-12T18:11:38.172Z][INFO] project:list-packages --> 200 (219 ms)
[2026-07-12T18:11:39.049Z][INFO] config:project:get-registries <-- Request received
params: {}
[2026-07-12T18:11:39.056Z][INFO] config:project:get-registries --> 200 (7 ms)
[2026-07-12T18:11:46.847Z][INFO] project:list-packages <-- Request received
params: {}
[2026-07-12T18:11:47.077Z][INFO] project:list-packages --> 200 (230 ms)
[2026-07-12T18:17:26.217Z][INFO] project:list-packages <-- Request received
params: {}
[2026-07-12T18:17:26.519Z][INFO] project:list-packages --> 200 (303 ms)
[2026-07-12T18:17:26.601Z][INFO] project:list-packages <-- Request received
params: {}
[2026-07-12T18:17:26.840Z][INFO] config:project:get-registries <-- Request received
params: {}
[2026-07-12T18:17:26.856Z][INFO] project:list-packages --> 200 (254 ms)
[2026-07-12T18:17:26.857Z][INFO] config:project:get-registries --> 200 (17 ms)
[2026-07-12T18:19:04.510Z][INFO] project:list-packages <-- Request received
params: {}
[2026-07-12T18:19:04.731Z][INFO] project:list-packages --> 200 (221 ms)
[2026-07-12T18:19:04.844Z][INFO] project:list-packages <-- Request received
params: {}
[2026-07-12T18:19:05.045Z][INFO] config:project:get-registries <-- Request received
params: {}
[2026-07-12T18:19:05.097Z][INFO] project:list-packages --> 200 (253 ms)
[2026-07-12T18:19:05.098Z][INFO] config:project:get-registries --> 200 (53 ms)
[2026-07-12T19:31:30.057Z][INFO] project:list-packages <-- Request received
params: {}
[2026-07-12T19:31:30.439Z][INFO] project:list-packages <-- Request received
params: {}
[2026-07-12T19:31:30.645Z][INFO] config:project:get-registries <-- Request received
params: {}
[2026-07-12T19:31:30.678Z][INFO] config:project:get-registries --> 200 (33 ms)
[2026-07-12T19:31:30.928Z][INFO] project:list-packages --> 200 (871 ms)
[2026-07-12T19:31:30.930Z][INFO] project:list-packages --> 200 (490 ms)
[2026-07-12T19:32:04.500Z][INFO] project:list-packages <-- Request received
params: {}
[2026-07-12T19:32:04.721Z][INFO] project:list-packages --> 200 (221 ms)
[2026-07-12T19:32:04.838Z][INFO] project:list-packages <-- Request received
params: {}
[2026-07-12T19:32:05.045Z][INFO] config:project:get-registries <-- Request received
params: {}
[2026-07-12T19:32:05.086Z][INFO] project:list-packages --> 200 (248 ms)
[2026-07-12T19:32:05.087Z][INFO] config:project:get-registries --> 200 (42 ms)
[2026-07-12T19:32:19.249Z][INFO] project:list-packages <-- Request received
params: {}
[2026-07-12T19:32:19.463Z][INFO] project:list-packages --> 200 (214 ms)
[2026-07-12T19:32:19.590Z][INFO] project:list-packages <-- Request received
params: {}
[2026-07-12T19:32:19.797Z][INFO] config:project:get-registries <-- Request received
params: {}
[2026-07-12T19:32:19.814Z][INFO] project:list-packages --> 200 (224 ms)
[2026-07-12T19:32:19.815Z][INFO] config:project:get-registries --> 200 (18 ms)
[2026-07-12T19:32:46.577Z][INFO] project:list-packages <-- Request received
params: {}
[2026-07-12T19:32:46.810Z][INFO] project:list-packages --> 200 (233 ms)
[2026-07-12T19:32:46.932Z][INFO] project:list-packages <-- Request received
params: {}
[2026-07-12T19:32:47.165Z][INFO] config:project:get-registries <-- Request received
params: {}
[2026-07-12T19:32:47.185Z][INFO] project:list-packages --> 200 (252 ms)
[2026-07-12T19:32:47.186Z][INFO] config:project:get-registries --> 200 (21 ms)
[2026-07-12T19:33:40.476Z][INFO] project:list-packages <-- Request received
params: {}
[2026-07-12T19:33:40.680Z][INFO] project:list-packages --> 200 (204 ms)
[2026-07-12T19:33:40.803Z][INFO] project:list-packages <-- Request received
params: {}
[2026-07-12T19:33:40.997Z][INFO] config:project:get-registries <-- Request received
params: {}
[2026-07-12T19:33:41.036Z][INFO] project:list-packages --> 200 (233 ms)
[2026-07-12T19:33:41.037Z][INFO] config:project:get-registries --> 200 (40 ms)
[2026-07-12T19:35:31.791Z][INFO] project:list-packages <-- Request received
params: {}
[2026-07-12T19:35:32.006Z][INFO] project:list-packages --> 200 (215 ms)
[2026-07-12T19:35:32.126Z][INFO] project:list-packages <-- Request received
params: {}
[2026-07-12T19:35:32.343Z][INFO] config:project:get-registries <-- Request received
params: {}
[2026-07-12T19:35:32.357Z][INFO] project:list-packages --> 200 (231 ms)
[2026-07-12T19:35:32.361Z][INFO] config:project:get-registries --> 200 (18 ms)
[2026-07-12T20:00:57.516Z][INFO] project:list-packages <-- Request received
params: {}
[2026-07-12T20:00:57.742Z][INFO] project:list-packages --> 200 (226 ms)
[2026-07-12T20:00:57.848Z][INFO] project:list-packages <-- Request received
params: {}
[2026-07-12T20:00:58.063Z][INFO] config:project:get-registries <-- Request received
params: {}
[2026-07-12T20:00:58.081Z][INFO] project:list-packages --> 200 (233 ms)
[2026-07-12T20:00:58.083Z][INFO] config:project:get-registries --> 200 (20 ms)
[2026-07-12T20:03:01.859Z][INFO] project:list-packages <-- Request received
params: {}
[2026-07-12T20:03:02.088Z][INFO] project:list-packages --> 200 (229 ms)
[2026-07-12T20:03:02.201Z][INFO] project:list-packages <-- Request received
params: {}
[2026-07-12T20:03:02.430Z][INFO] config:project:get-registries <-- Request received
params: {}
[2026-07-12T20:03:02.453Z][INFO] project:list-packages --> 200 (252 ms)
[2026-07-12T20:03:02.455Z][INFO] config:project:get-registries --> 200 (24 ms)
[2026-07-12T20:03:19.837Z][INFO] project:list-packages <-- Request received
params: {}
[2026-07-12T20:03:20.055Z][INFO] project:list-packages --> 200 (218 ms)
[2026-07-12T20:03:20.185Z][INFO] project:list-packages <-- Request received
params: {}
[2026-07-12T20:03:20.400Z][INFO] config:project:get-registries <-- Request received
params: {}
[2026-07-12T20:03:20.413Z][INFO] project:list-packages --> 200 (228 ms)
[2026-07-12T20:03:20.417Z][INFO] config:project:get-registries --> 200 (17 ms)
[2026-07-12T20:26:15.102Z][INFO] project:list-packages <-- Request received
params: {}
[2026-07-12T20:26:15.323Z][INFO] project:list-packages --> 200 (222 ms)
[2026-07-12T20:26:15.461Z][INFO] project:list-packages <-- Request received
params: {}
[2026-07-12T20:26:15.669Z][INFO] config:project:get-registries <-- Request received
params: {}
[2026-07-12T20:26:15.681Z][INFO] project:list-packages --> 200 (220 ms)
[2026-07-12T20:26:15.683Z][INFO] config:project:get-registries --> 200 (13 ms)
